/homes/jaredcbothwell/virtualenvs/cuda/lib/python3.9/site-packages/numba/cuda/dispatcher.py:488: NumbaPerformanceWarning: Grid size 65 will likely result in GPU under-utilization due to low occupancy.
  warn(NumbaPerformanceWarning(msg))
/homes/jaredcbothwell/virtualenvs/cuda/lib/python3.9/site-packages/numba/cuda/dispatcher.py:488: NumbaPerformanceWarning: Grid size 33 will likely result in GPU under-utilization due to low occupancy.
  warn(NumbaPerformanceWarning(msg))
/homes/jaredcbothwell/virtualenvs/cuda/lib/python3.9/site-packages/numba/cuda/dispatcher.py:488: NumbaPerformanceWarning: Grid size 17 will likely result in GPU under-utilization due to low occupancy.
  warn(NumbaPerformanceWarning(msg))
/homes/jaredcbothwell/virtualenvs/cuda/lib/python3.9/site-packages/numba/cuda/dispatcher.py:488: NumbaPerformanceWarning: Grid size 9 will likely result in GPU under-utilization due to low occupancy.
  warn(NumbaPerformanceWarning(msg))
/homes/jaredcbothwell/virtualenvs/cuda/lib/python3.9/site-packages/numba/cuda/dispatcher.py:488: NumbaPerformanceWarning: Grid size 5 will likely result in GPU under-utilization due to low occupancy.
  warn(NumbaPerformanceWarning(msg))
/homes/jaredcbothwell/virtualenvs/cuda/lib/python3.9/site-packages/numba/cuda/dispatcher.py:488: NumbaPerformanceWarning: Grid size 3 will likely result in GPU under-utilization due to low occupancy.
  warn(NumbaPerformanceWarning(msg))
/homes/jaredcbothwell/virtualenvs/cuda/lib/python3.9/site-packages/numba/cuda/dispatcher.py:488: NumbaPerformanceWarning: Grid size 2 will likely result in GPU under-utilization due to low occupancy.
  warn(NumbaPerformanceWarning(msg))
/homes/jaredcbothwell/virtualenvs/cuda/lib/python3.9/site-packages/numba/cuda/dispatcher.py:488: NumbaPerformanceWarning: Grid size 1 will likely result in GPU under-utilization due to low occupancy.
  warn(NumbaPerformanceWarning(msg))
length: 25000 -----------------------------------------
read data
calculated distances
it: 0, sigma: 980506836992.0
it: 1, sigma: 1069599488.0
it: 2, sigma: 433689504.0
it: 3, sigma: 373210112.0
it: 4, sigma: 334455808.0
it: 5, sigma: 305145248.0
it: 6, sigma: 280217312.0
it: 7, sigma: 258355936.0
it: 8, sigma: 239833472.0
it: 9, sigma: 224550656.0
it: 10, sigma: 211940704.0
it: 11, sigma: 201467296.0
it: 12, sigma: 192744608.0
it: 13, sigma: 185474656.0
it: 14, sigma: 179399200.0
it: 15, sigma: 174298656.0
it: 16, sigma: 169992128.0
it: 17, sigma: 166320464.0
it: 18, sigma: 163159408.0
it: 19, sigma: 160419216.0
it: 20, sigma: 158028896.0
it: 21, sigma: 155928416.0
it: 22, sigma: 154066752.0
it: 23, sigma: 152400672.0
it: 24, sigma: 150893088.0
it: 25, sigma: 149513504.0
it: 26, sigma: 148236912.0
it: 27, sigma: 147042528.0
it: 28, sigma: 145913360.0
it: 29, sigma: 144834496.0
it: 30, sigma: 143790672.0
it: 31, sigma: 142767296.0
it: 32, sigma: 141750656.0
it: 33, sigma: 140728512.0
it: 34, sigma: 139691872.0
it: 35, sigma: 138635568.0
it: 36, sigma: 137557056.0
it: 37, sigma: 136452720.0
it: 38, sigma: 135317600.0
it: 39, sigma: 134144880.0
it: 40, sigma: 132928152.0
it: 41, sigma: 131663512.0
it: 42, sigma: 130351248.0
it: 43, sigma: 128997536.0
it: 44, sigma: 127609056.0
it: 45, sigma: 126186336.0
it: 46, sigma: 124723648.0
it: 47, sigma: 123216264.0
it: 48, sigma: 121664496.0
it: 49, sigma: 120075536.0
it: 50, sigma: 118459080.0
it: 51, sigma: 116824656.0
it: 52, sigma: 115181920.0
it: 53, sigma: 113529920.0
it: 54, sigma: 111860424.0
it: 55, sigma: 110171592.0
it: 56, sigma: 108472448.0
it: 57, sigma: 106779400.0
it: 58, sigma: 105111712.0
it: 59, sigma: 103485776.0
it: 60, sigma: 101910896.0
it: 61, sigma: 100381424.0
it: 62, sigma: 98885456.0
it: 63, sigma: 97417120.0
it: 64, sigma: 95976568.0
it: 65, sigma: 94574320.0
it: 66, sigma: 93227744.0
it: 67, sigma: 91950112.0
it: 68, sigma: 90735072.0
it: 69, sigma: 89562336.0
it: 70, sigma: 88417256.0
it: 71, sigma: 87297056.0
it: 72, sigma: 86195864.0
it: 73, sigma: 85114472.0
it: 74, sigma: 84062640.0
it: 75, sigma: 83039168.0
it: 76, sigma: 82031304.0
it: 77, sigma: 81035744.0
it: 78, sigma: 80068568.0
it: 79, sigma: 79143912.0
it: 80, sigma: 78258928.0
it: 81, sigma: 77404160.0
it: 82, sigma: 76572480.0
it: 83, sigma: 75766544.0
it: 84, sigma: 74985296.0
it: 85, sigma: 74223368.0
it: 86, sigma: 73482632.0
it: 87, sigma: 72776272.0
it: 88, sigma: 72111936.0
it: 89, sigma: 71487040.0
it: 90, sigma: 70897968.0
it: 91, sigma: 70340656.0
it: 92, sigma: 69802720.0
it: 93, sigma: 69268064.0
it: 94, sigma: 68729224.0
it: 95, sigma: 68189064.0
it: 96, sigma: 67655928.0
it: 97, sigma: 67136896.0
it: 98, sigma: 66634900.0
it: 99, sigma: 66147388.0
it: 100, sigma: 65671552.0
it: 101, sigma: 65208944.0
it: 102, sigma: 64759316.0
it: 103, sigma: 64321184.0
it: 104, sigma: 63894980.0
it: 105, sigma: 63484136.0
it: 106, sigma: 63095748.0
it: 107, sigma: 62733112.0
it: 108, sigma: 62392516.0
it: 109, sigma: 62067116.0
it: 110, sigma: 61754224.0
it: 111, sigma: 61454164.0
it: 112, sigma: 61162256.0
it: 113, sigma: 60870440.0
it: 114, sigma: 60572852.0
it: 115, sigma: 60266808.0
it: 116, sigma: 59955428.0
it: 117, sigma: 59646816.0
it: 118, sigma: 59348736.0
it: 119, sigma: 59064248.0
it: 120, sigma: 58790264.0
it: 121, sigma: 58521228.0
it: 122, sigma: 58255828.0
it: 123, sigma: 57998552.0
it: 124, sigma: 57749344.0
it: 125, sigma: 57502768.0
it: 126, sigma: 57253736.0
it: 127, sigma: 57004064.0
it: 128, sigma: 56761348.0
it: 129, sigma: 56529872.0
it: 130, sigma: 56307936.0
it: 131, sigma: 56094488.0
it: 132, sigma: 55892612.0
it: 133, sigma: 55703736.0
it: 134, sigma: 55525456.0
it: 135, sigma: 55354740.0
it: 136, sigma: 55189308.0
it: 137, sigma: 55026544.0
it: 138, sigma: 54863328.0
it: 139, sigma: 54697948.0
it: 140, sigma: 54530160.0
it: 141, sigma: 54359220.0
it: 142, sigma: 54186712.0
it: 143, sigma: 54017164.0
it: 144, sigma: 53855608.0
it: 145, sigma: 53704888.0
it: 146, sigma: 53565644.0
it: 147, sigma: 53433996.0
it: 148, sigma: 53306528.0
it: 149, sigma: 53182732.0
it: 150, sigma: 53062784.0
it: 151, sigma: 52946840.0
it: 152, sigma: 52834728.0
it: 153, sigma: 52726144.0
it: 154, sigma: 52620920.0
it: 155, sigma: 52518864.0
it: 156, sigma: 52419168.0
it: 157, sigma: 52320492.0
it: 158, sigma: 52221880.0
it: 159, sigma: 52123020.0
it: 160, sigma: 52024312.0
it: 161, sigma: 51924912.0
it: 162, sigma: 51822564.0
it: 163, sigma: 51715412.0
it: 164, sigma: 51607152.0
it: 165, sigma: 51506404.0
it: 166, sigma: 51416652.0
it: 167, sigma: 51333880.0
it: 168, sigma: 51254736.0
it: 169, sigma: 51178352.0
it: 170, sigma: 51104088.0
it: 171, sigma: 51030672.0
it: 172, sigma: 50955792.0
it: 173, sigma: 50876004.0
it: 174, sigma: 50788408.0
it: 175, sigma: 50694976.0
it: 176, sigma: 50605448.0
it: 177, sigma: 50529200.0
it: 178, sigma: 50465064.0
it: 179, sigma: 50407424.0
it: 180, sigma: 50353252.0
it: 181, sigma: 50301216.0
it: 182, sigma: 50250592.0
it: 183, sigma: 50200788.0
it: 184, sigma: 50151248.0
it: 185, sigma: 50101496.0
it: 186, sigma: 50051708.0
it: 187, sigma: 50002524.0
it: 188, sigma: 49953928.0
it: 189, sigma: 49906148.0
it: 190, sigma: 49860776.0
it: 191, sigma: 49819296.0
it: 192, sigma: 49781980.0
it: 193, sigma: 49747896.0
it: 194, sigma: 49715472.0
it: 195, sigma: 49682728.0
it: 196, sigma: 49647688.0
it: 197, sigma: 49609796.0
it: 198, sigma: 49570456.0
it: 199, sigma: 49531668.0
it: 200, sigma: 49494664.0
it: 201, sigma: 49459656.0
it: 202, sigma: 49426648.0
it: 203, sigma: 49395800.0
it: 204, sigma: 49367212.0
it: 205, sigma: 49340848.0
it: 206, sigma: 49316400.0
it: 207, sigma: 49293416.0
it: 208, sigma: 49271248.0
it: 209, sigma: 49249192.0
it: 210, sigma: 49226644.0
it: 211, sigma: 49202968.0
it: 212, sigma: 49177624.0
it: 213, sigma: 49150280.0
it: 214, sigma: 49120992.0
it: 215, sigma: 49090492.0
it: 216, sigma: 49060096.0
it: 217, sigma: 49030976.0
it: 218, sigma: 49003772.0
it: 219, sigma: 48978560.0
it: 220, sigma: 48955224.0
it: 221, sigma: 48933624.0
it: 222, sigma: 48913472.0
it: 223, sigma: 48894432.0
it: 224, sigma: 48876056.0
it: 225, sigma: 48857672.0
it: 226, sigma: 48838448.0
it: 227, sigma: 48817428.0
it: 228, sigma: 48793736.0
it: 229, sigma: 48766548.0
it: 230, sigma: 48735312.0
it: 231, sigma: 48700136.0
it: 232, sigma: 48661360.0
it: 233, sigma: 48620112.0
it: 234, sigma: 48579020.0
it: 235, sigma: 48541540.0
it: 236, sigma: 48509732.0
it: 237, sigma: 48483224.0
it: 238, sigma: 48460568.0
it: 239, sigma: 48440340.0
it: 240, sigma: 48420756.0
it: 241, sigma: 48399580.0
it: 242, sigma: 48374520.0
it: 243, sigma: 48346588.0
it: 244, sigma: 48321124.0
it: 245, sigma: 48300804.0
it: 246, sigma: 48282540.0
it: 247, sigma: 48262872.0
it: 248, sigma: 48239856.0
it: 249, sigma: 48213728.0
it: 250, sigma: 48187560.0
it: 251, sigma: 48164604.0
it: 252, sigma: 48144696.0
it: 253, sigma: 48125764.0
it: 254, sigma: 48106072.0
it: 255, sigma: 48084768.0
it: 256, sigma: 48061520.0
it: 257, sigma: 48036204.0
it: 258, sigma: 48008832.0
it: 259, sigma: 47979716.0
it: 260, sigma: 47949704.0
it: 261, sigma: 47920088.0
it: 262, sigma: 47892304.0
it: 263, sigma: 47866912.0
it: 264, sigma: 47843712.0
it: 265, sigma: 47822304.0
it: 266, sigma: 47802352.0
it: 267, sigma: 47783248.0
it: 268, sigma: 47764372.0
it: 269, sigma: 47744876.0
it: 270, sigma: 47723572.0
it: 271, sigma: 47698992.0
it: 272, sigma: 47670376.0
it: 273, sigma: 47640684.0
it: 274, sigma: 47615744.0
it: 275, sigma: 47597664.0
it: 276, sigma: 47583768.0
it: 277, sigma: 47571812.0
it: 278, sigma: 47560920.0
it: 279, sigma: 47550780.0
it: 280, sigma: 47541288.0
it: 281, sigma: 47532448.0
it: 282, sigma: 47524236.0
it: 283, sigma: 47516648.0
it: 284, sigma: 47509652.0
it: 285, sigma: 47503224.0
it: 286, sigma: 47497336.0
it: 287, sigma: 47491940.0
it: 288, sigma: 47486960.0
it: 289, sigma: 47482388.0
it: 290, sigma: 47478168.0
it: 291, sigma: 47474272.0
it: 292, sigma: 47470608.0
it: 293, sigma: 47467060.0
it: 294, sigma: 47463492.0
it: 295, sigma: 47459736.0
it: 296, sigma: 47455560.0
it: 297, sigma: 47450720.0
it: 298, sigma: 47445008.0
it: 299, sigma: 47438308.0
it: 300, sigma: 47430632.0
init 1 lasted 300 iterations. final sigma: 47430632.0
it: 0, sigma: 970675322880.0
it: 1, sigma: 1080156928.0
it: 2, sigma: 431999776.0
it: 3, sigma: 372531968.0
it: 4, sigma: 334753728.0
it: 5, sigma: 306098688.0
it: 6, sigma: 281889152.0
it: 7, sigma: 260701568.0
it: 8, sigma: 242674976.0
it: 9, sigma: 227663952.0
it: 10, sigma: 215135008.0
it: 11, sigma: 204609600.0
it: 12, sigma: 195735424.0
it: 13, sigma: 188252528.0
it: 14, sigma: 181935712.0
it: 15, sigma: 176570560.0
it: 16, sigma: 171976928.0
it: 17, sigma: 168022816.0
it: 18, sigma: 164608944.0
it: 19, sigma: 161656352.0
it: 20, sigma: 159106688.0
it: 21, sigma: 156900832.0
it: 22, sigma: 154973440.0
it: 23, sigma: 153269056.0
it: 24, sigma: 151746064.0
it: 25, sigma: 150372192.0
it: 26, sigma: 149120432.0
it: 27, sigma: 147967712.0
it: 28, sigma: 146893728.0
it: 29, sigma: 145881248.0
it: 30, sigma: 144915904.0
it: 31, sigma: 143985296.0
it: 32, sigma: 143079872.0
it: 33, sigma: 142191888.0
it: 34, sigma: 141313824.0
it: 35, sigma: 140438944.0
it: 36, sigma: 139560352.0
it: 37, sigma: 138671248.0
it: 38, sigma: 137765824.0
it: 39, sigma: 136840416.0
it: 40, sigma: 135892320.0
it: 41, sigma: 134919424.0
it: 42, sigma: 133918568.0
it: 43, sigma: 132888648.0
it: 44, sigma: 131830432.0
it: 45, sigma: 130746736.0
it: 46, sigma: 129641672.0
it: 47, sigma: 128517648.0
it: 48, sigma: 127378192.0
it: 49, sigma: 126225904.0
it: 50, sigma: 125061248.0
it: 51, sigma: 123880584.0
it: 52, sigma: 122678584.0
it: 53, sigma: 121452768.0
it: 54, sigma: 120208064.0
it: 55, sigma: 118954688.0
it: 56, sigma: 117697104.0
it: 57, sigma: 116436304.0
it: 58, sigma: 115170240.0
it: 59, sigma: 113895616.0
it: 60, sigma: 112612368.0
it: 61, sigma: 111325632.0
it: 62, sigma: 110035152.0
it: 63, sigma: 108737208.0
it: 64, sigma: 107426080.0
it: 65, sigma: 106101648.0
it: 66, sigma: 104772224.0
it: 67, sigma: 103453504.0
it: 68, sigma: 102159760.0
it: 69, sigma: 100898032.0
it: 70, sigma: 99669952.0
it: 71, sigma: 98472152.0
it: 72, sigma: 97296920.0
it: 73, sigma: 96135576.0
it: 74, sigma: 94987992.0
it: 75, sigma: 93863832.0
it: 76, sigma: 92771936.0
it: 77, sigma: 91710480.0
it: 78, sigma: 90665800.0
it: 79, sigma: 89622904.0
it: 80, sigma: 88578864.0
it: 81, sigma: 87541320.0
it: 82, sigma: 86518128.0
it: 83, sigma: 85515952.0
it: 84, sigma: 84549720.0
it: 85, sigma: 83633104.0
it: 86, sigma: 82764192.0
it: 87, sigma: 81928200.0
it: 88, sigma: 81118576.0
it: 89, sigma: 80337096.0
it: 90, sigma: 79581536.0
it: 91, sigma: 78842672.0
it: 92, sigma: 78105224.0
it: 93, sigma: 77359384.0
it: 94, sigma: 76608208.0
it: 95, sigma: 75872328.0
it: 96, sigma: 75176576.0
it: 97, sigma: 74529680.0
it: 98, sigma: 73919376.0
it: 99, sigma: 73329664.0
it: 100, sigma: 72755288.0
it: 101, sigma: 72201920.0
it: 102, sigma: 71676352.0
it: 103, sigma: 71179552.0
it: 104, sigma: 70703800.0
it: 105, sigma: 70239072.0
it: 106, sigma: 69785264.0
it: 107, sigma: 69348816.0
it: 108, sigma: 68929904.0
it: 109, sigma: 68525256.0
it: 110, sigma: 68133000.0
it: 111, sigma: 67750720.0
it: 112, sigma: 67378816.0
it: 113, sigma: 67018596.0
it: 114, sigma: 66667868.0
it: 115, sigma: 66323048.0
it: 116, sigma: 65980328.0
it: 117, sigma: 65634800.0
it: 118, sigma: 65281768.0
it: 119, sigma: 64921864.0
it: 120, sigma: 64561352.0
it: 121, sigma: 64212184.0
it: 122, sigma: 63885904.0
it: 123, sigma: 63583348.0
it: 124, sigma: 63296432.0
it: 125, sigma: 63016224.0
it: 126, sigma: 62735396.0
it: 127, sigma: 62452144.0
it: 128, sigma: 62170940.0
it: 129, sigma: 61901648.0
it: 130, sigma: 61650280.0
it: 131, sigma: 61413752.0
it: 132, sigma: 61185404.0
it: 133, sigma: 60959080.0
it: 134, sigma: 60730144.0
it: 135, sigma: 60494608.0
it: 136, sigma: 60250120.0
it: 137, sigma: 59996824.0
it: 138, sigma: 59739980.0
it: 139, sigma: 59487712.0
it: 140, sigma: 59244904.0
it: 141, sigma: 59009524.0
it: 142, sigma: 58777240.0
it: 143, sigma: 58549848.0
it: 144, sigma: 58332208.0
it: 145, sigma: 58126644.0
it: 146, sigma: 57933976.0
it: 147, sigma: 57752452.0
it: 148, sigma: 57580088.0
it: 149, sigma: 57418672.0
it: 150, sigma: 57269728.0
it: 151, sigma: 57130672.0
it: 152, sigma: 56996736.0
it: 153, sigma: 56862200.0
it: 154, sigma: 56720384.0
it: 155, sigma: 56567492.0
it: 156, sigma: 56409244.0
it: 157, sigma: 56253008.0
it: 158, sigma: 56097752.0
it: 159, sigma: 55939804.0
it: 160, sigma: 55781500.0
it: 161, sigma: 55629560.0
it: 162, sigma: 55490368.0
it: 163, sigma: 55364612.0
it: 164, sigma: 55247608.0
it: 165, sigma: 55133592.0
it: 166, sigma: 55019864.0
it: 167, sigma: 54905000.0
it: 168, sigma: 54788224.0
it: 169, sigma: 54670864.0
it: 170, sigma: 54554072.0
it: 171, sigma: 54437528.0
it: 172, sigma: 54320024.0
it: 173, sigma: 54202944.0
it: 174, sigma: 54090352.0
it: 175, sigma: 53984844.0
it: 176, sigma: 53884568.0
it: 177, sigma: 53786504.0
it: 178, sigma: 53688828.0
it: 179, sigma: 53591280.0
it: 180, sigma: 53494116.0
it: 181, sigma: 53397388.0
it: 182, sigma: 53300588.0
it: 183, sigma: 53203648.0
it: 184, sigma: 53107296.0
it: 185, sigma: 53012416.0
it: 186, sigma: 52917988.0
it: 187, sigma: 52821572.0
it: 188, sigma: 52722184.0
it: 189, sigma: 52620844.0
it: 190, sigma: 52518820.0
it: 191, sigma: 52415712.0
it: 192, sigma: 52314152.0
it: 193, sigma: 52222568.0
it: 194, sigma: 52146060.0
it: 195, sigma: 52080972.0
it: 196, sigma: 52023296.0
it: 197, sigma: 51971216.0
it: 198, sigma: 51923568.0
it: 199, sigma: 51879152.0
it: 200, sigma: 51836648.0
it: 201, sigma: 51794720.0
it: 202, sigma: 51752232.0
it: 203, sigma: 51708640.0
it: 204, sigma: 51664048.0
it: 205, sigma: 51619276.0
it: 206, sigma: 51575072.0
it: 207, sigma: 51531840.0
it: 208, sigma: 51489364.0
it: 209, sigma: 51447100.0
it: 210, sigma: 51404220.0
it: 211, sigma: 51359996.0
it: 212, sigma: 51314032.0
it: 213, sigma: 51266776.0
it: 214, sigma: 51219236.0
it: 215, sigma: 51172576.0
it: 216, sigma: 51127128.0
it: 217, sigma: 51082416.0
it: 218, sigma: 51037552.0
it: 219, sigma: 50991664.0
it: 220, sigma: 50944136.0
it: 221, sigma: 50894608.0
it: 222, sigma: 50842768.0
it: 223, sigma: 50788368.0
it: 224, sigma: 50731632.0
it: 225, sigma: 50672948.0
it: 226, sigma: 50612632.0
it: 227, sigma: 50550944.0
it: 228, sigma: 50487928.0
it: 229, sigma: 50424104.0
it: 230, sigma: 50361472.0
it: 231, sigma: 50303088.0
it: 232, sigma: 50251708.0
it: 233, sigma: 50207684.0
it: 234, sigma: 50169864.0
it: 235, sigma: 50136696.0
it: 236, sigma: 50106592.0
it: 237, sigma: 50078000.0
it: 238, sigma: 50049268.0
it: 239, sigma: 50018284.0
it: 240, sigma: 49982796.0
it: 241, sigma: 49941984.0
it: 242, sigma: 49899216.0
it: 243, sigma: 49861600.0
it: 244, sigma: 49832168.0
it: 245, sigma: 49808240.0
it: 246, sigma: 49787420.0
it: 247, sigma: 49768832.0
it: 248, sigma: 49752212.0
it: 249, sigma: 49737360.0
it: 250, sigma: 49724056.0
it: 251, sigma: 49711968.0
it: 252, sigma: 49700640.0
it: 253, sigma: 49689488.0
it: 254, sigma: 49677780.0
it: 255, sigma: 49664472.0
it: 256, sigma: 49648372.0
it: 257, sigma: 49628516.0
it: 258, sigma: 49604832.0
it: 259, sigma: 49578272.0
it: 260, sigma: 49550668.0
it: 261, sigma: 49523212.0
it: 262, sigma: 49496304.0
it: 263, sigma: 49469904.0
it: 264, sigma: 49444064.0
it: 265, sigma: 49418784.0
it: 266, sigma: 49393984.0
it: 267, sigma: 49369432.0
it: 268, sigma: 49344868.0
it: 269, sigma: 49319992.0
it: 270, sigma: 49294472.0
it: 271, sigma: 49267856.0
it: 272, sigma: 49239796.0
it: 273, sigma: 49210112.0
it: 274, sigma: 49178940.0
it: 275, sigma: 49146732.0
it: 276, sigma: 49114304.0
it: 277, sigma: 49082480.0
it: 278, sigma: 49051816.0
it: 279, sigma: 49022680.0
it: 280, sigma: 48995320.0
it: 281, sigma: 48969784.0
it: 282, sigma: 48945936.0
it: 283, sigma: 48923528.0
it: 284, sigma: 48902272.0
it: 285, sigma: 48881904.0
it: 286, sigma: 48862260.0
it: 287, sigma: 48843272.0
it: 288, sigma: 48824916.0
it: 289, sigma: 48807304.0
it: 290, sigma: 48790464.0
it: 291, sigma: 48774264.0
it: 292, sigma: 48758264.0
it: 293, sigma: 48741416.0
it: 294, sigma: 48722104.0
it: 295, sigma: 48698676.0
it: 296, sigma: 48673000.0
it: 297, sigma: 48650960.0
it: 298, sigma: 48635400.0
it: 299, sigma: 48623804.0
it: 300, sigma: 48613584.0
init 2 lasted 300 iterations. final sigma: 48613584.0
it: 0, sigma: 967898693632.0
it: 1, sigma: 1063798464.0
it: 2, sigma: 433875072.0
it: 3, sigma: 373369824.0
it: 4, sigma: 334905792.0
it: 5, sigma: 305469344.0
it: 6, sigma: 280474560.0
it: 7, sigma: 258706304.0
it: 8, sigma: 240323552.0
it: 9, sigma: 225151424.0
it: 10, sigma: 212640992.0
it: 11, sigma: 202256864.0
it: 12, sigma: 193602560.0
it: 13, sigma: 186371568.0
it: 14, sigma: 180301200.0
it: 15, sigma: 175160336.0
it: 16, sigma: 170766736.0
it: 17, sigma: 166991472.0
it: 18, sigma: 163740912.0
it: 19, sigma: 160934656.0
it: 20, sigma: 158500080.0
it: 21, sigma: 156372832.0
it: 22, sigma: 154494912.0
it: 23, sigma: 152817792.0
it: 24, sigma: 151302352.0
it: 25, sigma: 149917168.0
it: 26, sigma: 148637536.0
it: 27, sigma: 147444096.0
it: 28, sigma: 146320384.0
it: 29, sigma: 145250656.0
it: 30, sigma: 144221712.0
it: 31, sigma: 143221104.0
it: 32, sigma: 142237344.0
it: 33, sigma: 141259616.0
it: 34, sigma: 140279168.0
it: 35, sigma: 139288544.0
it: 36, sigma: 138283584.0
it: 37, sigma: 137263040.0
it: 38, sigma: 136226944.0
it: 39, sigma: 135173728.0
it: 40, sigma: 134098944.0
it: 41, sigma: 132996496.0
it: 42, sigma: 131861728.0
it: 43, sigma: 130693424.0
it: 44, sigma: 129493824.0
it: 45, sigma: 128269056.0
it: 46, sigma: 127025616.0
it: 47, sigma: 125765256.0
it: 48, sigma: 124482592.0
it: 49, sigma: 123172128.0
it: 50, sigma: 121832400.0
it: 51, sigma: 120468560.0
it: 52, sigma: 119091824.0
it: 53, sigma: 117715296.0
it: 54, sigma: 116349744.0
it: 55, sigma: 114997608.0
it: 56, sigma: 113658392.0
it: 57, sigma: 112327984.0
it: 58, sigma: 111002336.0
it: 59, sigma: 109676480.0
it: 60, sigma: 108345192.0
it: 61, sigma: 107004504.0
it: 62, sigma: 105651568.0
it: 63, sigma: 104294656.0
it: 64, sigma: 102949936.0
it: 65, sigma: 101633288.0
it: 66, sigma: 100351872.0
it: 67, sigma: 99102672.0
it: 68, sigma: 97882096.0
it: 69, sigma: 96689240.0
it: 70, sigma: 95526512.0
it: 71, sigma: 94396040.0
it: 72, sigma: 93293296.0
it: 73, sigma: 92207984.0
it: 74, sigma: 91124896.0
it: 75, sigma: 90034680.0
it: 76, sigma: 88948160.0
it: 77, sigma: 87882256.0
it: 78, sigma: 86847344.0
it: 79, sigma: 85848736.0
it: 80, sigma: 84888864.0
it: 81, sigma: 83962896.0
it: 82, sigma: 83064616.0
it: 83, sigma: 82198024.0
it: 84, sigma: 81379016.0
it: 85, sigma: 80611200.0
it: 86, sigma: 79879088.0
it: 87, sigma: 79162176.0
it: 88, sigma: 78445720.0
it: 89, sigma: 77722656.0
it: 90, sigma: 77000688.0
it: 91, sigma: 76295104.0
it: 92, sigma: 75609464.0
it: 93, sigma: 74935448.0
it: 94, sigma: 74272288.0
it: 95, sigma: 73631008.0
it: 96, sigma: 73016416.0
it: 97, sigma: 72420992.0
it: 98, sigma: 71839728.0
it: 99, sigma: 71277368.0
it: 100, sigma: 70736000.0
it: 101, sigma: 70209408.0
it: 102, sigma: 69693456.0
it: 103, sigma: 69185672.0
it: 104, sigma: 68681688.0
it: 105, sigma: 68176288.0
it: 106, sigma: 67670320.0
it: 107, sigma: 67173776.0
it: 108, sigma: 66698208.0
it: 109, sigma: 66246184.0
it: 110, sigma: 65811884.0
it: 111, sigma: 65389748.0
it: 112, sigma: 64977380.0
it: 113, sigma: 64572684.0
it: 114, sigma: 64174112.0
it: 115, sigma: 63783428.0
it: 116, sigma: 63405596.0
it: 117, sigma: 63041656.0
it: 118, sigma: 62687148.0
it: 119, sigma: 62336384.0
it: 120, sigma: 61988864.0
it: 121, sigma: 61653144.0
it: 122, sigma: 61337076.0
it: 123, sigma: 61039132.0
it: 124, sigma: 60753656.0
it: 125, sigma: 60478384.0
it: 126, sigma: 60209648.0
it: 127, sigma: 59943352.0
it: 128, sigma: 59678280.0
it: 129, sigma: 59415440.0
it: 130, sigma: 59157812.0
it: 131, sigma: 58909480.0
it: 132, sigma: 58667560.0
it: 133, sigma: 58422568.0
it: 134, sigma: 58167420.0
it: 135, sigma: 57901900.0
it: 136, sigma: 57634996.0
it: 137, sigma: 57381660.0
it: 138, sigma: 57149508.0
it: 139, sigma: 56934384.0
it: 140, sigma: 56732040.0
it: 141, sigma: 56541296.0
it: 142, sigma: 56359004.0
it: 143, sigma: 56180580.0
it: 144, sigma: 56002036.0
it: 145, sigma: 55823256.0
it: 146, sigma: 55648172.0
it: 147, sigma: 55477136.0
it: 148, sigma: 55304524.0
it: 149, sigma: 55126728.0
it: 150, sigma: 54948252.0
it: 151, sigma: 54775616.0
it: 152, sigma: 54607328.0
it: 153, sigma: 54440408.0
it: 154, sigma: 54275624.0
it: 155, sigma: 54113896.0
it: 156, sigma: 53955200.0
it: 157, sigma: 53800772.0
it: 158, sigma: 53655344.0
it: 159, sigma: 53521472.0
it: 160, sigma: 53394680.0
it: 161, sigma: 53268228.0
it: 162, sigma: 53138504.0
it: 163, sigma: 53004460.0
it: 164, sigma: 52865720.0
it: 165, sigma: 52722232.0
it: 166, sigma: 52577632.0
it: 167, sigma: 52437960.0
it: 168, sigma: 52305592.0
it: 169, sigma: 52180552.0
it: 170, sigma: 52063272.0
it: 171, sigma: 51953416.0
it: 172, sigma: 51849916.0
it: 173, sigma: 51751552.0
it: 174, sigma: 51656840.0
it: 175, sigma: 51563832.0
it: 176, sigma: 51469980.0
it: 177, sigma: 51373152.0
it: 178, sigma: 51273752.0
it: 179, sigma: 51173532.0
it: 180, sigma: 51073832.0
it: 181, sigma: 50975320.0
it: 182, sigma: 50877012.0
it: 183, sigma: 50777840.0
it: 184, sigma: 50678296.0
it: 185, sigma: 50579388.0
it: 186, sigma: 50486032.0
it: 187, sigma: 50404740.0
it: 188, sigma: 50336872.0
it: 189, sigma: 50278968.0
it: 190, sigma: 50226924.0
it: 191, sigma: 50178288.0
it: 192, sigma: 50132140.0
it: 193, sigma: 50088160.0
it: 194, sigma: 50046004.0
it: 195, sigma: 50005248.0
it: 196, sigma: 49965208.0
it: 197, sigma: 49925280.0
it: 198, sigma: 49884892.0
it: 199, sigma: 49843104.0
it: 200, sigma: 49799232.0
it: 201, sigma: 49753416.0
it: 202, sigma: 49706908.0
it: 203, sigma: 49660480.0
it: 204, sigma: 49613456.0
it: 205, sigma: 49563316.0
it: 206, sigma: 49509232.0
it: 207, sigma: 49455224.0
it: 208, sigma: 49405516.0
it: 209, sigma: 49360504.0
it: 210, sigma: 49319476.0
it: 211, sigma: 49282024.0
it: 212, sigma: 49247364.0
it: 213, sigma: 49214928.0
it: 214, sigma: 49184372.0
it: 215, sigma: 49155360.0
it: 216, sigma: 49127320.0
it: 217, sigma: 49099444.0
it: 218, sigma: 49070744.0
it: 219, sigma: 49040440.0
it: 220, sigma: 49008592.0
it: 221, sigma: 48976564.0
it: 222, sigma: 48945992.0
it: 223, sigma: 48917148.0
it: 224, sigma: 48889748.0
it: 225, sigma: 48863680.0
it: 226, sigma: 48839168.0
it: 227, sigma: 48816280.0
it: 228, sigma: 48795024.0
it: 229, sigma: 48775208.0
it: 230, sigma: 48756488.0
it: 231, sigma: 48738332.0
it: 232, sigma: 48720076.0
it: 233, sigma: 48701104.0
it: 234, sigma: 48681176.0
it: 235, sigma: 48660596.0
it: 236, sigma: 48640296.0
it: 237, sigma: 48621120.0
it: 238, sigma: 48603388.0
it: 239, sigma: 48586900.0
it: 240, sigma: 48571152.0
it: 241, sigma: 48555368.0
it: 242, sigma: 48538664.0
it: 243, sigma: 48520892.0
it: 244, sigma: 48503808.0
it: 245, sigma: 48489572.0
it: 246, sigma: 48478748.0
it: 247, sigma: 48469808.0
it: 248, sigma: 48461064.0
it: 249, sigma: 48451648.0
it: 250, sigma: 48441700.0
it: 251, sigma: 48431644.0
it: 252, sigma: 48421508.0
it: 253, sigma: 48411464.0
it: 254, sigma: 48401328.0
it: 255, sigma: 48390712.0
it: 256, sigma: 48379376.0
it: 257, sigma: 48367168.0
it: 258, sigma: 48353816.0
it: 259, sigma: 48339000.0
it: 260, sigma: 48322192.0
it: 261, sigma: 48303212.0
it: 262, sigma: 48283056.0
it: 263, sigma: 48263756.0
it: 264, sigma: 48246848.0
it: 265, sigma: 48232416.0
it: 266, sigma: 48219488.0
it: 267, sigma: 48207192.0
it: 268, sigma: 48194888.0
it: 269, sigma: 48182004.0
it: 270, sigma: 48167944.0
it: 271, sigma: 48152320.0
it: 272, sigma: 48135164.0
it: 273, sigma: 48117360.0
it: 274, sigma: 48100180.0
it: 275, sigma: 48084336.0
it: 276, sigma: 48069800.0
it: 277, sigma: 48056200.0
it: 278, sigma: 48043288.0
it: 279, sigma: 48030952.0
it: 280, sigma: 48019148.0
it: 281, sigma: 48007872.0
it: 282, sigma: 47996984.0
it: 283, sigma: 47986328.0
it: 284, sigma: 47975656.0
it: 285, sigma: 47964688.0
it: 286, sigma: 47953036.0
it: 287, sigma: 47940360.0
it: 288, sigma: 47926416.0
it: 289, sigma: 47911068.0
it: 290, sigma: 47894448.0
it: 291, sigma: 47876908.0
it: 292, sigma: 47858872.0
it: 293, sigma: 47840776.0
it: 294, sigma: 47822976.0
it: 295, sigma: 47805820.0
it: 296, sigma: 47789540.0
it: 297, sigma: 47774368.0
it: 298, sigma: 47760384.0
it: 299, sigma: 47747616.0
it: 300, sigma: 47736096.0
init 3 lasted 300 iterations. final sigma: 47736096.0
it: 0, sigma: 968313012224.0
it: 1, sigma: 1073125184.0
it: 2, sigma: 432925536.0
it: 3, sigma: 371862016.0
it: 4, sigma: 333733856.0
it: 5, sigma: 305019328.0
it: 6, sigma: 280473792.0
it: 7, sigma: 258811808.0
it: 8, sigma: 240336224.0
it: 9, sigma: 225008224.0
it: 10, sigma: 212356272.0
it: 11, sigma: 201830176.0
it: 12, sigma: 192997008.0
it: 13, sigma: 185550256.0
it: 14, sigma: 179259040.0
it: 15, sigma: 173913312.0
it: 16, sigma: 169324704.0
it: 17, sigma: 165339664.0
it: 18, sigma: 161849264.0
it: 19, sigma: 158769088.0
it: 20, sigma: 156025952.0
it: 21, sigma: 153558240.0
it: 22, sigma: 151313152.0
it: 23, sigma: 149246896.0
it: 24, sigma: 147321760.0
it: 25, sigma: 145503792.0
it: 26, sigma: 143766640.0
it: 27, sigma: 142089856.0
it: 28, sigma: 140456816.0
it: 29, sigma: 138851792.0
it: 30, sigma: 137260320.0
it: 31, sigma: 135668160.0
it: 32, sigma: 134062496.0
it: 33, sigma: 132434920.0
it: 34, sigma: 130784448.0
it: 35, sigma: 129111656.0
it: 36, sigma: 127415264.0
it: 37, sigma: 125690256.0
it: 38, sigma: 123930416.0
it: 39, sigma: 122133392.0
it: 40, sigma: 120302864.0
it: 41, sigma: 118451248.0
it: 42, sigma: 116595840.0
it: 43, sigma: 114749152.0
it: 44, sigma: 112912256.0
it: 45, sigma: 111079376.0
it: 46, sigma: 109245072.0
it: 47, sigma: 107412872.0
it: 48, sigma: 105598384.0
it: 49, sigma: 103812856.0
it: 50, sigma: 102055936.0
it: 51, sigma: 100319912.0
it: 52, sigma: 98598336.0
it: 53, sigma: 96892944.0
it: 54, sigma: 95223168.0
it: 55, sigma: 93621912.0
it: 56, sigma: 92111304.0
it: 57, sigma: 90687024.0
it: 58, sigma: 89319800.0
it: 59, sigma: 87984320.0
it: 60, sigma: 86671472.0
it: 61, sigma: 85377400.0
it: 62, sigma: 84099712.0
it: 63, sigma: 82841480.0
it: 64, sigma: 81614536.0
it: 65, sigma: 80433024.0
it: 66, sigma: 79304016.0
it: 67, sigma: 78230648.0
it: 68, sigma: 77214792.0
it: 69, sigma: 76249056.0
it: 70, sigma: 75318056.0
it: 71, sigma: 74406408.0
it: 72, sigma: 73517168.0
it: 73, sigma: 72668992.0
it: 74, sigma: 71878104.0
it: 75, sigma: 71145504.0
it: 76, sigma: 70456544.0
it: 77, sigma: 69793936.0
it: 78, sigma: 69151584.0
it: 79, sigma: 68532000.0
it: 80, sigma: 67934320.0
it: 81, sigma: 67353520.0
it: 82, sigma: 66784372.0
it: 83, sigma: 66228664.0
it: 84, sigma: 65693040.0
it: 85, sigma: 65179256.0
it: 86, sigma: 64683544.0
it: 87, sigma: 64200680.0
it: 88, sigma: 63725496.0
it: 89, sigma: 63258304.0
it: 90, sigma: 62805852.0
it: 91, sigma: 62373616.0
it: 92, sigma: 61963280.0
it: 93, sigma: 61574528.0
it: 94, sigma: 61206072.0
it: 95, sigma: 60853080.0
it: 96, sigma: 60511072.0
it: 97, sigma: 60176192.0
it: 98, sigma: 59844512.0
it: 99, sigma: 59507868.0
it: 100, sigma: 59164236.0
it: 101, sigma: 58828448.0
it: 102, sigma: 58516712.0
it: 103, sigma: 58229112.0
it: 104, sigma: 57952272.0
it: 105, sigma: 57674144.0
it: 106, sigma: 57392720.0
it: 107, sigma: 57115180.0
it: 108, sigma: 56847568.0
it: 109, sigma: 56596248.0
it: 110, sigma: 56364004.0
it: 111, sigma: 56143548.0
it: 112, sigma: 55925436.0
it: 113, sigma: 55702368.0
it: 114, sigma: 55469288.0
it: 115, sigma: 55231500.0
it: 116, sigma: 55005180.0
it: 117, sigma: 54802384.0
it: 118, sigma: 54619620.0
it: 119, sigma: 54447632.0
it: 120, sigma: 54280144.0
it: 121, sigma: 54113728.0
it: 122, sigma: 53945464.0
it: 123, sigma: 53770300.0
it: 124, sigma: 53587912.0
it: 125, sigma: 53408280.0
it: 126, sigma: 53240736.0
it: 127, sigma: 53082752.0
it: 128, sigma: 52925296.0
it: 129, sigma: 52762472.0
it: 130, sigma: 52597120.0
it: 131, sigma: 52435096.0
it: 132, sigma: 52279620.0
it: 133, sigma: 52130344.0
it: 134, sigma: 51984248.0
it: 135, sigma: 51838752.0
it: 136, sigma: 51694808.0
it: 137, sigma: 51555280.0
it: 138, sigma: 51421092.0
it: 139, sigma: 51291024.0
it: 140, sigma: 51165136.0
it: 141, sigma: 51044124.0
it: 142, sigma: 50928580.0
it: 143, sigma: 50822224.0
it: 144, sigma: 50727240.0
it: 145, sigma: 50640000.0
it: 146, sigma: 50557472.0
it: 147, sigma: 50478960.0
it: 148, sigma: 50404984.0
it: 149, sigma: 50336776.0
it: 150, sigma: 50274908.0
it: 151, sigma: 50218864.0
it: 152, sigma: 50167500.0
it: 153, sigma: 50119584.0
it: 154, sigma: 50074092.0
it: 155, sigma: 50030132.0
it: 156, sigma: 49987248.0
it: 157, sigma: 49944856.0
it: 158, sigma: 49901912.0
it: 159, sigma: 49856404.0
it: 160, sigma: 49806432.0
it: 161, sigma: 49752928.0
it: 162, sigma: 49698876.0
it: 163, sigma: 49646200.0
it: 164, sigma: 49595080.0
it: 165, sigma: 49546336.0
it: 166, sigma: 49501892.0
it: 167, sigma: 49463368.0
it: 168, sigma: 49430440.0
it: 169, sigma: 49401344.0
it: 170, sigma: 49374296.0
it: 171, sigma: 49348064.0
it: 172, sigma: 49321868.0
it: 173, sigma: 49295112.0
it: 174, sigma: 49267248.0
it: 175, sigma: 49237852.0
it: 176, sigma: 49206616.0
it: 177, sigma: 49173312.0
it: 178, sigma: 49138064.0
it: 179, sigma: 49101088.0
it: 180, sigma: 49062864.0
it: 181, sigma: 49023952.0
it: 182, sigma: 48984808.0
it: 183, sigma: 48945864.0
it: 184, sigma: 48907576.0
it: 185, sigma: 48870396.0
it: 186, sigma: 48834672.0
it: 187, sigma: 48800632.0
it: 188, sigma: 48768300.0
it: 189, sigma: 48737568.0
it: 190, sigma: 48708128.0
it: 191, sigma: 48679408.0
it: 192, sigma: 48650584.0
it: 193, sigma: 48620920.0
it: 194, sigma: 48590096.0
it: 195, sigma: 48558096.0
it: 196, sigma: 48525392.0
it: 197, sigma: 48492612.0
it: 198, sigma: 48460236.0
it: 199, sigma: 48428592.0
it: 200, sigma: 48398296.0
it: 201, sigma: 48370012.0
it: 202, sigma: 48344204.0
it: 203, sigma: 48321160.0
it: 204, sigma: 48300476.0
it: 205, sigma: 48282096.0
it: 206, sigma: 48265760.0
it: 207, sigma: 48251048.0
it: 208, sigma: 48237480.0
it: 209, sigma: 48224444.0
it: 210, sigma: 48211196.0
it: 211, sigma: 48196692.0
it: 212, sigma: 48179928.0
it: 213, sigma: 48160340.0
it: 214, sigma: 48138176.0
it: 215, sigma: 48114124.0
it: 216, sigma: 48089440.0
it: 217, sigma: 48064908.0
it: 218, sigma: 48040456.0
it: 219, sigma: 48015088.0
it: 220, sigma: 47987032.0
it: 221, sigma: 47956008.0
it: 222, sigma: 47926424.0
it: 223, sigma: 47902820.0
it: 224, sigma: 47884016.0
it: 225, sigma: 47866716.0
it: 226, sigma: 47849736.0
it: 227, sigma: 47833232.0
it: 228, sigma: 47817792.0
it: 229, sigma: 47803972.0
it: 230, sigma: 47792004.0
it: 231, sigma: 47781864.0
it: 232, sigma: 47773360.0
it: 233, sigma: 47766224.0
it: 234, sigma: 47760152.0
it: 235, sigma: 47754876.0
it: 236, sigma: 47750096.0
it: 237, sigma: 47745512.0
it: 238, sigma: 47740820.0
it: 239, sigma: 47735688.0
it: 240, sigma: 47729712.0
it: 241, sigma: 47722620.0
it: 242, sigma: 47714440.0
it: 243, sigma: 47705476.0
it: 244, sigma: 47696044.0
it: 245, sigma: 47686684.0
it: 246, sigma: 47677804.0
it: 247, sigma: 47669632.0
it: 248, sigma: 47662208.0
it: 249, sigma: 47655376.0
it: 250, sigma: 47648832.0
it: 251, sigma: 47642056.0
it: 252, sigma: 47634008.0
it: 253, sigma: 47623120.0
it: 254, sigma: 47607568.0
it: 255, sigma: 47588308.0
it: 256, sigma: 47570704.0
it: 257, sigma: 47558704.0
it: 258, sigma: 47550824.0
it: 259, sigma: 47544656.0
it: 260, sigma: 47539192.0
it: 261, sigma: 47534112.0
it: 262, sigma: 47529216.0
it: 263, sigma: 47524336.0
it: 264, sigma: 47519264.0
it: 265, sigma: 47513800.0
it: 266, sigma: 47507744.0
it: 267, sigma: 47500880.0
it: 268, sigma: 47492968.0
it: 269, sigma: 47483832.0
it: 270, sigma: 47473292.0
it: 271, sigma: 47461268.0
it: 272, sigma: 47447888.0
it: 273, sigma: 47433640.0
it: 274, sigma: 47419472.0
it: 275, sigma: 47406244.0
it: 276, sigma: 47394320.0
it: 277, sigma: 47383536.0
it: 278, sigma: 47373448.0
it: 279, sigma: 47363668.0
it: 280, sigma: 47354100.0
it: 281, sigma: 47344688.0
it: 282, sigma: 47335432.0
it: 283, sigma: 47326384.0
it: 284, sigma: 47317608.0
it: 285, sigma: 47309160.0
it: 286, sigma: 47301112.0
it: 287, sigma: 47293504.0
it: 288, sigma: 47286320.0
it: 289, sigma: 47279600.0
it: 290, sigma: 47273320.0
it: 291, sigma: 47267404.0
it: 292, sigma: 47261660.0
it: 293, sigma: 47255816.0
it: 294, sigma: 47249368.0
it: 295, sigma: 47241908.0
it: 296, sigma: 47233208.0
it: 297, sigma: 47223336.0
it: 298, sigma: 47212608.0
it: 299, sigma: 47201684.0
it: 300, sigma: 47191064.0
init 4 lasted 300 iterations. final sigma: 47191064.0
best sigma: 47191064.0
mds total runtime: 119.82274667604361 seconds
Time: 132.66401410102844
