/homes/jaredcbothwell/virtualenvs/cuda/lib/python3.9/site-packages/numba/cuda/dispatcher.py:488: NumbaPerformanceWarning: Grid size 49 will likely result in GPU under-utilization due to low occupancy.
  warn(NumbaPerformanceWarning(msg))
/homes/jaredcbothwell/virtualenvs/cuda/lib/python3.9/site-packages/numba/cuda/dispatcher.py:488: NumbaPerformanceWarning: Grid size 20 will likely result in GPU under-utilization due to low occupancy.
  warn(NumbaPerformanceWarning(msg))
/homes/jaredcbothwell/virtualenvs/cuda/lib/python3.9/site-packages/numba/cuda/dispatcher.py:488: NumbaPerformanceWarning: Grid size 17 will likely result in GPU under-utilization due to low occupancy.
  warn(NumbaPerformanceWarning(msg))
/homes/jaredcbothwell/virtualenvs/cuda/lib/python3.9/site-packages/numba/cuda/dispatcher.py:488: NumbaPerformanceWarning: Grid size 9 will likely result in GPU under-utilization due to low occupancy.
  warn(NumbaPerformanceWarning(msg))
/homes/jaredcbothwell/virtualenvs/cuda/lib/python3.9/site-packages/numba/cuda/dispatcher.py:488: NumbaPerformanceWarning: Grid size 5 will likely result in GPU under-utilization due to low occupancy.
  warn(NumbaPerformanceWarning(msg))
/homes/jaredcbothwell/virtualenvs/cuda/lib/python3.9/site-packages/numba/cuda/dispatcher.py:488: NumbaPerformanceWarning: Grid size 3 will likely result in GPU under-utilization due to low occupancy.
  warn(NumbaPerformanceWarning(msg))
/homes/jaredcbothwell/virtualenvs/cuda/lib/python3.9/site-packages/numba/cuda/dispatcher.py:488: NumbaPerformanceWarning: Grid size 2 will likely result in GPU under-utilization due to low occupancy.
  warn(NumbaPerformanceWarning(msg))
/homes/jaredcbothwell/virtualenvs/cuda/lib/python3.9/site-packages/numba/cuda/dispatcher.py:488: NumbaPerformanceWarning: Grid size 1 will likely result in GPU under-utilization due to low occupancy.
  warn(NumbaPerformanceWarning(msg))
/homes/jaredcbothwell/virtualenvs/cuda/lib/python3.9/site-packages/numba/cuda/dispatcher.py:488: NumbaPerformanceWarning: Grid size 7 will likely result in GPU under-utilization due to low occupancy.
  warn(NumbaPerformanceWarning(msg))
read data
calculated distances
it: 0, sigma: 13090374.0
it: 1, sigma: 6827.1220703125
it: 2, sigma: 5996.546875
it: 3, sigma: 5441.44140625
it: 4, sigma: 5007.85009765625
it: 5, sigma: 4768.02294921875
it: 6, sigma: 4521.62646484375
it: 7, sigma: 4269.255859375
it: 8, sigma: 4007.24609375
it: 9, sigma: 3750.650146484375
it: 10, sigma: 3493.3798828125
it: 11, sigma: 3239.8525390625
it: 12, sigma: 2982.2744140625
it: 13, sigma: 2726.01171875
it: 14, sigma: 2479.2216796875
it: 15, sigma: 2251.68701171875
it: 16, sigma: 2060.70849609375
it: 17, sigma: 1894.414306640625
it: 18, sigma: 1748.245361328125
it: 19, sigma: 1620.1961669921875
it: 20, sigma: 1508.2928466796875
it: 21, sigma: 1411.677490234375
it: 22, sigma: 1332.92919921875
it: 23, sigma: 1271.96728515625
it: 24, sigma: 1221.783203125
it: 25, sigma: 1179.585205078125
it: 26, sigma: 1143.305419921875
it: 27, sigma: 1110.3740234375
it: 28, sigma: 1079.526123046875
it: 29, sigma: 1049.6676025390625
it: 30, sigma: 1020.159912109375
it: 31, sigma: 992.296142578125
it: 32, sigma: 968.2598876953125
it: 33, sigma: 946.848876953125
it: 34, sigma: 927.13037109375
it: 35, sigma: 908.19970703125
it: 36, sigma: 889.594970703125
it: 37, sigma: 870.56396484375
it: 38, sigma: 853.43115234375
it: 39, sigma: 837.2699584960938
it: 40, sigma: 821.70068359375
it: 41, sigma: 808.6783447265625
it: 42, sigma: 796.685791015625
it: 43, sigma: 785.80078125
it: 44, sigma: 775.2481689453125
it: 45, sigma: 762.0926513671875
it: 46, sigma: 741.4964599609375
it: 47, sigma: 710.7316284179688
it: 48, sigma: 670.3593139648438
it: 49, sigma: 624.9041748046875
it: 50, sigma: 596.125244140625
it: 51, sigma: 578.701904296875
it: 52, sigma: 569.0648803710938
it: 53, sigma: 562.5209350585938
it: 54, sigma: 557.6502075195312
it: 55, sigma: 553.821533203125
it: 56, sigma: 550.8736572265625
it: 57, sigma: 548.7066040039062
it: 58, sigma: 547.138427734375
it: 59, sigma: 545.9830932617188
it: 60, sigma: 545.1015625
it: 61, sigma: 544.401611328125
it: 62, sigma: 543.8243408203125
it: 63, sigma: 543.3328857421875
it: 64, sigma: 542.904052734375
it: 65, sigma: 542.523193359375
it: 66, sigma: 542.181396484375
it: 67, sigma: 541.872802734375
it: 68, sigma: 541.593505859375
it: 69, sigma: 541.341064453125
it: 70, sigma: 541.1132202148438
it: 71, sigma: 540.9080810546875
it: 72, sigma: 540.7239379882812
it: 73, sigma: 540.5591430664062
it: 74, sigma: 540.4119262695312
it: 75, sigma: 540.2806396484375
it: 76, sigma: 540.16357421875
it: 77, sigma: 540.059326171875
it: 78, sigma: 539.966552734375
it: 79, sigma: 539.8839111328125
it: 80, sigma: 539.8102416992188
it: 81, sigma: 539.7445068359375
it: 82, sigma: 539.6856689453125
it: 83, sigma: 539.6331176757812
it: 84, sigma: 539.5859985351562
it: 85, sigma: 539.5436401367188
it: 86, sigma: 539.5054931640625
it: 87, sigma: 539.4711303710938
it: 88, sigma: 539.4400634765625
it: 89, sigma: 539.411865234375
it: 90, sigma: 539.3863525390625
it: 91, sigma: 539.363037109375
it: 92, sigma: 539.341796875
it: 93, sigma: 539.3223266601562
it: 94, sigma: 539.304443359375
it: 95, sigma: 539.2880859375
it: 96, sigma: 539.2728881835938
it: 97, sigma: 539.2589111328125
it: 98, sigma: 539.2459716796875
it: 99, sigma: 539.23388671875
it: 100, sigma: 539.22265625
it: 101, sigma: 539.212158203125
it: 102, sigma: 539.2023315429688
it: 103, sigma: 539.193115234375
it: 104, sigma: 539.1843872070312
it: 105, sigma: 539.1761474609375
it: 106, sigma: 539.1683959960938
it: 107, sigma: 539.1610107421875
it: 108, sigma: 539.1539916992188
it: 109, sigma: 539.1473388671875
it: 110, sigma: 539.1409301757812
it: 111, sigma: 539.134765625
it: 112, sigma: 539.12890625
it: 113, sigma: 539.123291015625
it: 114, sigma: 539.117919921875
it: 115, sigma: 539.1126708984375
it: 116, sigma: 539.1075439453125
it: 117, sigma: 539.1026611328125
it: 118, sigma: 539.097900390625
it: 119, sigma: 539.0933837890625
it: 120, sigma: 539.0888671875
it: 121, sigma: 539.0845947265625
it: 122, sigma: 539.080322265625
it: 123, sigma: 539.076171875
it: 124, sigma: 539.0722045898438
it: 125, sigma: 539.0682983398438
it: 126, sigma: 539.064453125
it: 127, sigma: 539.0607299804688
it: 128, sigma: 539.05712890625
it: 129, sigma: 539.0535888671875
it: 130, sigma: 539.0501708984375
it: 131, sigma: 539.0468139648438
it: 132, sigma: 539.0435180664062
it: 133, sigma: 539.0403442382812
it: 134, sigma: 539.0372314453125
it: 135, sigma: 539.0342407226562
it: 136, sigma: 539.03125
it: 137, sigma: 539.0283813476562
it: 138, sigma: 539.025634765625
it: 139, sigma: 539.0228881835938
it: 140, sigma: 539.020263671875
it: 141, sigma: 539.017822265625
it: 142, sigma: 539.015380859375
it: 143, sigma: 539.012939453125
it: 144, sigma: 539.0106201171875
it: 145, sigma: 539.0084228515625
it: 146, sigma: 539.0062255859375
it: 147, sigma: 539.004150390625
it: 148, sigma: 539.002197265625
it: 149, sigma: 539.000244140625
it: 150, sigma: 538.9984130859375
it: 151, sigma: 538.99658203125
it: 152, sigma: 538.994873046875
it: 153, sigma: 538.9931640625
it: 154, sigma: 538.9915771484375
it: 155, sigma: 538.989990234375
it: 156, sigma: 538.988525390625
it: 157, sigma: 538.9871215820312
it: 158, sigma: 538.9857177734375
it: 159, sigma: 538.984375
it: 160, sigma: 538.9830932617188
it: 161, sigma: 538.9818725585938
it: 162, sigma: 538.980712890625
it: 163, sigma: 538.9795532226562
it: 164, sigma: 538.9784545898438
it: 165, sigma: 538.9774169921875
it: 166, sigma: 538.976318359375
it: 167, sigma: 538.9754028320312
it: 168, sigma: 538.9744873046875
it: 169, sigma: 538.9735107421875
it: 170, sigma: 538.97265625
it: 171, sigma: 538.9718017578125
it: 172, sigma: 538.970947265625
it: 173, sigma: 538.97021484375
it: 174, sigma: 538.9693603515625
it: 175, sigma: 538.9686279296875
it: 176, sigma: 538.9679565429688
it: 177, sigma: 538.96728515625
it: 178, sigma: 538.966552734375
it: 179, sigma: 538.9659423828125
it: 180, sigma: 538.96533203125
it: 181, sigma: 538.9647216796875
it: 182, sigma: 538.964111328125
it: 183, sigma: 538.9635009765625
it: 184, sigma: 538.9630126953125
it: 185, sigma: 538.9624633789062
it: 186, sigma: 538.9619140625
it: 187, sigma: 538.96142578125
it: 188, sigma: 538.9609375
it: 189, sigma: 538.96044921875
it: 190, sigma: 538.9600219726562
it: 191, sigma: 538.9595947265625
it: 192, sigma: 538.9591064453125
it: 193, sigma: 538.9586791992188
it: 194, sigma: 538.958251953125
it: 195, sigma: 538.9578857421875
it: 196, sigma: 538.95751953125
it: 197, sigma: 538.9571533203125
it: 198, sigma: 538.956787109375
it: 199, sigma: 538.9563598632812
it: 200, sigma: 538.9560546875
it: 201, sigma: 538.9556884765625
it: 202, sigma: 538.955322265625
it: 203, sigma: 538.955078125
it: 204, sigma: 538.9547119140625
it: 205, sigma: 538.9544067382812
it: 206, sigma: 538.9541015625
it: 207, sigma: 538.953857421875
it: 208, sigma: 538.9535522460938
it: 209, sigma: 538.9532470703125
it: 210, sigma: 538.9530029296875
it: 211, sigma: 538.9526977539062
it: 212, sigma: 538.9524536132812
it: 213, sigma: 538.9521484375
it: 214, sigma: 538.951904296875
it: 215, sigma: 538.95166015625
it: 216, sigma: 538.951416015625
it: 217, sigma: 538.951171875
it: 218, sigma: 538.950927734375
it: 219, sigma: 538.9507446289062
it: 220, sigma: 538.9505004882812
it: 221, sigma: 538.9503173828125
it: 222, sigma: 538.9500732421875
it: 223, sigma: 538.9498901367188
it: 224, sigma: 538.94970703125
it: 225, sigma: 538.949462890625
it: 226, sigma: 538.9492797851562
it: 227, sigma: 538.9490966796875
it: 228, sigma: 538.9488525390625
it: 229, sigma: 538.94873046875
it: 230, sigma: 538.9485473632812
it: 231, sigma: 538.9483032226562
it: 232, sigma: 538.9481811523438
it: 233, sigma: 538.947998046875
it: 234, sigma: 538.9478759765625
it: 235, sigma: 538.9476318359375
it: 236, sigma: 538.947509765625
it: 237, sigma: 538.9473876953125
it: 238, sigma: 538.9471435546875
it: 239, sigma: 538.947021484375
it: 240, sigma: 538.9468994140625
it: 241, sigma: 538.94677734375
it: 242, sigma: 538.9465942382812
it: 243, sigma: 538.9464111328125
it: 244, sigma: 538.9463500976562
it: 245, sigma: 538.9461669921875
it: 246, sigma: 538.946044921875
it: 247, sigma: 538.9459228515625
it: 248, sigma: 538.94580078125
it: 249, sigma: 538.9456787109375
it: 250, sigma: 538.9454956054688
it: 251, sigma: 538.9454345703125
it: 252, sigma: 538.9452514648438
it: 253, sigma: 538.9451293945312
it: 254, sigma: 538.9450073242188
it: 255, sigma: 538.9449462890625
it: 256, sigma: 538.94482421875
it: 257, sigma: 538.9447021484375
it: 258, sigma: 538.944580078125
it: 259, sigma: 538.9444580078125
it: 260, sigma: 538.9443359375
it: 261, sigma: 538.9442138671875
it: 262, sigma: 538.944091796875
it: 263, sigma: 538.9440307617188
it: 264, sigma: 538.9439697265625
it: 265, sigma: 538.9437866210938
it: 266, sigma: 538.9437255859375
it: 267, sigma: 538.943603515625
it: 268, sigma: 538.9435424804688
it: 269, sigma: 538.9434204101562
it: 270, sigma: 538.943359375
it: 271, sigma: 538.9432373046875
it: 272, sigma: 538.943115234375
it: 273, sigma: 538.9430541992188
it: 274, sigma: 538.9429931640625
it: 275, sigma: 538.94287109375
it: 276, sigma: 538.9427490234375
it: 277, sigma: 538.9426879882812
it: 278, sigma: 538.942626953125
it: 279, sigma: 538.9425048828125
it: 280, sigma: 538.9423828125
it: 281, sigma: 538.9423828125
it: 282, sigma: 538.9422607421875
it: 283, sigma: 538.9421997070312
it: 284, sigma: 538.942138671875
it: 285, sigma: 538.9420166015625
it: 286, sigma: 538.94189453125
it: 287, sigma: 538.94189453125
it: 288, sigma: 538.9417724609375
it: 289, sigma: 538.9417724609375
it: 290, sigma: 538.941650390625
it: 291, sigma: 538.9415893554688
it: 292, sigma: 538.9415283203125
it: 293, sigma: 538.94140625
it: 294, sigma: 538.9413452148438
it: 295, sigma: 538.9412841796875
it: 296, sigma: 538.941162109375
it: 297, sigma: 538.941162109375
it: 298, sigma: 538.9410400390625
it: 299, sigma: 538.9410400390625
it: 300, sigma: 538.94091796875
init 1 lasted 300 iterations. final sigma: 538.94091796875
it: 0, sigma: 14577512.0
it: 1, sigma: 6811.4697265625
it: 2, sigma: 5857.3798828125
it: 3, sigma: 5384.029296875
it: 4, sigma: 5151.85498046875
it: 5, sigma: 4999.79443359375
it: 6, sigma: 4872.4248046875
it: 7, sigma: 4739.77197265625
it: 8, sigma: 4593.994140625
it: 9, sigma: 4416.8671875
it: 10, sigma: 4218.5576171875
it: 11, sigma: 4011.610595703125
it: 12, sigma: 3800.779541015625
it: 13, sigma: 3581.20947265625
it: 14, sigma: 3358.810546875
it: 15, sigma: 3154.88818359375
it: 16, sigma: 2954.723876953125
it: 17, sigma: 2755.91796875
it: 18, sigma: 2569.86376953125
it: 19, sigma: 2394.4453125
it: 20, sigma: 2229.946044921875
it: 21, sigma: 2069.30517578125
it: 22, sigma: 1913.4180908203125
it: 23, sigma: 1763.031005859375
it: 24, sigma: 1617.158447265625
it: 25, sigma: 1484.1370849609375
it: 26, sigma: 1362.7828369140625
it: 27, sigma: 1255.0660400390625
it: 28, sigma: 1160.651123046875
it: 29, sigma: 1080.124755859375
it: 30, sigma: 1009.0952758789062
it: 31, sigma: 941.6956787109375
it: 32, sigma: 875.6485595703125
it: 33, sigma: 812.1201171875
it: 34, sigma: 753.4946899414062
it: 35, sigma: 699.8402709960938
it: 36, sigma: 653.2999877929688
it: 37, sigma: 613.9571533203125
it: 38, sigma: 581.293212890625
it: 39, sigma: 554.5159301757812
it: 40, sigma: 532.59228515625
it: 41, sigma: 515.157958984375
it: 42, sigma: 501.5312805175781
it: 43, sigma: 490.9471130371094
it: 44, sigma: 482.8005065917969
it: 45, sigma: 476.53558349609375
it: 46, sigma: 471.697021484375
it: 47, sigma: 467.93951416015625
it: 48, sigma: 465.00128173828125
it: 49, sigma: 462.68255615234375
it: 50, sigma: 460.831298828125
it: 51, sigma: 459.33294677734375
it: 52, sigma: 458.10162353515625
it: 53, sigma: 457.0731506347656
it: 54, sigma: 456.19903564453125
it: 55, sigma: 455.44189453125
it: 56, sigma: 454.7722473144531
it: 57, sigma: 454.1669006347656
it: 58, sigma: 453.60943603515625
it: 59, sigma: 453.0919189453125
it: 60, sigma: 452.6158447265625
it: 61, sigma: 452.1875
it: 62, sigma: 451.8116455078125
it: 63, sigma: 451.487548828125
it: 64, sigma: 451.2106018066406
it: 65, sigma: 450.9741516113281
it: 66, sigma: 450.77154541015625
it: 67, sigma: 450.596923828125
it: 68, sigma: 450.4453125
it: 69, sigma: 450.31268310546875
it: 70, sigma: 450.1957092285156
it: 71, sigma: 450.09185791015625
it: 72, sigma: 449.9990234375
it: 73, sigma: 449.91546630859375
it: 74, sigma: 449.83990478515625
it: 75, sigma: 449.77117919921875
it: 76, sigma: 449.7084655761719
it: 77, sigma: 449.6510009765625
it: 78, sigma: 449.5982360839844
it: 79, sigma: 449.54962158203125
it: 80, sigma: 449.5047607421875
it: 81, sigma: 449.46337890625
it: 82, sigma: 449.42510986328125
it: 83, sigma: 449.38970947265625
it: 84, sigma: 449.35699462890625
it: 85, sigma: 449.3267822265625
it: 86, sigma: 449.29888916015625
it: 87, sigma: 449.27313232421875
it: 88, sigma: 449.2493896484375
it: 89, sigma: 449.2275695800781
it: 90, sigma: 449.2074890136719
it: 91, sigma: 449.1890563964844
it: 92, sigma: 449.17218017578125
it: 93, sigma: 449.1567077636719
it: 94, sigma: 449.1426086425781
it: 95, sigma: 449.1297302246094
it: 96, sigma: 449.11798095703125
it: 97, sigma: 449.1072998046875
it: 98, sigma: 449.0976257324219
it: 99, sigma: 449.0888366699219
it: 100, sigma: 449.08087158203125
it: 101, sigma: 449.07366943359375
it: 102, sigma: 449.067138671875
it: 103, sigma: 449.0612487792969
it: 104, sigma: 449.05596923828125
it: 105, sigma: 449.0511779785156
it: 106, sigma: 449.046875
it: 107, sigma: 449.04302978515625
it: 108, sigma: 449.03955078125
it: 109, sigma: 449.0364074707031
it: 110, sigma: 449.0335998535156
it: 111, sigma: 449.0310974121094
it: 112, sigma: 449.0288391113281
it: 113, sigma: 449.02685546875
it: 114, sigma: 449.0250244140625
it: 115, sigma: 449.02337646484375
it: 116, sigma: 449.02197265625
it: 117, sigma: 449.02069091796875
it: 118, sigma: 449.01953125
it: 119, sigma: 449.01849365234375
it: 120, sigma: 449.017578125
it: 121, sigma: 449.0167541503906
it: 122, sigma: 449.0160217285156
it: 123, sigma: 449.01531982421875
it: 124, sigma: 449.0147705078125
it: 125, sigma: 449.0142822265625
it: 126, sigma: 449.0137939453125
it: 127, sigma: 449.01336669921875
it: 128, sigma: 449.0130310058594
it: 129, sigma: 449.0126953125
it: 130, sigma: 449.01239013671875
it: 131, sigma: 449.01214599609375
it: 132, sigma: 449.01190185546875
it: 133, sigma: 449.0116882324219
it: 134, sigma: 449.01153564453125
it: 135, sigma: 449.0113525390625
it: 136, sigma: 449.0111999511719
it: 137, sigma: 449.0111083984375
it: 138, sigma: 449.010986328125
it: 139, sigma: 449.0108642578125
it: 140, sigma: 449.0107727050781
it: 141, sigma: 449.01068115234375
it: 142, sigma: 449.0106201171875
it: 143, sigma: 449.01055908203125
it: 144, sigma: 449.010498046875
it: 145, sigma: 449.01043701171875
it: 146, sigma: 449.0103759765625
it: 147, sigma: 449.0103454589844
it: 148, sigma: 449.0103454589844
it: 149, sigma: 449.0102844238281
it: 150, sigma: 449.01025390625
it: 151, sigma: 449.01025390625
it: 152, sigma: 449.01019287109375
it: 153, sigma: 449.01019287109375
it: 154, sigma: 449.01019287109375
it: 155, sigma: 449.01019287109375
it: 156, sigma: 449.0101623535156
it: 157, sigma: 449.0101318359375
it: 158, sigma: 449.0101318359375
it: 159, sigma: 449.0101318359375
it: 160, sigma: 449.0101013183594
it: 161, sigma: 449.0101013183594
it: 162, sigma: 449.01007080078125
it: 163, sigma: 449.0101013183594
it: 164, sigma: 449.01007080078125
it: 165, sigma: 449.01007080078125
it: 166, sigma: 449.01007080078125
it: 167, sigma: 449.01007080078125
it: 168, sigma: 449.01007080078125
it: 169, sigma: 449.01007080078125
it: 170, sigma: 449.01007080078125
it: 171, sigma: 449.01007080078125
it: 172, sigma: 449.01007080078125
it: 173, sigma: 449.010009765625
it: 174, sigma: 449.0100402832031
it: 175, sigma: 449.01007080078125
it: 176, sigma: 449.01007080078125
it: 177, sigma: 449.0100402832031
it: 178, sigma: 449.0100402832031
it: 179, sigma: 449.0100402832031
it: 180, sigma: 449.01007080078125
it: 181, sigma: 449.0100402832031
it: 182, sigma: 449.0100402832031
it: 183, sigma: 449.010009765625
it: 184, sigma: 449.0100402832031
it: 185, sigma: 449.0100402832031
it: 186, sigma: 449.0100402832031
it: 187, sigma: 449.01007080078125
it: 188, sigma: 449.010009765625
it: 189, sigma: 449.01007080078125
it: 190, sigma: 449.0100402832031
it: 191, sigma: 449.010009765625
it: 192, sigma: 449.0100402832031
it: 193, sigma: 449.0100402832031
it: 194, sigma: 449.0100402832031
it: 195, sigma: 449.0100402832031
it: 196, sigma: 449.01007080078125
it: 197, sigma: 449.01007080078125
it: 198, sigma: 449.0100402832031
it: 199, sigma: 449.010009765625
it: 200, sigma: 449.010009765625
it: 201, sigma: 449.010009765625
it: 202, sigma: 449.010009765625
it: 203, sigma: 449.010009765625
it: 204, sigma: 449.010009765625
it: 205, sigma: 449.0100402832031
it: 206, sigma: 449.0100402832031
it: 207, sigma: 449.010009765625
it: 208, sigma: 449.0100402832031
it: 209, sigma: 449.0100402832031
it: 210, sigma: 449.0100402832031
it: 211, sigma: 449.0100402832031
it: 212, sigma: 449.010009765625
it: 213, sigma: 449.0100402832031
it: 214, sigma: 449.010009765625
it: 215, sigma: 449.010009765625
it: 216, sigma: 449.01007080078125
it: 217, sigma: 449.0100402832031
it: 218, sigma: 449.0100402832031
it: 219, sigma: 449.010009765625
it: 220, sigma: 449.010009765625
it: 221, sigma: 449.010009765625
it: 222, sigma: 449.010009765625
it: 223, sigma: 449.01007080078125
it: 224, sigma: 449.010009765625
it: 225, sigma: 449.0100402832031
it: 226, sigma: 449.010009765625
it: 227, sigma: 449.010009765625
it: 228, sigma: 449.0100402832031
it: 229, sigma: 449.0100402832031
it: 230, sigma: 449.010009765625
it: 231, sigma: 449.0100402832031
it: 232, sigma: 449.010009765625
it: 233, sigma: 449.0100402832031
it: 234, sigma: 449.010009765625
it: 235, sigma: 449.0100402832031
it: 236, sigma: 449.0100402832031
it: 237, sigma: 449.0100402832031
it: 238, sigma: 449.0100402832031
it: 239, sigma: 449.0100402832031
it: 240, sigma: 449.0100402832031
it: 241, sigma: 449.0100402832031
it: 242, sigma: 449.0100402832031
it: 243, sigma: 449.010009765625
it: 244, sigma: 449.0100402832031
it: 245, sigma: 449.0100402832031
it: 246, sigma: 449.010009765625
it: 247, sigma: 449.010009765625
it: 248, sigma: 449.010009765625
it: 249, sigma: 449.0100402832031
it: 250, sigma: 449.0100402832031
it: 251, sigma: 449.010009765625
it: 252, sigma: 449.0100402832031
it: 253, sigma: 449.010009765625
it: 254, sigma: 449.01007080078125
it: 255, sigma: 449.0100402832031
it: 256, sigma: 449.0100402832031
it: 257, sigma: 449.010009765625
it: 258, sigma: 449.010009765625
it: 259, sigma: 449.01007080078125
it: 260, sigma: 449.010009765625
it: 261, sigma: 449.010009765625
it: 262, sigma: 449.0100402832031
it: 263, sigma: 449.010009765625
it: 264, sigma: 449.0100402832031
it: 265, sigma: 449.0100402832031
it: 266, sigma: 449.0100402832031
it: 267, sigma: 449.0100402832031
it: 268, sigma: 449.0100402832031
it: 269, sigma: 449.0100402832031
it: 270, sigma: 449.0100402832031
it: 271, sigma: 449.01007080078125
it: 272, sigma: 449.0100402832031
it: 273, sigma: 449.010009765625
it: 274, sigma: 449.0100402832031
it: 275, sigma: 449.01007080078125
it: 276, sigma: 449.01007080078125
it: 277, sigma: 449.01007080078125
it: 278, sigma: 449.0100402832031
it: 279, sigma: 449.0100402832031
it: 280, sigma: 449.0100402832031
it: 281, sigma: 449.01007080078125
it: 282, sigma: 449.01007080078125
it: 283, sigma: 449.010009765625
it: 284, sigma: 449.0100402832031
it: 285, sigma: 449.010009765625
it: 286, sigma: 449.010009765625
it: 287, sigma: 449.010009765625
it: 288, sigma: 449.010009765625
it: 289, sigma: 449.010009765625
it: 290, sigma: 449.0100402832031
it: 291, sigma: 449.0100402832031
it: 292, sigma: 449.0100402832031
it: 293, sigma: 449.0100402832031
it: 294, sigma: 449.0100402832031
it: 295, sigma: 449.0100402832031
it: 296, sigma: 449.0100402832031
it: 297, sigma: 449.0100402832031
it: 298, sigma: 449.0100402832031
it: 299, sigma: 449.0100402832031
it: 300, sigma: 449.0100402832031
init 2 lasted 300 iterations. final sigma: 449.0100402832031
it: 0, sigma: 16039908.0
it: 1, sigma: 6985.97705078125
it: 2, sigma: 5988.12939453125
it: 3, sigma: 5489.4990234375
it: 4, sigma: 5223.4375
it: 5, sigma: 5064.1845703125
it: 6, sigma: 4921.8583984375
it: 7, sigma: 4787.22314453125
it: 8, sigma: 4646.3583984375
it: 9, sigma: 4517.5830078125
it: 10, sigma: 4400.8408203125
it: 11, sigma: 4270.35986328125
it: 12, sigma: 4124.6201171875
it: 13, sigma: 3971.7470703125
it: 14, sigma: 3814.466796875
it: 15, sigma: 3650.8359375
it: 16, sigma: 3477.33984375
it: 17, sigma: 3299.8369140625
it: 18, sigma: 3131.7998046875
it: 19, sigma: 2983.121337890625
it: 20, sigma: 2853.847412109375
it: 21, sigma: 2745.8525390625
it: 22, sigma: 2656.785888671875
it: 23, sigma: 2575.931640625
it: 24, sigma: 2498.1904296875
it: 25, sigma: 2422.32275390625
it: 26, sigma: 2347.900146484375
it: 27, sigma: 2273.794189453125
it: 28, sigma: 2208.46142578125
it: 29, sigma: 2152.548828125
it: 30, sigma: 2101.2822265625
it: 31, sigma: 2055.60546875
it: 32, sigma: 2014.2901611328125
it: 33, sigma: 1977.157470703125
it: 34, sigma: 1943.5576171875
it: 35, sigma: 1913.30615234375
it: 36, sigma: 1888.18505859375
it: 37, sigma: 1866.531005859375
it: 38, sigma: 1849.386474609375
it: 39, sigma: 1836.089111328125
it: 40, sigma: 1825.4833984375
it: 41, sigma: 1816.5625
it: 42, sigma: 1808.6827392578125
it: 43, sigma: 1801.4884033203125
it: 44, sigma: 1794.8035888671875
it: 45, sigma: 1788.532958984375
it: 46, sigma: 1782.5902099609375
it: 47, sigma: 1776.85205078125
it: 48, sigma: 1771.105712890625
it: 49, sigma: 1764.989013671875
it: 50, sigma: 1758.101318359375
it: 51, sigma: 1750.337890625
it: 52, sigma: 1741.97412109375
it: 53, sigma: 1733.31982421875
it: 54, sigma: 1724.58056640625
it: 55, sigma: 1715.9945068359375
it: 56, sigma: 1707.9029541015625
it: 57, sigma: 1700.502197265625
it: 58, sigma: 1693.65966796875
it: 59, sigma: 1687.0069580078125
it: 60, sigma: 1680.3204345703125
it: 61, sigma: 1673.740478515625
it: 62, sigma: 1667.654541015625
it: 63, sigma: 1662.1787109375
it: 64, sigma: 1657.2142333984375
it: 65, sigma: 1652.554443359375
it: 66, sigma: 1647.9384765625
it: 67, sigma: 1643.3218994140625
it: 68, sigma: 1638.9036865234375
it: 69, sigma: 1634.7200927734375
it: 70, sigma: 1630.60498046875
it: 71, sigma: 1626.35888671875
it: 72, sigma: 1621.9632568359375
it: 73, sigma: 1617.56201171875
it: 74, sigma: 1613.264404296875
it: 75, sigma: 1609.066650390625
it: 76, sigma: 1604.9249267578125
it: 77, sigma: 1600.821044921875
it: 78, sigma: 1596.76025390625
it: 79, sigma: 1592.7548828125
it: 80, sigma: 1588.8038330078125
it: 81, sigma: 1584.864501953125
it: 82, sigma: 1580.81201171875
it: 83, sigma: 1576.337158203125
it: 84, sigma: 1570.9927978515625
it: 85, sigma: 1564.62109375
it: 86, sigma: 1556.83154296875
it: 87, sigma: 1547.1201171875
it: 88, sigma: 1534.6226806640625
it: 89, sigma: 1521.3011474609375
it: 90, sigma: 1507.632080078125
it: 91, sigma: 1493.7021484375
it: 92, sigma: 1479.5833740234375
it: 93, sigma: 1467.215576171875
it: 94, sigma: 1456.880615234375
it: 95, sigma: 1448.2794189453125
it: 96, sigma: 1440.5682373046875
it: 97, sigma: 1433.02490234375
it: 98, sigma: 1425.6630859375
it: 99, sigma: 1418.749755859375
it: 100, sigma: 1412.1876220703125
it: 101, sigma: 1405.2080078125
it: 102, sigma: 1397.3836669921875
it: 103, sigma: 1388.9150390625
it: 104, sigma: 1380.647705078125
it: 105, sigma: 1372.9306640625
it: 106, sigma: 1365.5963134765625
it: 107, sigma: 1358.3355712890625
it: 108, sigma: 1350.7271728515625
it: 109, sigma: 1342.3873291015625
it: 110, sigma: 1333.2406005859375
it: 111, sigma: 1323.0909423828125
it: 112, sigma: 1313.488525390625
it: 113, sigma: 1303.2901611328125
it: 114, sigma: 1291.2166748046875
it: 115, sigma: 1276.2177734375
it: 116, sigma: 1252.923095703125
it: 117, sigma: 1219.07275390625
it: 118, sigma: 1178.985107421875
it: 119, sigma: 1135.8529052734375
it: 120, sigma: 1093.961181640625
it: 121, sigma: 1055.57763671875
it: 122, sigma: 1021.48095703125
it: 123, sigma: 993.2192993164062
it: 124, sigma: 968.900146484375
it: 125, sigma: 941.91064453125
it: 126, sigma: 913.9612426757812
it: 127, sigma: 883.9979248046875
it: 128, sigma: 853.9490356445312
it: 129, sigma: 821.1943969726562
it: 130, sigma: 792.79736328125
it: 131, sigma: 769.6641235351562
it: 132, sigma: 748.1544189453125
it: 133, sigma: 731.180419921875
it: 134, sigma: 717.7796630859375
it: 135, sigma: 707.282470703125
it: 136, sigma: 698.477294921875
it: 137, sigma: 690.2440185546875
it: 138, sigma: 681.9368286132812
it: 139, sigma: 673.247314453125
it: 140, sigma: 663.9677734375
it: 141, sigma: 654.20263671875
it: 142, sigma: 644.14208984375
it: 143, sigma: 632.6080932617188
it: 144, sigma: 617.8726806640625
it: 145, sigma: 601.4819946289062
it: 146, sigma: 586.61279296875
it: 147, sigma: 570.18408203125
it: 148, sigma: 557.25146484375
it: 149, sigma: 547.196533203125
it: 150, sigma: 539.5276489257812
it: 151, sigma: 534.111328125
it: 152, sigma: 530.5612182617188
it: 153, sigma: 528.2103271484375
it: 154, sigma: 526.5857543945312
it: 155, sigma: 525.4153442382812
it: 156, sigma: 524.5406494140625
it: 157, sigma: 523.8656616210938
it: 158, sigma: 523.330322265625
it: 159, sigma: 522.8961181640625
it: 160, sigma: 522.537353515625
it: 161, sigma: 522.236572265625
it: 162, sigma: 521.981201171875
it: 163, sigma: 521.76220703125
it: 164, sigma: 521.572509765625
it: 165, sigma: 521.4066162109375
it: 166, sigma: 521.2603759765625
it: 167, sigma: 521.1300048828125
it: 168, sigma: 521.0125732421875
it: 169, sigma: 520.9048461914062
it: 170, sigma: 520.8031005859375
it: 171, sigma: 520.7009887695312
it: 172, sigma: 520.5848388671875
it: 173, sigma: 520.429443359375
it: 174, sigma: 520.2137451171875
it: 175, sigma: 519.9654541015625
it: 176, sigma: 519.7415161132812
it: 177, sigma: 519.5643920898438
it: 178, sigma: 519.4281616210938
it: 179, sigma: 519.3223876953125
it: 180, sigma: 519.239013671875
it: 181, sigma: 519.172119140625
it: 182, sigma: 519.1173095703125
it: 183, sigma: 519.0715942382812
it: 184, sigma: 519.0325927734375
it: 185, sigma: 518.9985961914062
it: 186, sigma: 518.9684448242188
it: 187, sigma: 518.941162109375
it: 188, sigma: 518.916259765625
it: 189, sigma: 518.8933715820312
it: 190, sigma: 518.8721923828125
it: 191, sigma: 518.8526611328125
it: 192, sigma: 518.8347778320312
it: 193, sigma: 518.8184204101562
it: 194, sigma: 518.8035888671875
it: 195, sigma: 518.790283203125
it: 196, sigma: 518.7783203125
it: 197, sigma: 518.7677612304688
it: 198, sigma: 518.7583618164062
it: 199, sigma: 518.7500610351562
it: 200, sigma: 518.7427978515625
it: 201, sigma: 518.7363891601562
it: 202, sigma: 518.7307739257812
it: 203, sigma: 518.725830078125
it: 204, sigma: 518.7214965820312
it: 205, sigma: 518.7176513671875
it: 206, sigma: 518.71435546875
it: 207, sigma: 518.71142578125
it: 208, sigma: 518.7088012695312
it: 209, sigma: 518.70654296875
it: 210, sigma: 518.7045288085938
it: 211, sigma: 518.7026977539062
it: 212, sigma: 518.701171875
it: 213, sigma: 518.69970703125
it: 214, sigma: 518.698486328125
it: 215, sigma: 518.6973876953125
it: 216, sigma: 518.6964111328125
it: 217, sigma: 518.695556640625
it: 218, sigma: 518.6947631835938
it: 219, sigma: 518.694091796875
it: 220, sigma: 518.6934814453125
it: 221, sigma: 518.6929321289062
it: 222, sigma: 518.6923828125
it: 223, sigma: 518.6919555664062
it: 224, sigma: 518.6915283203125
it: 225, sigma: 518.6912231445312
it: 226, sigma: 518.69091796875
it: 227, sigma: 518.690673828125
it: 228, sigma: 518.6903686523438
it: 229, sigma: 518.6901245117188
it: 230, sigma: 518.68994140625
it: 231, sigma: 518.689697265625
it: 232, sigma: 518.6895751953125
it: 233, sigma: 518.6893920898438
it: 234, sigma: 518.6893310546875
it: 235, sigma: 518.689208984375
it: 236, sigma: 518.6890869140625
it: 237, sigma: 518.68896484375
it: 238, sigma: 518.6888427734375
it: 239, sigma: 518.688720703125
it: 240, sigma: 518.688720703125
it: 241, sigma: 518.6885986328125
it: 242, sigma: 518.6885986328125
it: 243, sigma: 518.6885375976562
it: 244, sigma: 518.6884765625
it: 245, sigma: 518.6884765625
it: 246, sigma: 518.6884155273438
it: 247, sigma: 518.6883544921875
it: 248, sigma: 518.6883544921875
it: 249, sigma: 518.6883544921875
it: 250, sigma: 518.6882934570312
it: 251, sigma: 518.688232421875
it: 252, sigma: 518.688232421875
it: 253, sigma: 518.688232421875
it: 254, sigma: 518.688232421875
it: 255, sigma: 518.6881713867188
it: 256, sigma: 518.6881713867188
it: 257, sigma: 518.6881103515625
it: 258, sigma: 518.6881103515625
it: 259, sigma: 518.6881103515625
it: 260, sigma: 518.6881103515625
it: 261, sigma: 518.6881103515625
it: 262, sigma: 518.6881103515625
it: 263, sigma: 518.6881103515625
it: 264, sigma: 518.6881103515625
it: 265, sigma: 518.6881103515625
it: 266, sigma: 518.6881103515625
it: 267, sigma: 518.6881103515625
it: 268, sigma: 518.6881103515625
it: 269, sigma: 518.6881103515625
it: 270, sigma: 518.6881103515625
it: 271, sigma: 518.6881103515625
it: 272, sigma: 518.6880493164062
it: 273, sigma: 518.6881103515625
it: 274, sigma: 518.6880493164062
it: 275, sigma: 518.6880493164062
it: 276, sigma: 518.6880493164062
it: 277, sigma: 518.6880493164062
it: 278, sigma: 518.6880493164062
it: 279, sigma: 518.6880493164062
it: 280, sigma: 518.68798828125
it: 281, sigma: 518.6880493164062
it: 282, sigma: 518.6880493164062
it: 283, sigma: 518.6880493164062
it: 284, sigma: 518.6880493164062
it: 285, sigma: 518.6880493164062
it: 286, sigma: 518.68798828125
it: 287, sigma: 518.68798828125
it: 288, sigma: 518.6880493164062
it: 289, sigma: 518.68798828125
it: 290, sigma: 518.6880493164062
it: 291, sigma: 518.6880493164062
it: 292, sigma: 518.68798828125
it: 293, sigma: 518.6880493164062
it: 294, sigma: 518.6880493164062
it: 295, sigma: 518.6880493164062
it: 296, sigma: 518.6880493164062
it: 297, sigma: 518.68798828125
it: 298, sigma: 518.68798828125
it: 299, sigma: 518.68798828125
it: 300, sigma: 518.68798828125
init 3 lasted 300 iterations. final sigma: 518.68798828125
it: 0, sigma: 15642033.0
it: 1, sigma: 6997.11865234375
it: 2, sigma: 5910.66796875
it: 3, sigma: 5463.04638671875
it: 4, sigma: 5263.7919921875
it: 5, sigma: 5071.908203125
it: 6, sigma: 4866.5458984375
it: 7, sigma: 4682.2880859375
it: 8, sigma: 4509.36474609375
it: 9, sigma: 4333.875
it: 10, sigma: 4158.60205078125
it: 11, sigma: 3980.69775390625
it: 12, sigma: 3791.198974609375
it: 13, sigma: 3582.11572265625
it: 14, sigma: 3360.87548828125
it: 15, sigma: 3137.2021484375
it: 16, sigma: 2916.839111328125
it: 17, sigma: 2694.795654296875
it: 18, sigma: 2466.8583984375
it: 19, sigma: 2241.932861328125
it: 20, sigma: 2034.3433837890625
it: 21, sigma: 1841.0609130859375
it: 22, sigma: 1663.5107421875
it: 23, sigma: 1516.2685546875
it: 24, sigma: 1399.49072265625
it: 25, sigma: 1306.58349609375
it: 26, sigma: 1228.465087890625
it: 27, sigma: 1156.2139892578125
it: 28, sigma: 1083.7120361328125
it: 29, sigma: 1008.9852294921875
it: 30, sigma: 929.973876953125
it: 31, sigma: 847.2080688476562
it: 32, sigma: 773.849609375
it: 33, sigma: 722.3588256835938
it: 34, sigma: 687.3851318359375
it: 35, sigma: 661.81396484375
it: 36, sigma: 641.1712646484375
it: 37, sigma: 624.9722900390625
it: 38, sigma: 612.0753173828125
it: 39, sigma: 601.6221313476562
it: 40, sigma: 593.01708984375
it: 41, sigma: 585.8090209960938
it: 42, sigma: 579.568359375
it: 43, sigma: 573.6959838867188
it: 44, sigma: 567.500732421875
it: 45, sigma: 561.0567626953125
it: 46, sigma: 554.9733276367188
it: 47, sigma: 549.4842529296875
it: 48, sigma: 544.5964965820312
it: 49, sigma: 540.2868041992188
it: 50, sigma: 536.506591796875
it: 51, sigma: 533.18359375
it: 52, sigma: 530.2351684570312
it: 53, sigma: 527.5805053710938
it: 54, sigma: 525.1485595703125
it: 55, sigma: 522.8822021484375
it: 56, sigma: 520.7392578125
it: 57, sigma: 518.692138671875
it: 58, sigma: 516.72607421875
it: 59, sigma: 514.8360595703125
it: 60, sigma: 513.0240478515625
it: 61, sigma: 511.29339599609375
it: 62, sigma: 509.64483642578125
it: 63, sigma: 508.07403564453125
it: 64, sigma: 506.57470703125
it: 65, sigma: 505.1465148925781
it: 66, sigma: 503.8016662597656
it: 67, sigma: 502.5604553222656
it: 68, sigma: 501.4385986328125
it: 69, sigma: 500.43927001953125
it: 70, sigma: 499.55426025390625
it: 71, sigma: 498.769775390625
it: 72, sigma: 498.07061767578125
it: 73, sigma: 497.4425048828125
it: 74, sigma: 496.8729553222656
it: 75, sigma: 496.35101318359375
it: 76, sigma: 495.8672790527344
it: 77, sigma: 495.4134826660156
it: 78, sigma: 494.98236083984375
it: 79, sigma: 494.5675354003906
it: 80, sigma: 494.16326904296875
it: 81, sigma: 493.76434326171875
it: 82, sigma: 493.36614990234375
it: 83, sigma: 492.96392822265625
it: 84, sigma: 492.55242919921875
it: 85, sigma: 492.1248474121094
it: 86, sigma: 491.67083740234375
it: 87, sigma: 491.17333984375
it: 88, sigma: 490.6017150878906
it: 89, sigma: 489.89666748046875
it: 90, sigma: 488.9412536621094
it: 91, sigma: 487.5343017578125
it: 92, sigma: 485.4842529296875
it: 93, sigma: 482.86578369140625
it: 94, sigma: 479.99188232421875
it: 95, sigma: 477.108642578125
it: 96, sigma: 474.33380126953125
it: 97, sigma: 471.7288513183594
it: 98, sigma: 469.332763671875
it: 99, sigma: 467.1665954589844
it: 100, sigma: 465.233154296875
it: 101, sigma: 463.520263671875
it: 102, sigma: 462.0067138671875
it: 103, sigma: 460.6680603027344
it: 104, sigma: 459.48040771484375
it: 105, sigma: 458.4222717285156
it: 106, sigma: 457.47528076171875
it: 107, sigma: 456.6241455078125
it: 108, sigma: 455.85638427734375
it: 109, sigma: 455.1618347167969
it: 110, sigma: 454.53216552734375
it: 111, sigma: 453.9605712890625
it: 112, sigma: 453.4415588378906
it: 113, sigma: 452.970458984375
it: 114, sigma: 452.54351806640625
it: 115, sigma: 452.1573486328125
it: 116, sigma: 451.80902099609375
it: 117, sigma: 451.4957275390625
it: 118, sigma: 451.2147216796875
it: 119, sigma: 450.96343994140625
it: 120, sigma: 450.7392578125
it: 121, sigma: 450.539794921875
it: 122, sigma: 450.3626708984375
it: 123, sigma: 450.2056884765625
it: 124, sigma: 450.06689453125
it: 125, sigma: 449.9443359375
it: 126, sigma: 449.8363342285156
it: 127, sigma: 449.7413024902344
it: 128, sigma: 449.65771484375
it: 129, sigma: 449.5843200683594
it: 130, sigma: 449.5198974609375
it: 131, sigma: 449.46343994140625
it: 132, sigma: 449.4139099121094
it: 133, sigma: 449.3704833984375
it: 134, sigma: 449.33251953125
it: 135, sigma: 449.2991638183594
it: 136, sigma: 449.27001953125
it: 137, sigma: 449.2445068359375
it: 138, sigma: 449.2221374511719
it: 139, sigma: 449.2025451660156
it: 140, sigma: 449.1854248046875
it: 141, sigma: 449.1703796386719
it: 142, sigma: 449.1572265625
it: 143, sigma: 449.1457214355469
it: 144, sigma: 449.1356201171875
it: 145, sigma: 449.12677001953125
it: 146, sigma: 449.1190185546875
it: 147, sigma: 449.1121826171875
it: 148, sigma: 449.10626220703125
it: 149, sigma: 449.1009521484375
it: 150, sigma: 449.09637451171875
it: 151, sigma: 449.09234619140625
it: 152, sigma: 449.0888366699219
it: 153, sigma: 449.085693359375
it: 154, sigma: 449.0830078125
it: 155, sigma: 449.08056640625
it: 156, sigma: 449.0784912109375
it: 157, sigma: 449.07659912109375
it: 158, sigma: 449.0749816894531
it: 159, sigma: 449.07354736328125
it: 160, sigma: 449.072265625
it: 161, sigma: 449.07110595703125
it: 162, sigma: 449.07012939453125
it: 163, sigma: 449.06927490234375
it: 164, sigma: 449.0685119628906
it: 165, sigma: 449.06787109375
it: 166, sigma: 449.0672607421875
it: 167, sigma: 449.06671142578125
it: 168, sigma: 449.0662841796875
it: 169, sigma: 449.06585693359375
it: 170, sigma: 449.06549072265625
it: 171, sigma: 449.0651550292969
it: 172, sigma: 449.06488037109375
it: 173, sigma: 449.06463623046875
it: 174, sigma: 449.06439208984375
it: 175, sigma: 449.064208984375
it: 176, sigma: 449.06402587890625
it: 177, sigma: 449.06390380859375
it: 178, sigma: 449.0637512207031
it: 179, sigma: 449.06365966796875
it: 180, sigma: 449.06353759765625
it: 181, sigma: 449.06341552734375
it: 182, sigma: 449.0633544921875
it: 183, sigma: 449.06329345703125
it: 184, sigma: 449.063232421875
it: 185, sigma: 449.06317138671875
it: 186, sigma: 449.0630798339844
it: 187, sigma: 449.0630798339844
it: 188, sigma: 449.0630187988281
it: 189, sigma: 449.06298828125
it: 190, sigma: 449.0629577636719
it: 191, sigma: 449.06292724609375
it: 192, sigma: 449.06292724609375
it: 193, sigma: 449.0628662109375
it: 194, sigma: 449.0628662109375
it: 195, sigma: 449.0628662109375
it: 196, sigma: 449.06280517578125
it: 197, sigma: 449.06280517578125
it: 198, sigma: 449.06280517578125
it: 199, sigma: 449.06280517578125
it: 200, sigma: 449.0627746582031
it: 201, sigma: 449.0627746582031
it: 202, sigma: 449.0627746582031
it: 203, sigma: 449.062744140625
it: 204, sigma: 449.062744140625
it: 205, sigma: 449.062744140625
it: 206, sigma: 449.062744140625
it: 207, sigma: 449.062744140625
it: 208, sigma: 449.0627136230469
it: 209, sigma: 449.062744140625
it: 210, sigma: 449.0627136230469
it: 211, sigma: 449.0627136230469
it: 212, sigma: 449.062744140625
it: 213, sigma: 449.062744140625
it: 214, sigma: 449.062744140625
it: 215, sigma: 449.0627136230469
it: 216, sigma: 449.0627136230469
it: 217, sigma: 449.0627136230469
it: 218, sigma: 449.06268310546875
it: 219, sigma: 449.0627136230469
it: 220, sigma: 449.062744140625
it: 221, sigma: 449.06268310546875
it: 222, sigma: 449.0627136230469
it: 223, sigma: 449.0627136230469
it: 224, sigma: 449.06268310546875
it: 225, sigma: 449.06268310546875
it: 226, sigma: 449.0627136230469
it: 227, sigma: 449.0627136230469
it: 228, sigma: 449.0627136230469
it: 229, sigma: 449.06268310546875
it: 230, sigma: 449.06268310546875
it: 231, sigma: 449.0627136230469
it: 232, sigma: 449.0627136230469
it: 233, sigma: 449.0627136230469
it: 234, sigma: 449.0627136230469
it: 235, sigma: 449.0627136230469
it: 236, sigma: 449.06268310546875
it: 237, sigma: 449.06268310546875
it: 238, sigma: 449.06268310546875
it: 239, sigma: 449.06268310546875
it: 240, sigma: 449.0627136230469
it: 241, sigma: 449.0627136230469
it: 242, sigma: 449.0627136230469
it: 243, sigma: 449.0627136230469
it: 244, sigma: 449.06268310546875
it: 245, sigma: 449.0627136230469
it: 246, sigma: 449.06268310546875
it: 247, sigma: 449.0627136230469
it: 248, sigma: 449.0627136230469
it: 249, sigma: 449.0627136230469
it: 250, sigma: 449.062744140625
it: 251, sigma: 449.06268310546875
it: 252, sigma: 449.06268310546875
it: 253, sigma: 449.06268310546875
it: 254, sigma: 449.06268310546875
it: 255, sigma: 449.06268310546875
it: 256, sigma: 449.062744140625
it: 257, sigma: 449.0627136230469
it: 258, sigma: 449.06268310546875
it: 259, sigma: 449.0627136230469
it: 260, sigma: 449.0627136230469
it: 261, sigma: 449.0627136230469
it: 262, sigma: 449.06268310546875
it: 263, sigma: 449.06268310546875
it: 264, sigma: 449.0627136230469
it: 265, sigma: 449.0627136230469
it: 266, sigma: 449.0627136230469
it: 267, sigma: 449.06268310546875
it: 268, sigma: 449.062744140625
it: 269, sigma: 449.06268310546875
it: 270, sigma: 449.06268310546875
it: 271, sigma: 449.06268310546875
it: 272, sigma: 449.06268310546875
it: 273, sigma: 449.0627136230469
it: 274, sigma: 449.06268310546875
it: 275, sigma: 449.0627136230469
it: 276, sigma: 449.0627136230469
it: 277, sigma: 449.06268310546875
it: 278, sigma: 449.062744140625
it: 279, sigma: 449.06268310546875
it: 280, sigma: 449.0627136230469
it: 281, sigma: 449.0627136230469
it: 282, sigma: 449.06268310546875
it: 283, sigma: 449.0627136230469
it: 284, sigma: 449.0627136230469
it: 285, sigma: 449.06268310546875
it: 286, sigma: 449.06268310546875
it: 287, sigma: 449.0627136230469
it: 288, sigma: 449.0627136230469
it: 289, sigma: 449.0627136230469
it: 290, sigma: 449.0627136230469
it: 291, sigma: 449.06268310546875
it: 292, sigma: 449.0627136230469
it: 293, sigma: 449.06268310546875
it: 294, sigma: 449.0627136230469
it: 295, sigma: 449.06268310546875
it: 296, sigma: 449.0627136230469
it: 297, sigma: 449.06268310546875
it: 298, sigma: 449.06268310546875
it: 299, sigma: 449.06268310546875
it: 300, sigma: 449.0627136230469
init 4 lasted 300 iterations. final sigma: 449.0627136230469
best sigma: 449.0100402832031
mds total runtime: 1.2678416069829836 seconds
Time: 1.289276123046875
