/homes/jaredcbothwell/virtualenvs/cuda/lib/python3.9/site-packages/numba/cuda/dispatcher.py:488: NumbaPerformanceWarning: Grid size 65 will likely result in GPU under-utilization due to low occupancy.
  warn(NumbaPerformanceWarning(msg))
/homes/jaredcbothwell/virtualenvs/cuda/lib/python3.9/site-packages/numba/cuda/dispatcher.py:488: NumbaPerformanceWarning: Grid size 33 will likely result in GPU under-utilization due to low occupancy.
  warn(NumbaPerformanceWarning(msg))
/homes/jaredcbothwell/virtualenvs/cuda/lib/python3.9/site-packages/numba/cuda/dispatcher.py:488: NumbaPerformanceWarning: Grid size 17 will likely result in GPU under-utilization due to low occupancy.
  warn(NumbaPerformanceWarning(msg))
/homes/jaredcbothwell/virtualenvs/cuda/lib/python3.9/site-packages/numba/cuda/dispatcher.py:488: NumbaPerformanceWarning: Grid size 9 will likely result in GPU under-utilization due to low occupancy.
  warn(NumbaPerformanceWarning(msg))
/homes/jaredcbothwell/virtualenvs/cuda/lib/python3.9/site-packages/numba/cuda/dispatcher.py:488: NumbaPerformanceWarning: Grid size 5 will likely result in GPU under-utilization due to low occupancy.
  warn(NumbaPerformanceWarning(msg))
/homes/jaredcbothwell/virtualenvs/cuda/lib/python3.9/site-packages/numba/cuda/dispatcher.py:488: NumbaPerformanceWarning: Grid size 3 will likely result in GPU under-utilization due to low occupancy.
  warn(NumbaPerformanceWarning(msg))
/homes/jaredcbothwell/virtualenvs/cuda/lib/python3.9/site-packages/numba/cuda/dispatcher.py:488: NumbaPerformanceWarning: Grid size 2 will likely result in GPU under-utilization due to low occupancy.
  warn(NumbaPerformanceWarning(msg))
/homes/jaredcbothwell/virtualenvs/cuda/lib/python3.9/site-packages/numba/cuda/dispatcher.py:488: NumbaPerformanceWarning: Grid size 1 will likely result in GPU under-utilization due to low occupancy.
  warn(NumbaPerformanceWarning(msg))
/homes/jaredcbothwell/virtualenvs/cuda/lib/python3.9/site-packages/numba/cuda/dispatcher.py:488: NumbaPerformanceWarning: Grid size 63 will likely result in GPU under-utilization due to low occupancy.
  warn(NumbaPerformanceWarning(msg))
read data
calculated distances
it: 0, sigma: 1565079296.0
it: 1, sigma: 739620.6875
it: 2, sigma: 640120.3125
it: 3, sigma: 588620.25
it: 4, sigma: 562653.375
it: 5, sigma: 547616.0
it: 6, sigma: 537864.0625
it: 7, sigma: 531120.875
it: 8, sigma: 525476.5
it: 9, sigma: 520048.125
it: 10, sigma: 514148.75
it: 11, sigma: 507145.375
it: 12, sigma: 498482.9375
it: 13, sigma: 487761.5
it: 14, sigma: 474687.75
it: 15, sigma: 459106.0
it: 16, sigma: 441051.15625
it: 17, sigma: 420607.9375
it: 18, sigma: 398111.625
it: 19, sigma: 374068.4375
it: 20, sigma: 349175.6875
it: 21, sigma: 324122.875
it: 22, sigma: 299507.625
it: 23, sigma: 275664.1875
it: 24, sigma: 253140.5625
it: 25, sigma: 232284.4375
it: 26, sigma: 213200.90625
it: 27, sigma: 195735.4375
it: 28, sigma: 179848.40625
it: 29, sigma: 165529.828125
it: 30, sigma: 152689.734375
it: 31, sigma: 141415.8125
it: 32, sigma: 131561.3125
it: 33, sigma: 122823.9140625
it: 34, sigma: 115079.484375
it: 35, sigma: 108257.875
it: 36, sigma: 102314.03125
it: 37, sigma: 97093.359375
it: 38, sigma: 92538.078125
it: 39, sigma: 88599.2421875
it: 40, sigma: 85236.7265625
it: 41, sigma: 82388.703125
it: 42, sigma: 79959.953125
it: 43, sigma: 77868.6875
it: 44, sigma: 76026.90625
it: 45, sigma: 74393.953125
it: 46, sigma: 72940.28125
it: 47, sigma: 71629.625
it: 48, sigma: 70418.671875
it: 49, sigma: 69303.0703125
it: 50, sigma: 68286.421875
it: 51, sigma: 67337.46875
it: 52, sigma: 66425.484375
it: 53, sigma: 65511.015625
it: 54, sigma: 64565.4609375
it: 55, sigma: 63565.9765625
it: 56, sigma: 62508.25
it: 57, sigma: 61476.59375
it: 58, sigma: 60598.1796875
it: 59, sigma: 59912.7421875
it: 60, sigma: 59368.60546875
it: 61, sigma: 58932.7265625
it: 62, sigma: 58586.2890625
it: 63, sigma: 58313.1015625
it: 64, sigma: 58101.2109375
it: 65, sigma: 57937.984375
it: 66, sigma: 57814.109375
it: 67, sigma: 57720.6171875
it: 68, sigma: 57650.59375
it: 69, sigma: 57597.203125
it: 70, sigma: 57555.203125
it: 71, sigma: 57521.5703125
it: 72, sigma: 57494.84375
it: 73, sigma: 57473.515625
it: 74, sigma: 57456.3359375
it: 75, sigma: 57442.3359375
it: 76, sigma: 57430.78125
it: 77, sigma: 57421.02734375
it: 78, sigma: 57412.7890625
it: 79, sigma: 57405.9140625
it: 80, sigma: 57400.171875
it: 81, sigma: 57395.3515625
it: 82, sigma: 57391.29296875
it: 83, sigma: 57387.8671875
it: 84, sigma: 57384.9453125
it: 85, sigma: 57382.453125
it: 86, sigma: 57380.3046875
it: 87, sigma: 57378.4453125
it: 88, sigma: 57376.82421875
it: 89, sigma: 57375.41015625
it: 90, sigma: 57374.1796875
it: 91, sigma: 57373.1015625
it: 92, sigma: 57372.1640625
it: 93, sigma: 57371.34375
it: 94, sigma: 57370.625
it: 95, sigma: 57369.9921875
it: 96, sigma: 57369.43359375
it: 97, sigma: 57368.9296875
it: 98, sigma: 57368.4921875
it: 99, sigma: 57368.09375
it: 100, sigma: 57367.7421875
it: 101, sigma: 57367.421875
it: 102, sigma: 57367.13671875
it: 103, sigma: 57366.875
it: 104, sigma: 57366.640625
it: 105, sigma: 57366.42578125
it: 106, sigma: 57366.234375
it: 107, sigma: 57366.0546875
it: 108, sigma: 57365.8984375
it: 109, sigma: 57365.74609375
it: 110, sigma: 57365.609375
it: 111, sigma: 57365.48828125
it: 112, sigma: 57365.375
it: 113, sigma: 57365.2734375
it: 114, sigma: 57365.171875
it: 115, sigma: 57365.0859375
it: 116, sigma: 57365.0078125
it: 117, sigma: 57364.9296875
it: 118, sigma: 57364.859375
it: 119, sigma: 57364.796875
it: 120, sigma: 57364.734375
it: 121, sigma: 57364.6796875
it: 122, sigma: 57364.625
it: 123, sigma: 57364.578125
it: 124, sigma: 57364.53125
it: 125, sigma: 57364.48828125
it: 126, sigma: 57364.4453125
it: 127, sigma: 57364.41015625
it: 128, sigma: 57364.375
it: 129, sigma: 57364.34375
it: 130, sigma: 57364.30859375
it: 131, sigma: 57364.28125
it: 132, sigma: 57364.25
it: 133, sigma: 57364.2265625
it: 134, sigma: 57364.203125
it: 135, sigma: 57364.1796875
it: 136, sigma: 57364.16015625
it: 137, sigma: 57364.13671875
it: 138, sigma: 57364.1171875
it: 139, sigma: 57364.09765625
it: 140, sigma: 57364.08203125
it: 141, sigma: 57364.0625
it: 142, sigma: 57364.05078125
it: 143, sigma: 57364.03515625
it: 144, sigma: 57364.01953125
it: 145, sigma: 57364.0078125
it: 146, sigma: 57363.9921875
it: 147, sigma: 57363.984375
it: 148, sigma: 57363.96875
it: 149, sigma: 57363.9609375
it: 150, sigma: 57363.94921875
it: 151, sigma: 57363.9375
it: 152, sigma: 57363.93359375
it: 153, sigma: 57363.921875
it: 154, sigma: 57363.9140625
it: 155, sigma: 57363.90625
it: 156, sigma: 57363.8984375
it: 157, sigma: 57363.890625
it: 158, sigma: 57363.8828125
it: 159, sigma: 57363.875
it: 160, sigma: 57363.875
it: 161, sigma: 57363.8671875
it: 162, sigma: 57363.86328125
it: 163, sigma: 57363.8515625
it: 164, sigma: 57363.8515625
it: 165, sigma: 57363.84375
it: 166, sigma: 57363.83984375
it: 167, sigma: 57363.8359375
it: 168, sigma: 57363.8359375
it: 169, sigma: 57363.828125
it: 170, sigma: 57363.82421875
it: 171, sigma: 57363.8203125
it: 172, sigma: 57363.8203125
it: 173, sigma: 57363.81640625
it: 174, sigma: 57363.8125
it: 175, sigma: 57363.8046875
it: 176, sigma: 57363.8046875
it: 177, sigma: 57363.8046875
it: 178, sigma: 57363.80078125
it: 179, sigma: 57363.796875
it: 180, sigma: 57363.796875
it: 181, sigma: 57363.796875
it: 182, sigma: 57363.7890625
it: 183, sigma: 57363.7890625
it: 184, sigma: 57363.7890625
it: 185, sigma: 57363.78515625
it: 186, sigma: 57363.78515625
it: 187, sigma: 57363.78125
it: 188, sigma: 57363.78125
it: 189, sigma: 57363.78125
it: 190, sigma: 57363.77734375
it: 191, sigma: 57363.7734375
it: 192, sigma: 57363.7734375
it: 193, sigma: 57363.7734375
it: 194, sigma: 57363.7734375
it: 195, sigma: 57363.7734375
it: 196, sigma: 57363.7734375
it: 197, sigma: 57363.76953125
it: 198, sigma: 57363.765625
it: 199, sigma: 57363.765625
it: 200, sigma: 57363.765625
it: 201, sigma: 57363.765625
it: 202, sigma: 57363.765625
it: 203, sigma: 57363.765625
it: 204, sigma: 57363.765625
it: 205, sigma: 57363.76171875
it: 206, sigma: 57363.76171875
it: 207, sigma: 57363.7578125
it: 208, sigma: 57363.7578125
it: 209, sigma: 57363.76171875
it: 210, sigma: 57363.7578125
it: 211, sigma: 57363.76171875
it: 212, sigma: 57363.7578125
it: 213, sigma: 57363.7578125
it: 214, sigma: 57363.7578125
it: 215, sigma: 57363.7578125
it: 216, sigma: 57363.7578125
it: 217, sigma: 57363.7578125
it: 218, sigma: 57363.7578125
it: 219, sigma: 57363.75390625
it: 220, sigma: 57363.75390625
it: 221, sigma: 57363.75390625
it: 222, sigma: 57363.75390625
it: 223, sigma: 57363.75390625
it: 224, sigma: 57363.75390625
it: 225, sigma: 57363.75390625
it: 226, sigma: 57363.75
it: 227, sigma: 57363.75390625
it: 228, sigma: 57363.75390625
it: 229, sigma: 57363.75390625
it: 230, sigma: 57363.75
it: 231, sigma: 57363.75
it: 232, sigma: 57363.75
it: 233, sigma: 57363.75
it: 234, sigma: 57363.75
it: 235, sigma: 57363.75390625
it: 236, sigma: 57363.75
it: 237, sigma: 57363.75
it: 238, sigma: 57363.75
it: 239, sigma: 57363.75
it: 240, sigma: 57363.75
it: 241, sigma: 57363.75
it: 242, sigma: 57363.75
it: 243, sigma: 57363.75
it: 244, sigma: 57363.75
it: 245, sigma: 57363.75
it: 246, sigma: 57363.75
it: 247, sigma: 57363.75
it: 248, sigma: 57363.75
it: 249, sigma: 57363.75
it: 250, sigma: 57363.75
it: 251, sigma: 57363.75390625
it: 252, sigma: 57363.75
it: 253, sigma: 57363.75
it: 254, sigma: 57363.75
it: 255, sigma: 57363.75
it: 256, sigma: 57363.75
it: 257, sigma: 57363.75
it: 258, sigma: 57363.75
it: 259, sigma: 57363.75
it: 260, sigma: 57363.75
it: 261, sigma: 57363.75
it: 262, sigma: 57363.75
it: 263, sigma: 57363.75
it: 264, sigma: 57363.75
it: 265, sigma: 57363.75
it: 266, sigma: 57363.75
it: 267, sigma: 57363.75
it: 268, sigma: 57363.75
it: 269, sigma: 57363.75
it: 270, sigma: 57363.75
it: 271, sigma: 57363.75
it: 272, sigma: 57363.75
it: 273, sigma: 57363.75
it: 274, sigma: 57363.75
it: 275, sigma: 57363.75
it: 276, sigma: 57363.75
it: 277, sigma: 57363.75
it: 278, sigma: 57363.75
it: 279, sigma: 57363.75
it: 280, sigma: 57363.75
it: 281, sigma: 57363.75
it: 282, sigma: 57363.75
it: 283, sigma: 57363.75
it: 284, sigma: 57363.75
it: 285, sigma: 57363.75
it: 286, sigma: 57363.75
it: 287, sigma: 57363.75
it: 288, sigma: 57363.75
it: 289, sigma: 57363.75
it: 290, sigma: 57363.75
it: 291, sigma: 57363.74609375
it: 292, sigma: 57363.75
it: 293, sigma: 57363.75
it: 294, sigma: 57363.75
it: 295, sigma: 57363.75
it: 296, sigma: 57363.75
it: 297, sigma: 57363.74609375
it: 298, sigma: 57363.74609375
it: 299, sigma: 57363.75
it: 300, sigma: 57363.75
init 1 lasted 300 iterations. final sigma: 57363.75
it: 0, sigma: 1538141184.0
it: 1, sigma: 726289.6875
it: 2, sigma: 630204.6875
it: 3, sigma: 584956.6875
it: 4, sigma: 558917.625
it: 5, sigma: 542274.0
it: 6, sigma: 531275.75
it: 7, sigma: 522421.125
it: 8, sigma: 513757.46875
it: 9, sigma: 504023.6875
it: 10, sigma: 492284.25
it: 11, sigma: 478004.3125
it: 12, sigma: 461230.03125
it: 13, sigma: 442368.3125
it: 14, sigma: 422201.75
it: 15, sigma: 401707.0625
it: 16, sigma: 381798.0625
it: 17, sigma: 363129.21875
it: 18, sigma: 345962.9375
it: 19, sigma: 330138.0
it: 20, sigma: 315555.5625
it: 21, sigma: 302108.125
it: 22, sigma: 289534.78125
it: 23, sigma: 277793.25
it: 24, sigma: 266930.375
it: 25, sigma: 256791.96875
it: 26, sigma: 247236.78125
it: 27, sigma: 238013.15625
it: 28, sigma: 228999.59375
it: 29, sigma: 220261.859375
it: 30, sigma: 211798.34375
it: 31, sigma: 203514.53125
it: 32, sigma: 195381.046875
it: 33, sigma: 187544.75
it: 34, sigma: 180111.8125
it: 35, sigma: 173126.3125
it: 36, sigma: 166559.40625
it: 37, sigma: 160415.5
it: 38, sigma: 154673.71875
it: 39, sigma: 149264.171875
it: 40, sigma: 144151.53125
it: 41, sigma: 139295.390625
it: 42, sigma: 134642.53125
it: 43, sigma: 130166.2734375
it: 44, sigma: 125780.703125
it: 45, sigma: 121448.703125
it: 46, sigma: 117241.8515625
it: 47, sigma: 113331.078125
it: 48, sigma: 109833.359375
it: 49, sigma: 106751.625
it: 50, sigma: 103980.46875
it: 51, sigma: 101371.7578125
it: 52, sigma: 98855.53125
it: 53, sigma: 96439.4375
it: 54, sigma: 94095.3984375
it: 55, sigma: 91841.984375
it: 56, sigma: 89685.6640625
it: 57, sigma: 87692.5078125
it: 58, sigma: 85938.5859375
it: 59, sigma: 84432.71875
it: 60, sigma: 83102.3046875
it: 61, sigma: 81865.4921875
it: 62, sigma: 80686.546875
it: 63, sigma: 79538.890625
it: 64, sigma: 78433.8046875
it: 65, sigma: 77391.8984375
it: 66, sigma: 76425.53125
it: 67, sigma: 75492.1484375
it: 68, sigma: 74569.71875
it: 69, sigma: 73657.90625
it: 70, sigma: 72760.8046875
it: 71, sigma: 71883.359375
it: 72, sigma: 71057.3359375
it: 73, sigma: 70325.03125
it: 74, sigma: 69708.203125
it: 75, sigma: 69182.28125
it: 76, sigma: 68722.46875
it: 77, sigma: 68312.0
it: 78, sigma: 67924.265625
it: 79, sigma: 67532.921875
it: 80, sigma: 67103.828125
it: 81, sigma: 66665.140625
it: 82, sigma: 66253.5859375
it: 83, sigma: 65891.5
it: 84, sigma: 65576.6171875
it: 85, sigma: 65297.98828125
it: 86, sigma: 65051.19921875
it: 87, sigma: 64829.29296875
it: 88, sigma: 64619.3046875
it: 89, sigma: 64421.828125
it: 90, sigma: 64237.53125
it: 91, sigma: 64062.4296875
it: 92, sigma: 63893.70703125
it: 93, sigma: 63722.609375
it: 94, sigma: 63549.6015625
it: 95, sigma: 63374.390625
it: 96, sigma: 63196.93359375
it: 97, sigma: 63020.8828125
it: 98, sigma: 62848.7890625
it: 99, sigma: 62682.828125
it: 100, sigma: 62526.6484375
it: 101, sigma: 62379.8828125
it: 102, sigma: 62244.5859375
it: 103, sigma: 62121.125
it: 104, sigma: 62007.4765625
it: 105, sigma: 61902.40234375
it: 106, sigma: 61802.15625
it: 107, sigma: 61706.91796875
it: 108, sigma: 61620.30078125
it: 109, sigma: 61541.625
it: 110, sigma: 61470.2578125
it: 111, sigma: 61406.4296875
it: 112, sigma: 61348.80078125
it: 113, sigma: 61294.7265625
it: 114, sigma: 61244.3046875
it: 115, sigma: 61198.7734375
it: 116, sigma: 61158.21875
it: 117, sigma: 61122.23046875
it: 118, sigma: 61090.3125
it: 119, sigma: 61062.03125
it: 120, sigma: 61037.0234375
it: 121, sigma: 61015.0078125
it: 122, sigma: 60995.671875
it: 123, sigma: 60978.71875
it: 124, sigma: 60963.85546875
it: 125, sigma: 60950.84375
it: 126, sigma: 60939.453125
it: 127, sigma: 60929.5
it: 128, sigma: 60920.8125
it: 129, sigma: 60913.234375
it: 130, sigma: 60906.6328125
it: 131, sigma: 60900.875
it: 132, sigma: 60895.86328125
it: 133, sigma: 60891.48828125
it: 134, sigma: 60887.671875
it: 135, sigma: 60884.33984375
it: 136, sigma: 60881.421875
it: 137, sigma: 60878.875
it: 138, sigma: 60876.640625
it: 139, sigma: 60874.6796875
it: 140, sigma: 60872.9609375
it: 141, sigma: 60871.4609375
it: 142, sigma: 60870.14453125
it: 143, sigma: 60868.9921875
it: 144, sigma: 60867.98046875
it: 145, sigma: 60867.0859375
it: 146, sigma: 60866.296875
it: 147, sigma: 60865.6015625
it: 148, sigma: 60864.984375
it: 149, sigma: 60864.43359375
it: 150, sigma: 60863.94140625
it: 151, sigma: 60863.5078125
it: 152, sigma: 60863.125
it: 153, sigma: 60862.78125
it: 154, sigma: 60862.4765625
it: 155, sigma: 60862.20703125
it: 156, sigma: 60861.96875
it: 157, sigma: 60861.75
it: 158, sigma: 60861.5546875
it: 159, sigma: 60861.38671875
it: 160, sigma: 60861.2265625
it: 161, sigma: 60861.08984375
it: 162, sigma: 60860.9609375
it: 163, sigma: 60860.84765625
it: 164, sigma: 60860.7421875
it: 165, sigma: 60860.64453125
it: 166, sigma: 60860.5625
it: 167, sigma: 60860.484375
it: 168, sigma: 60860.41015625
it: 169, sigma: 60860.34375
it: 170, sigma: 60860.28515625
it: 171, sigma: 60860.2265625
it: 172, sigma: 60860.171875
it: 173, sigma: 60860.125
it: 174, sigma: 60860.0859375
it: 175, sigma: 60860.04296875
it: 176, sigma: 60860.00390625
it: 177, sigma: 60859.96875
it: 178, sigma: 60859.9296875
it: 179, sigma: 60859.8984375
it: 180, sigma: 60859.87109375
it: 181, sigma: 60859.84375
it: 182, sigma: 60859.81640625
it: 183, sigma: 60859.79296875
it: 184, sigma: 60859.765625
it: 185, sigma: 60859.74609375
it: 186, sigma: 60859.72265625
it: 187, sigma: 60859.703125
it: 188, sigma: 60859.68359375
it: 189, sigma: 60859.6640625
it: 190, sigma: 60859.6484375
it: 191, sigma: 60859.625
it: 192, sigma: 60859.609375
it: 193, sigma: 60859.59765625
it: 194, sigma: 60859.58203125
it: 195, sigma: 60859.56640625
it: 196, sigma: 60859.5546875
it: 197, sigma: 60859.5390625
it: 198, sigma: 60859.52734375
it: 199, sigma: 60859.515625
it: 200, sigma: 60859.50390625
it: 201, sigma: 60859.4921875
it: 202, sigma: 60859.48046875
it: 203, sigma: 60859.46875
it: 204, sigma: 60859.4609375
it: 205, sigma: 60859.453125
it: 206, sigma: 60859.4453125
it: 207, sigma: 60859.43359375
it: 208, sigma: 60859.421875
it: 209, sigma: 60859.41796875
it: 210, sigma: 60859.40625
it: 211, sigma: 60859.40234375
it: 212, sigma: 60859.390625
it: 213, sigma: 60859.3828125
it: 214, sigma: 60859.375
it: 215, sigma: 60859.375
it: 216, sigma: 60859.36328125
it: 217, sigma: 60859.35546875
it: 218, sigma: 60859.3515625
it: 219, sigma: 60859.34375
it: 220, sigma: 60859.3359375
it: 221, sigma: 60859.33203125
it: 222, sigma: 60859.328125
it: 223, sigma: 60859.3203125
it: 224, sigma: 60859.3125
it: 225, sigma: 60859.3125
it: 226, sigma: 60859.3046875
it: 227, sigma: 60859.30078125
it: 228, sigma: 60859.296875
it: 229, sigma: 60859.29296875
it: 230, sigma: 60859.2890625
it: 231, sigma: 60859.28515625
it: 232, sigma: 60859.28125
it: 233, sigma: 60859.2734375
it: 234, sigma: 60859.26953125
it: 235, sigma: 60859.265625
it: 236, sigma: 60859.26171875
it: 237, sigma: 60859.2578125
it: 238, sigma: 60859.25390625
it: 239, sigma: 60859.25
it: 240, sigma: 60859.25
it: 241, sigma: 60859.2421875
it: 242, sigma: 60859.2421875
it: 243, sigma: 60859.234375
it: 244, sigma: 60859.234375
it: 245, sigma: 60859.234375
it: 246, sigma: 60859.23046875
it: 247, sigma: 60859.2265625
it: 248, sigma: 60859.21875
it: 249, sigma: 60859.21875
it: 250, sigma: 60859.21875
it: 251, sigma: 60859.2109375
it: 252, sigma: 60859.2109375
it: 253, sigma: 60859.20703125
it: 254, sigma: 60859.203125
it: 255, sigma: 60859.203125
it: 256, sigma: 60859.203125
it: 257, sigma: 60859.19921875
it: 258, sigma: 60859.1953125
it: 259, sigma: 60859.1953125
it: 260, sigma: 60859.1953125
it: 261, sigma: 60859.19140625
it: 262, sigma: 60859.1875
it: 263, sigma: 60859.1875
it: 264, sigma: 60859.18359375
it: 265, sigma: 60859.1796875
it: 266, sigma: 60859.1796875
it: 267, sigma: 60859.17578125
it: 268, sigma: 60859.17578125
it: 269, sigma: 60859.171875
it: 270, sigma: 60859.171875
it: 271, sigma: 60859.16796875
it: 272, sigma: 60859.16796875
it: 273, sigma: 60859.1640625
it: 274, sigma: 60859.1640625
it: 275, sigma: 60859.1640625
it: 276, sigma: 60859.1640625
it: 277, sigma: 60859.15625
it: 278, sigma: 60859.16015625
it: 279, sigma: 60859.15625
it: 280, sigma: 60859.15625
it: 281, sigma: 60859.15625
it: 282, sigma: 60859.15625
it: 283, sigma: 60859.15234375
it: 284, sigma: 60859.1484375
it: 285, sigma: 60859.1484375
it: 286, sigma: 60859.1484375
it: 287, sigma: 60859.1484375
it: 288, sigma: 60859.1484375
it: 289, sigma: 60859.140625
it: 290, sigma: 60859.140625
it: 291, sigma: 60859.140625
it: 292, sigma: 60859.140625
it: 293, sigma: 60859.140625
it: 294, sigma: 60859.140625
it: 295, sigma: 60859.140625
it: 296, sigma: 60859.13671875
it: 297, sigma: 60859.1328125
it: 298, sigma: 60859.1328125
it: 299, sigma: 60859.1328125
it: 300, sigma: 60859.1328125
init 2 lasted 300 iterations. final sigma: 60859.1328125
it: 0, sigma: 1589667328.0
it: 1, sigma: 732261.6875
it: 2, sigma: 632912.25
it: 3, sigma: 583783.4375
it: 4, sigma: 560312.4375
it: 5, sigma: 547160.625
it: 6, sigma: 538277.25
it: 7, sigma: 531440.625
it: 8, sigma: 525572.0
it: 9, sigma: 519814.125
it: 10, sigma: 513517.9375
it: 11, sigma: 506292.9375
it: 12, sigma: 497946.25
it: 13, sigma: 488250.8125
it: 14, sigma: 477065.1875
it: 15, sigma: 464516.78125
it: 16, sigma: 450915.6875
it: 17, sigma: 436717.125
it: 18, sigma: 422405.4375
it: 19, sigma: 408124.21875
it: 20, sigma: 393973.0625
it: 21, sigma: 380051.0
it: 22, sigma: 366336.84375
it: 23, sigma: 352838.5
it: 24, sigma: 339682.625
it: 25, sigma: 327000.125
it: 26, sigma: 314766.625
it: 27, sigma: 302874.5
it: 28, sigma: 291241.75
it: 29, sigma: 280013.53125
it: 30, sigma: 269268.4375
it: 31, sigma: 258925.421875
it: 32, sigma: 248886.6875
it: 33, sigma: 239155.0625
it: 34, sigma: 229775.796875
it: 35, sigma: 220785.625
it: 36, sigma: 212236.703125
it: 37, sigma: 204026.53125
it: 38, sigma: 195983.46875
it: 39, sigma: 188035.34375
it: 40, sigma: 180141.296875
it: 41, sigma: 172269.03125
it: 42, sigma: 164516.125
it: 43, sigma: 156967.046875
it: 44, sigma: 149834.4375
it: 45, sigma: 143262.40625
it: 46, sigma: 137231.40625
it: 47, sigma: 131607.96875
it: 48, sigma: 126343.7109375
it: 49, sigma: 121465.1640625
it: 50, sigma: 117039.90625
it: 51, sigma: 113022.28125
it: 52, sigma: 109416.34375
it: 53, sigma: 106217.171875
it: 54, sigma: 103280.34375
it: 55, sigma: 100532.875
it: 56, sigma: 98003.046875
it: 57, sigma: 95626.140625
it: 58, sigma: 93358.9375
it: 59, sigma: 91174.203125
it: 60, sigma: 89039.75
it: 61, sigma: 87001.078125
it: 62, sigma: 85094.03125
it: 63, sigma: 83311.890625
it: 64, sigma: 81702.2734375
it: 65, sigma: 80263.0234375
it: 66, sigma: 78968.90625
it: 67, sigma: 77788.5546875
it: 68, sigma: 76682.7890625
it: 69, sigma: 75620.8125
it: 70, sigma: 74603.140625
it: 71, sigma: 73616.5859375
it: 72, sigma: 72646.78125
it: 73, sigma: 71674.5625
it: 74, sigma: 70694.9765625
it: 75, sigma: 69714.4921875
it: 76, sigma: 68735.796875
it: 77, sigma: 67794.90625
it: 78, sigma: 66906.0546875
it: 79, sigma: 66106.1953125
it: 80, sigma: 65405.3515625
it: 81, sigma: 64786.3359375
it: 82, sigma: 64232.8984375
it: 83, sigma: 63738.32421875
it: 84, sigma: 63295.9453125
it: 85, sigma: 62891.41015625
it: 86, sigma: 62520.16796875
it: 87, sigma: 62195.98046875
it: 88, sigma: 61911.53125
it: 89, sigma: 61672.125
it: 90, sigma: 61464.55078125
it: 91, sigma: 61275.5625
it: 92, sigma: 61095.2421875
it: 93, sigma: 60915.0234375
it: 94, sigma: 60723.87890625
it: 95, sigma: 60522.359375
it: 96, sigma: 60306.9453125
it: 97, sigma: 60074.625
it: 98, sigma: 59828.484375
it: 99, sigma: 59579.1640625
it: 100, sigma: 59330.0625
it: 101, sigma: 59089.5390625
it: 102, sigma: 58861.63671875
it: 103, sigma: 58653.1015625
it: 104, sigma: 58465.69140625
it: 105, sigma: 58299.78125
it: 106, sigma: 58155.9296875
it: 107, sigma: 58033.48046875
it: 108, sigma: 57929.5
it: 109, sigma: 57839.12109375
it: 110, sigma: 57759.2890625
it: 111, sigma: 57692.609375
it: 112, sigma: 57637.1640625
it: 113, sigma: 57591.5078125
it: 114, sigma: 57554.2421875
it: 115, sigma: 57523.8359375
it: 116, sigma: 57498.91796875
it: 117, sigma: 57478.3046875
it: 118, sigma: 57461.12890625
it: 119, sigma: 57446.9140625
it: 120, sigma: 57435.09765625
it: 121, sigma: 57425.2421875
it: 122, sigma: 57416.9921875
it: 123, sigma: 57410.0703125
it: 124, sigma: 57404.25390625
it: 125, sigma: 57399.3515625
it: 126, sigma: 57395.21484375
it: 127, sigma: 57391.7109375
it: 128, sigma: 57388.75
it: 129, sigma: 57386.23046875
it: 130, sigma: 57384.0859375
it: 131, sigma: 57382.2578125
it: 132, sigma: 57380.6953125
it: 133, sigma: 57379.34375
it: 134, sigma: 57378.1875
it: 135, sigma: 57377.18359375
it: 136, sigma: 57376.30859375
it: 137, sigma: 57375.546875
it: 138, sigma: 57374.87109375
it: 139, sigma: 57374.28125
it: 140, sigma: 57373.75
it: 141, sigma: 57373.27734375
it: 142, sigma: 57372.8515625
it: 143, sigma: 57372.46875
it: 144, sigma: 57372.109375
it: 145, sigma: 57371.7890625
it: 146, sigma: 57371.4921875
it: 147, sigma: 57371.21484375
it: 148, sigma: 57370.953125
it: 149, sigma: 57370.70703125
it: 150, sigma: 57370.4765625
it: 151, sigma: 57370.2578125
it: 152, sigma: 57370.046875
it: 153, sigma: 57369.84375
it: 154, sigma: 57369.65625
it: 155, sigma: 57369.46875
it: 156, sigma: 57369.29296875
it: 157, sigma: 57369.12109375
it: 158, sigma: 57368.953125
it: 159, sigma: 57368.7890625
it: 160, sigma: 57368.6328125
it: 161, sigma: 57368.4765625
it: 162, sigma: 57368.33203125
it: 163, sigma: 57368.18359375
it: 164, sigma: 57368.0390625
it: 165, sigma: 57367.8984375
it: 166, sigma: 57367.7578125
it: 167, sigma: 57367.625
it: 168, sigma: 57367.4921875
it: 169, sigma: 57367.36328125
it: 170, sigma: 57367.23828125
it: 171, sigma: 57367.11328125
it: 172, sigma: 57366.9921875
it: 173, sigma: 57366.87890625
it: 174, sigma: 57366.76171875
it: 175, sigma: 57366.65234375
it: 176, sigma: 57366.54296875
it: 177, sigma: 57366.44140625
it: 178, sigma: 57366.3359375
it: 179, sigma: 57366.2421875
it: 180, sigma: 57366.1484375
it: 181, sigma: 57366.05859375
it: 182, sigma: 57365.96875
it: 183, sigma: 57365.87890625
it: 184, sigma: 57365.796875
it: 185, sigma: 57365.71875
it: 186, sigma: 57365.640625
it: 187, sigma: 57365.5703125
it: 188, sigma: 57365.4921875
it: 189, sigma: 57365.42578125
it: 190, sigma: 57365.359375
it: 191, sigma: 57365.2890625
it: 192, sigma: 57365.23046875
it: 193, sigma: 57365.171875
it: 194, sigma: 57365.109375
it: 195, sigma: 57365.0546875
it: 196, sigma: 57365.0
it: 197, sigma: 57364.94921875
it: 198, sigma: 57364.8984375
it: 199, sigma: 57364.8515625
it: 200, sigma: 57364.8046875
it: 201, sigma: 57364.765625
it: 202, sigma: 57364.71875
it: 203, sigma: 57364.6796875
it: 204, sigma: 57364.640625
it: 205, sigma: 57364.6015625
it: 206, sigma: 57364.5625
it: 207, sigma: 57364.53125
it: 208, sigma: 57364.49609375
it: 209, sigma: 57364.46875
it: 210, sigma: 57364.4375
it: 211, sigma: 57364.40625
it: 212, sigma: 57364.37890625
it: 213, sigma: 57364.3515625
it: 214, sigma: 57364.32421875
it: 215, sigma: 57364.30078125
it: 216, sigma: 57364.28125
it: 217, sigma: 57364.2578125
it: 218, sigma: 57364.234375
it: 219, sigma: 57364.2109375
it: 220, sigma: 57364.19140625
it: 221, sigma: 57364.171875
it: 222, sigma: 57364.15234375
it: 223, sigma: 57364.13671875
it: 224, sigma: 57364.12109375
it: 225, sigma: 57364.1015625
it: 226, sigma: 57364.0859375
it: 227, sigma: 57364.07421875
it: 228, sigma: 57364.0546875
it: 229, sigma: 57364.046875
it: 230, sigma: 57364.03125
it: 231, sigma: 57364.01953125
it: 232, sigma: 57364.0078125
it: 233, sigma: 57363.9921875
it: 234, sigma: 57363.984375
it: 235, sigma: 57363.9765625
it: 236, sigma: 57363.9609375
it: 237, sigma: 57363.95703125
it: 238, sigma: 57363.9453125
it: 239, sigma: 57363.9375
it: 240, sigma: 57363.9296875
it: 241, sigma: 57363.921875
it: 242, sigma: 57363.9140625
it: 243, sigma: 57363.90625
it: 244, sigma: 57363.8984375
it: 245, sigma: 57363.890625
it: 246, sigma: 57363.8828125
it: 247, sigma: 57363.87890625
it: 248, sigma: 57363.875
it: 249, sigma: 57363.8671875
it: 250, sigma: 57363.86328125
it: 251, sigma: 57363.859375
it: 252, sigma: 57363.8515625
it: 253, sigma: 57363.84765625
it: 254, sigma: 57363.84375
it: 255, sigma: 57363.83984375
it: 256, sigma: 57363.8359375
it: 257, sigma: 57363.8359375
it: 258, sigma: 57363.828125
it: 259, sigma: 57363.82421875
it: 260, sigma: 57363.8203125
it: 261, sigma: 57363.81640625
it: 262, sigma: 57363.8125
it: 263, sigma: 57363.8125
it: 264, sigma: 57363.8125
it: 265, sigma: 57363.8046875
it: 266, sigma: 57363.8046875
it: 267, sigma: 57363.8046875
it: 268, sigma: 57363.796875
it: 269, sigma: 57363.796875
it: 270, sigma: 57363.796875
it: 271, sigma: 57363.79296875
it: 272, sigma: 57363.7890625
it: 273, sigma: 57363.7890625
it: 274, sigma: 57363.7890625
it: 275, sigma: 57363.78125
it: 276, sigma: 57363.78125
it: 277, sigma: 57363.78125
it: 278, sigma: 57363.78125
it: 279, sigma: 57363.77734375
it: 280, sigma: 57363.77734375
it: 281, sigma: 57363.7734375
it: 282, sigma: 57363.7734375
it: 283, sigma: 57363.7734375
it: 284, sigma: 57363.7734375
it: 285, sigma: 57363.76953125
it: 286, sigma: 57363.7734375
it: 287, sigma: 57363.76953125
it: 288, sigma: 57363.765625
it: 289, sigma: 57363.765625
it: 290, sigma: 57363.765625
it: 291, sigma: 57363.765625
it: 292, sigma: 57363.765625
it: 293, sigma: 57363.765625
it: 294, sigma: 57363.765625
it: 295, sigma: 57363.76171875
it: 296, sigma: 57363.76171875
it: 297, sigma: 57363.76171875
it: 298, sigma: 57363.7578125
it: 299, sigma: 57363.7578125
it: 300, sigma: 57363.7578125
init 3 lasted 300 iterations. final sigma: 57363.7578125
it: 0, sigma: 1605261952.0
it: 1, sigma: 730653.75
it: 2, sigma: 635236.6875
it: 3, sigma: 585424.6875
it: 4, sigma: 562141.625
it: 5, sigma: 550437.5625
it: 6, sigma: 544266.5
it: 7, sigma: 540284.5
it: 8, sigma: 537271.875
it: 9, sigma: 534776.0
it: 10, sigma: 532530.75
it: 11, sigma: 530309.25
it: 12, sigma: 527869.625
it: 13, sigma: 525056.1875
it: 14, sigma: 521680.84375
it: 15, sigma: 517543.09375
it: 16, sigma: 512458.375
it: 17, sigma: 506215.4375
it: 18, sigma: 498625.40625
it: 19, sigma: 489449.5625
it: 20, sigma: 478473.125
it: 21, sigma: 465519.21875
it: 22, sigma: 450231.65625
it: 23, sigma: 432437.53125
it: 24, sigma: 412298.59375
it: 25, sigma: 390328.8125
it: 26, sigma: 367003.90625
it: 27, sigma: 342665.4375
it: 28, sigma: 318078.34375
it: 29, sigma: 294075.375
it: 30, sigma: 271315.1875
it: 31, sigma: 250188.84375
it: 32, sigma: 231048.78125
it: 33, sigma: 214078.609375
it: 34, sigma: 199161.328125
it: 35, sigma: 185930.21875
it: 36, sigma: 174115.171875
it: 37, sigma: 163697.1875
it: 38, sigma: 154514.3125
it: 39, sigma: 146516.1875
it: 40, sigma: 139529.6875
it: 41, sigma: 133377.734375
it: 42, sigma: 127994.828125
it: 43, sigma: 123221.578125
it: 44, sigma: 118884.4609375
it: 45, sigma: 114918.015625
it: 46, sigma: 111253.203125
it: 47, sigma: 107849.71875
it: 48, sigma: 104628.640625
it: 49, sigma: 101534.4140625
it: 50, sigma: 98589.3046875
it: 51, sigma: 95785.078125
it: 52, sigma: 93121.984375
it: 53, sigma: 90670.5
it: 54, sigma: 88503.375
it: 55, sigma: 86629.4609375
it: 56, sigma: 84988.9921875
it: 57, sigma: 83529.921875
it: 58, sigma: 82206.453125
it: 59, sigma: 81004.921875
it: 60, sigma: 79904.1328125
it: 61, sigma: 78879.34375
it: 62, sigma: 77901.484375
it: 63, sigma: 76973.203125
it: 64, sigma: 76077.5078125
it: 65, sigma: 75229.6953125
it: 66, sigma: 74434.203125
it: 67, sigma: 73706.9453125
it: 68, sigma: 73061.5
it: 69, sigma: 72479.578125
it: 70, sigma: 71968.5625
it: 71, sigma: 71524.125
it: 72, sigma: 71131.515625
it: 73, sigma: 70778.21875
it: 74, sigma: 70458.3515625
it: 75, sigma: 70164.5703125
it: 76, sigma: 69885.125
it: 77, sigma: 69609.6484375
it: 78, sigma: 69326.21875
it: 79, sigma: 69020.8125
it: 80, sigma: 68681.7421875
it: 81, sigma: 68324.9375
it: 82, sigma: 67952.21875
it: 83, sigma: 67587.625
it: 84, sigma: 67248.765625
it: 85, sigma: 66959.8359375
it: 86, sigma: 66717.78125
it: 87, sigma: 66512.5546875
it: 88, sigma: 66340.421875
it: 89, sigma: 66193.1015625
it: 90, sigma: 66060.515625
it: 91, sigma: 65939.5625
it: 92, sigma: 65825.7890625
it: 93, sigma: 65712.828125
it: 94, sigma: 65594.7890625
it: 95, sigma: 65472.71484375
it: 96, sigma: 65344.375
it: 97, sigma: 65209.8828125
it: 98, sigma: 65069.0078125
it: 99, sigma: 64921.68359375
it: 100, sigma: 64772.4375
it: 101, sigma: 64619.41796875
it: 102, sigma: 64454.671875
it: 103, sigma: 64278.2890625
it: 104, sigma: 64096.5703125
it: 105, sigma: 63911.3671875
it: 106, sigma: 63727.71875
it: 107, sigma: 63543.1875
it: 108, sigma: 63353.08203125
it: 109, sigma: 63163.8359375
it: 110, sigma: 62981.6015625
it: 111, sigma: 62804.4609375
it: 112, sigma: 62635.546875
it: 113, sigma: 62474.80078125
it: 114, sigma: 62324.3125
it: 115, sigma: 62183.6796875
it: 116, sigma: 62053.68359375
it: 117, sigma: 61934.84375
it: 118, sigma: 61826.2578125
it: 119, sigma: 61726.0859375
it: 120, sigma: 61630.48828125
it: 121, sigma: 61535.26171875
it: 122, sigma: 61445.97265625
it: 123, sigma: 61364.75
it: 124, sigma: 61291.1640625
it: 125, sigma: 61225.4296875
it: 126, sigma: 61166.94921875
it: 127, sigma: 61114.82421875
it: 128, sigma: 61068.4921875
it: 129, sigma: 61027.4609375
it: 130, sigma: 60991.1953125
it: 131, sigma: 60959.1484375
it: 132, sigma: 60930.8125
it: 133, sigma: 60905.75
it: 134, sigma: 60883.578125
it: 135, sigma: 60863.953125
it: 136, sigma: 60846.5546875
it: 137, sigma: 60831.10546875
it: 138, sigma: 60817.35546875
it: 139, sigma: 60805.0859375
it: 140, sigma: 60794.1015625
it: 141, sigma: 60784.234375
it: 142, sigma: 60775.34375
it: 143, sigma: 60767.328125
it: 144, sigma: 60760.03125
it: 145, sigma: 60752.96484375
it: 146, sigma: 60746.4609375
it: 147, sigma: 60740.59765625
it: 148, sigma: 60735.3203125
it: 149, sigma: 60730.55859375
it: 150, sigma: 60726.2578125
it: 151, sigma: 60722.3671875
it: 152, sigma: 60718.83203125
it: 153, sigma: 60715.6171875
it: 154, sigma: 60712.6875
it: 155, sigma: 60710.01171875
it: 156, sigma: 60707.5703125
it: 157, sigma: 60705.3359375
it: 158, sigma: 60703.2890625
it: 159, sigma: 60701.41796875
it: 160, sigma: 60699.69921875
it: 161, sigma: 60698.12890625
it: 162, sigma: 60696.6875
it: 163, sigma: 60695.359375
it: 164, sigma: 60694.140625
it: 165, sigma: 60693.0234375
it: 166, sigma: 60691.99609375
it: 167, sigma: 60691.05078125
it: 168, sigma: 60690.1796875
it: 169, sigma: 60689.375
it: 170, sigma: 60688.6328125
it: 171, sigma: 60687.94921875
it: 172, sigma: 60687.3125
it: 173, sigma: 60686.7265625
it: 174, sigma: 60686.18359375
it: 175, sigma: 60685.6796875
it: 176, sigma: 60685.20703125
it: 177, sigma: 60684.76953125
it: 178, sigma: 60684.359375
it: 179, sigma: 60683.98046875
it: 180, sigma: 60683.625
it: 181, sigma: 60683.2890625
it: 182, sigma: 60682.98046875
it: 183, sigma: 60682.6875
it: 184, sigma: 60682.4140625
it: 185, sigma: 60682.15625
it: 186, sigma: 60681.9140625
it: 187, sigma: 60681.6875
it: 188, sigma: 60681.47265625
it: 189, sigma: 60681.26953125
it: 190, sigma: 60681.078125
it: 191, sigma: 60680.8984375
it: 192, sigma: 60680.73046875
it: 193, sigma: 60680.5703125
it: 194, sigma: 60680.41796875
it: 195, sigma: 60680.2734375
it: 196, sigma: 60680.1328125
it: 197, sigma: 60680.0078125
it: 198, sigma: 60679.8828125
it: 199, sigma: 60679.765625
it: 200, sigma: 60679.65625
it: 201, sigma: 60679.546875
it: 202, sigma: 60679.44921875
it: 203, sigma: 60679.35546875
it: 204, sigma: 60679.265625
it: 205, sigma: 60679.1796875
it: 206, sigma: 60679.09375
it: 207, sigma: 60679.015625
it: 208, sigma: 60678.94140625
it: 209, sigma: 60678.875
it: 210, sigma: 60678.8046875
it: 211, sigma: 60678.73828125
it: 212, sigma: 60678.671875
it: 213, sigma: 60678.61328125
it: 214, sigma: 60678.55859375
it: 215, sigma: 60678.50390625
it: 216, sigma: 60678.453125
it: 217, sigma: 60678.40234375
it: 218, sigma: 60678.35546875
it: 219, sigma: 60678.30859375
it: 220, sigma: 60678.26953125
it: 221, sigma: 60678.2265625
it: 222, sigma: 60678.1875
it: 223, sigma: 60678.1484375
it: 224, sigma: 60678.109375
it: 225, sigma: 60678.07421875
it: 226, sigma: 60678.04296875
it: 227, sigma: 60678.0078125
it: 228, sigma: 60677.9765625
it: 229, sigma: 60677.9453125
it: 230, sigma: 60677.921875
it: 231, sigma: 60677.890625
it: 232, sigma: 60677.8671875
it: 233, sigma: 60677.83984375
it: 234, sigma: 60677.81640625
it: 235, sigma: 60677.7890625
it: 236, sigma: 60677.76953125
it: 237, sigma: 60677.75
it: 238, sigma: 60677.73046875
it: 239, sigma: 60677.70703125
it: 240, sigma: 60677.6875
it: 241, sigma: 60677.671875
it: 242, sigma: 60677.6484375
it: 243, sigma: 60677.6328125
it: 244, sigma: 60677.62109375
it: 245, sigma: 60677.6015625
it: 246, sigma: 60677.58984375
it: 247, sigma: 60677.5703125
it: 248, sigma: 60677.55859375
it: 249, sigma: 60677.546875
it: 250, sigma: 60677.53125
it: 251, sigma: 60677.51953125
it: 252, sigma: 60677.5078125
it: 253, sigma: 60677.5
it: 254, sigma: 60677.484375
it: 255, sigma: 60677.4765625
it: 256, sigma: 60677.4609375
it: 257, sigma: 60677.453125
it: 258, sigma: 60677.4453125
it: 259, sigma: 60677.43359375
it: 260, sigma: 60677.42578125
it: 261, sigma: 60677.4140625
it: 262, sigma: 60677.40625
it: 263, sigma: 60677.3984375
it: 264, sigma: 60677.390625
it: 265, sigma: 60677.3828125
it: 266, sigma: 60677.375
it: 267, sigma: 60677.3671875
it: 268, sigma: 60677.359375
it: 269, sigma: 60677.35546875
it: 270, sigma: 60677.3515625
it: 271, sigma: 60677.34375
it: 272, sigma: 60677.3359375
it: 273, sigma: 60677.328125
it: 274, sigma: 60677.32421875
it: 275, sigma: 60677.3203125
it: 276, sigma: 60677.3125
it: 277, sigma: 60677.30859375
it: 278, sigma: 60677.3046875
it: 279, sigma: 60677.30078125
it: 280, sigma: 60677.296875
it: 281, sigma: 60677.2890625
it: 282, sigma: 60677.28515625
it: 283, sigma: 60677.28125
it: 284, sigma: 60677.28125
it: 285, sigma: 60677.2734375
it: 286, sigma: 60677.2734375
it: 287, sigma: 60677.265625
it: 288, sigma: 60677.265625
it: 289, sigma: 60677.2578125
it: 290, sigma: 60677.2578125
it: 291, sigma: 60677.25390625
it: 292, sigma: 60677.25
it: 293, sigma: 60677.24609375
it: 294, sigma: 60677.2421875
it: 295, sigma: 60677.2421875
it: 296, sigma: 60677.23828125
it: 297, sigma: 60677.234375
it: 298, sigma: 60677.234375
it: 299, sigma: 60677.2265625
it: 300, sigma: 60677.2265625
init 4 lasted 300 iterations. final sigma: 60677.2265625
best sigma: 57363.75
mds total runtime: 1.6396797220222652 seconds
Time: 1.6493403911590576
