/homes/jaredcbothwell/virtualenvs/cuda/lib/python3.9/site-packages/numba/cuda/dispatcher.py:488: NumbaPerformanceWarning: Grid size 65 will likely result in GPU under-utilization due to low occupancy.
  warn(NumbaPerformanceWarning(msg))
/homes/jaredcbothwell/virtualenvs/cuda/lib/python3.9/site-packages/numba/cuda/dispatcher.py:488: NumbaPerformanceWarning: Grid size 33 will likely result in GPU under-utilization due to low occupancy.
  warn(NumbaPerformanceWarning(msg))
/homes/jaredcbothwell/virtualenvs/cuda/lib/python3.9/site-packages/numba/cuda/dispatcher.py:488: NumbaPerformanceWarning: Grid size 17 will likely result in GPU under-utilization due to low occupancy.
  warn(NumbaPerformanceWarning(msg))
/homes/jaredcbothwell/virtualenvs/cuda/lib/python3.9/site-packages/numba/cuda/dispatcher.py:488: NumbaPerformanceWarning: Grid size 9 will likely result in GPU under-utilization due to low occupancy.
  warn(NumbaPerformanceWarning(msg))
/homes/jaredcbothwell/virtualenvs/cuda/lib/python3.9/site-packages/numba/cuda/dispatcher.py:488: NumbaPerformanceWarning: Grid size 5 will likely result in GPU under-utilization due to low occupancy.
  warn(NumbaPerformanceWarning(msg))
/homes/jaredcbothwell/virtualenvs/cuda/lib/python3.9/site-packages/numba/cuda/dispatcher.py:488: NumbaPerformanceWarning: Grid size 3 will likely result in GPU under-utilization due to low occupancy.
  warn(NumbaPerformanceWarning(msg))
/homes/jaredcbothwell/virtualenvs/cuda/lib/python3.9/site-packages/numba/cuda/dispatcher.py:488: NumbaPerformanceWarning: Grid size 2 will likely result in GPU under-utilization due to low occupancy.
  warn(NumbaPerformanceWarning(msg))
/homes/jaredcbothwell/virtualenvs/cuda/lib/python3.9/site-packages/numba/cuda/dispatcher.py:488: NumbaPerformanceWarning: Grid size 1 will likely result in GPU under-utilization due to low occupancy.
  warn(NumbaPerformanceWarning(msg))
length: 10000 -----------------------------------------
read data
calculated distances
it: 0, sigma: 156600074240.0
it: 1, sigma: 157496896.0
it: 2, sigma: 68575264.0
it: 3, sigma: 61078480.0
it: 4, sigma: 57737920.0
it: 5, sigma: 56177752.0
it: 6, sigma: 55387900.0
it: 7, sigma: 54928992.0
it: 8, sigma: 54637300.0
it: 9, sigma: 54438808.0
it: 10, sigma: 54286744.0
it: 11, sigma: 54152160.0
it: 12, sigma: 54013864.0
it: 13, sigma: 53853112.0
it: 14, sigma: 53651128.0
it: 15, sigma: 53387712.0
it: 16, sigma: 53039648.0
it: 17, sigma: 52580380.0
it: 18, sigma: 51979244.0
it: 19, sigma: 51205100.0
it: 20, sigma: 50226460.0
it: 21, sigma: 49016352.0
it: 22, sigma: 47558036.0
it: 23, sigma: 45854656.0
it: 24, sigma: 43939592.0
it: 25, sigma: 41877648.0
it: 26, sigma: 39741148.0
it: 27, sigma: 37592128.0
it: 28, sigma: 35484144.0
it: 29, sigma: 33463762.0
it: 30, sigma: 31566280.0
it: 31, sigma: 29817096.0
it: 32, sigma: 28226840.0
it: 33, sigma: 26789916.0
it: 34, sigma: 25492048.0
it: 35, sigma: 24315040.0
it: 36, sigma: 23240672.0
it: 37, sigma: 22252646.0
it: 38, sigma: 21339472.0
it: 39, sigma: 20490696.0
it: 40, sigma: 19695752.0
it: 41, sigma: 18944816.0
it: 42, sigma: 18232392.0
it: 43, sigma: 17553434.0
it: 44, sigma: 16904254.0
it: 45, sigma: 16282614.0
it: 46, sigma: 15686590.0
it: 47, sigma: 15113412.0
it: 48, sigma: 14559710.0
it: 49, sigma: 14022922.0
it: 50, sigma: 13503853.0
it: 51, sigma: 13002036.0
it: 52, sigma: 12518676.0
it: 53, sigma: 12057298.0
it: 54, sigma: 11619746.0
it: 55, sigma: 11206183.0
it: 56, sigma: 10819263.0
it: 57, sigma: 10464268.0
it: 58, sigma: 10145020.0
it: 59, sigma: 9859031.0
it: 60, sigma: 9600424.0
it: 61, sigma: 9365222.0
it: 62, sigma: 9152426.0
it: 63, sigma: 8960839.0
it: 64, sigma: 8788898.0
it: 65, sigma: 8634706.0
it: 66, sigma: 8496237.0
it: 67, sigma: 8370781.5
it: 68, sigma: 8256425.0
it: 69, sigma: 8150703.0
it: 70, sigma: 8051422.0
it: 71, sigma: 7960026.5
it: 72, sigma: 7876562.5
it: 73, sigma: 7798874.0
it: 74, sigma: 7726650.0
it: 75, sigma: 7661125.0
it: 76, sigma: 7600920.0
it: 77, sigma: 7542813.0
it: 78, sigma: 7485828.0
it: 79, sigma: 7432220.0
it: 80, sigma: 7383872.0
it: 81, sigma: 7340554.5
it: 82, sigma: 7302379.0
it: 83, sigma: 7268828.0
it: 84, sigma: 7237767.0
it: 85, sigma: 7207530.0
it: 86, sigma: 7176635.5
it: 87, sigma: 7143565.5
it: 88, sigma: 7107769.5
it: 89, sigma: 7070588.5
it: 90, sigma: 7035398.0
it: 91, sigma: 7004511.5
it: 92, sigma: 6977949.0
it: 93, sigma: 6955881.0
it: 94, sigma: 6938432.0
it: 95, sigma: 6924440.0
it: 96, sigma: 6912564.5
it: 97, sigma: 6902146.0
it: 98, sigma: 6892798.0
it: 99, sigma: 6884256.0
it: 100, sigma: 6876322.0
it: 101, sigma: 6868856.0
it: 102, sigma: 6861759.0
it: 103, sigma: 6854913.0
it: 104, sigma: 6848275.5
it: 105, sigma: 6841840.0
it: 106, sigma: 6835586.0
it: 107, sigma: 6829484.0
it: 108, sigma: 6823492.0
it: 109, sigma: 6817572.0
it: 110, sigma: 6811652.0
it: 111, sigma: 6805630.5
it: 112, sigma: 6799394.5
it: 113, sigma: 6792809.0
it: 114, sigma: 6785730.0
it: 115, sigma: 6778168.5
it: 116, sigma: 6770261.5
it: 117, sigma: 6762163.5
it: 118, sigma: 6754112.0
it: 119, sigma: 6746292.5
it: 120, sigma: 6738797.0
it: 121, sigma: 6731490.0
it: 122, sigma: 6724073.5
it: 123, sigma: 6716291.0
it: 124, sigma: 6708020.0
it: 125, sigma: 6699692.0
it: 126, sigma: 6691495.5
it: 127, sigma: 6683172.0
it: 128, sigma: 6676339.5
it: 129, sigma: 6671104.0
it: 130, sigma: 6666851.5
it: 131, sigma: 6663076.5
it: 132, sigma: 6659514.0
it: 133, sigma: 6655984.0
it: 134, sigma: 6652347.5
it: 135, sigma: 6648552.5
it: 136, sigma: 6644630.0
it: 137, sigma: 6640685.0
it: 138, sigma: 6636778.5
it: 139, sigma: 6632935.0
it: 140, sigma: 6629276.0
it: 141, sigma: 6625936.0
it: 142, sigma: 6622988.5
it: 143, sigma: 6620490.0
it: 144, sigma: 6618394.5
it: 145, sigma: 6616659.0
it: 146, sigma: 6615237.0
it: 147, sigma: 6614049.0
it: 148, sigma: 6613035.5
it: 149, sigma: 6612148.5
it: 150, sigma: 6611351.0
it: 151, sigma: 6610623.0
it: 152, sigma: 6609937.0
it: 153, sigma: 6609282.0
it: 154, sigma: 6608648.0
it: 155, sigma: 6608022.0
it: 156, sigma: 6607398.5
it: 157, sigma: 6606763.5
it: 158, sigma: 6606106.0
it: 159, sigma: 6605397.0
it: 160, sigma: 6604604.0
it: 161, sigma: 6603685.0
it: 162, sigma: 6602595.0
it: 163, sigma: 6601336.0
it: 164, sigma: 6600049.0
it: 165, sigma: 6598846.0
it: 166, sigma: 6597807.0
it: 167, sigma: 6596961.0
it: 168, sigma: 6596292.0
it: 169, sigma: 6595756.0
it: 170, sigma: 6595317.0
it: 171, sigma: 6594951.0
it: 172, sigma: 6594642.5
it: 173, sigma: 6594377.0
it: 174, sigma: 6594144.0
it: 175, sigma: 6593937.0
it: 176, sigma: 6593750.5
it: 177, sigma: 6593579.0
it: 178, sigma: 6593421.0
it: 179, sigma: 6593271.5
it: 180, sigma: 6593130.0
it: 181, sigma: 6592993.5
it: 182, sigma: 6592859.5
it: 183, sigma: 6592725.0
it: 184, sigma: 6592585.5
it: 185, sigma: 6592432.5
it: 186, sigma: 6592252.5
it: 187, sigma: 6592055.0
it: 188, sigma: 6591832.0
it: 189, sigma: 6591579.0
it: 190, sigma: 6591289.0
it: 191, sigma: 6590953.0
it: 192, sigma: 6590569.5
it: 193, sigma: 6590128.0
it: 194, sigma: 6589638.5
it: 195, sigma: 6589100.0
it: 196, sigma: 6588519.5
it: 197, sigma: 6587915.5
it: 198, sigma: 6587288.5
it: 199, sigma: 6586650.0
it: 200, sigma: 6586008.0
it: 201, sigma: 6585372.0
it: 202, sigma: 6584756.0
it: 203, sigma: 6584167.5
it: 204, sigma: 6583610.0
it: 205, sigma: 6583081.0
it: 206, sigma: 6582592.0
it: 207, sigma: 6582144.5
it: 208, sigma: 6581731.5
it: 209, sigma: 6581343.5
it: 210, sigma: 6580987.0
it: 211, sigma: 6580658.0
it: 212, sigma: 6580352.0
it: 213, sigma: 6580069.5
it: 214, sigma: 6579809.0
it: 215, sigma: 6579565.0
it: 216, sigma: 6579338.0
it: 217, sigma: 6579125.0
it: 218, sigma: 6578923.0
it: 219, sigma: 6578728.0
it: 220, sigma: 6578536.5
it: 221, sigma: 6578343.0
it: 222, sigma: 6578128.5
it: 223, sigma: 6577864.0
it: 224, sigma: 6577545.5
it: 225, sigma: 6577166.0
it: 226, sigma: 6576703.0
it: 227, sigma: 6576127.0
it: 228, sigma: 6575401.0
it: 229, sigma: 6574483.0
it: 230, sigma: 6573333.5
it: 231, sigma: 6571931.0
it: 232, sigma: 6570287.0
it: 233, sigma: 6568447.0
it: 234, sigma: 6566491.5
it: 235, sigma: 6564524.0
it: 236, sigma: 6562644.0
it: 237, sigma: 6560923.0
it: 238, sigma: 6559405.0
it: 239, sigma: 6558105.5
it: 240, sigma: 6557015.0
it: 241, sigma: 6556122.0
it: 242, sigma: 6555405.5
it: 243, sigma: 6554842.5
it: 244, sigma: 6554404.0
it: 245, sigma: 6554070.0
it: 246, sigma: 6553818.0
it: 247, sigma: 6553630.0
it: 248, sigma: 6553490.0
it: 249, sigma: 6553386.0
it: 250, sigma: 6553307.5
it: 251, sigma: 6553248.0
it: 252, sigma: 6553203.0
it: 253, sigma: 6553169.0
it: 254, sigma: 6553143.0
it: 255, sigma: 6553122.0
it: 256, sigma: 6553105.0
it: 257, sigma: 6553091.5
it: 258, sigma: 6553080.0
it: 259, sigma: 6553070.0
it: 260, sigma: 6553062.0
it: 261, sigma: 6553054.0
it: 262, sigma: 6553046.5
it: 263, sigma: 6553040.0
it: 264, sigma: 6553033.0
it: 265, sigma: 6553027.0
it: 266, sigma: 6553021.0
it: 267, sigma: 6553014.5
it: 268, sigma: 6553008.5
it: 269, sigma: 6553003.0
it: 270, sigma: 6552996.0
it: 271, sigma: 6552990.0
it: 272, sigma: 6552984.0
it: 273, sigma: 6552978.0
it: 274, sigma: 6552971.5
it: 275, sigma: 6552965.0
it: 276, sigma: 6552958.0
it: 277, sigma: 6552951.0
it: 278, sigma: 6552944.0
it: 279, sigma: 6552937.5
it: 280, sigma: 6552930.0
it: 281, sigma: 6552923.0
it: 282, sigma: 6552915.0
it: 283, sigma: 6552907.0
it: 284, sigma: 6552899.0
it: 285, sigma: 6552891.0
it: 286, sigma: 6552882.5
it: 287, sigma: 6552874.0
it: 288, sigma: 6552865.0
it: 289, sigma: 6552856.0
it: 290, sigma: 6552847.0
it: 291, sigma: 6552838.0
it: 292, sigma: 6552828.0
it: 293, sigma: 6552817.5
it: 294, sigma: 6552807.0
it: 295, sigma: 6552797.0
it: 296, sigma: 6552786.0
it: 297, sigma: 6552774.5
it: 298, sigma: 6552763.0
it: 299, sigma: 6552750.0
it: 300, sigma: 6552738.0
init 1 lasted 300 iterations. final sigma: 6552738.0
it: 0, sigma: 156423290880.0
it: 1, sigma: 158491936.0
it: 2, sigma: 68543728.0
it: 3, sigma: 61093832.0
it: 4, sigma: 57815548.0
it: 5, sigma: 56222664.0
it: 6, sigma: 55383144.0
it: 7, sigma: 54892512.0
it: 8, sigma: 54594460.0
it: 9, sigma: 54396200.0
it: 10, sigma: 54242496.0
it: 11, sigma: 54102268.0
it: 12, sigma: 53955016.0
it: 13, sigma: 53783152.0
it: 14, sigma: 53567696.0
it: 15, sigma: 53286192.0
it: 16, sigma: 52911896.0
it: 17, sigma: 52413656.0
it: 18, sigma: 51756632.0
it: 19, sigma: 50903268.0
it: 20, sigma: 49818108.0
it: 21, sigma: 48470200.0
it: 22, sigma: 46842332.0
it: 23, sigma: 44938072.0
it: 24, sigma: 42786616.0
it: 25, sigma: 40453952.0
it: 26, sigma: 38032896.0
it: 27, sigma: 35630304.0
it: 28, sigma: 33332856.0
it: 29, sigma: 31180952.0
it: 30, sigma: 29189084.0
it: 31, sigma: 27353224.0
it: 32, sigma: 25665178.0
it: 33, sigma: 24112336.0
it: 34, sigma: 22684194.0
it: 35, sigma: 21370286.0
it: 36, sigma: 20162520.0
it: 37, sigma: 19052660.0
it: 38, sigma: 18028042.0
it: 39, sigma: 17075344.0
it: 40, sigma: 16185972.0
it: 41, sigma: 15358944.0
it: 42, sigma: 14592816.0
it: 43, sigma: 13883958.0
it: 44, sigma: 13229914.0
it: 45, sigma: 12629052.0
it: 46, sigma: 12078468.0
it: 47, sigma: 11575607.0
it: 48, sigma: 11122086.0
it: 49, sigma: 10716308.0
it: 50, sigma: 10354799.0
it: 51, sigma: 10034839.0
it: 52, sigma: 9750873.0
it: 53, sigma: 9497380.0
it: 54, sigma: 9270076.0
it: 55, sigma: 9065016.0
it: 56, sigma: 8877968.0
it: 57, sigma: 8706622.0
it: 58, sigma: 8550353.0
it: 59, sigma: 8409610.0
it: 60, sigma: 8283726.0
it: 61, sigma: 8171155.5
it: 62, sigma: 8069853.0
it: 63, sigma: 7976722.0
it: 64, sigma: 7889664.0
it: 65, sigma: 7808923.0
it: 66, sigma: 7734586.5
it: 67, sigma: 7666832.0
it: 68, sigma: 7605484.0
it: 69, sigma: 7549956.0
it: 70, sigma: 7500017.0
it: 71, sigma: 7455272.0
it: 72, sigma: 7415519.0
it: 73, sigma: 7380602.5
it: 74, sigma: 7349476.0
it: 75, sigma: 7320954.0
it: 76, sigma: 7294351.0
it: 77, sigma: 7269438.0
it: 78, sigma: 7245955.5
it: 79, sigma: 7223813.0
it: 80, sigma: 7202812.0
it: 81, sigma: 7182831.0
it: 82, sigma: 7163823.5
it: 83, sigma: 7145945.0
it: 84, sigma: 7129245.5
it: 85, sigma: 7113666.5
it: 86, sigma: 7099085.0
it: 87, sigma: 7085329.0
it: 88, sigma: 7072271.0
it: 89, sigma: 7059727.5
it: 90, sigma: 7047625.5
it: 91, sigma: 7035916.5
it: 92, sigma: 7024480.0
it: 93, sigma: 7013189.5
it: 94, sigma: 7002137.0
it: 95, sigma: 6991078.0
it: 96, sigma: 6980350.5
it: 97, sigma: 6969923.5
it: 98, sigma: 6959631.5
it: 99, sigma: 6949299.0
it: 100, sigma: 6938871.5
it: 101, sigma: 6928455.0
it: 102, sigma: 6918323.0
it: 103, sigma: 6908865.5
it: 104, sigma: 6900406.5
it: 105, sigma: 6892995.0
it: 106, sigma: 6886511.5
it: 107, sigma: 6880793.0
it: 108, sigma: 6875688.5
it: 109, sigma: 6871056.0
it: 110, sigma: 6866789.0
it: 111, sigma: 6862791.0
it: 112, sigma: 6858906.5
it: 113, sigma: 6854956.5
it: 114, sigma: 6850768.0
it: 115, sigma: 6846199.0
it: 116, sigma: 6841300.0
it: 117, sigma: 6836252.5
it: 118, sigma: 6831264.0
it: 119, sigma: 6826585.0
it: 120, sigma: 6822353.0
it: 121, sigma: 6818579.0
it: 122, sigma: 6815212.0
it: 123, sigma: 6812205.0
it: 124, sigma: 6809527.0
it: 125, sigma: 6807142.0
it: 126, sigma: 6804990.0
it: 127, sigma: 6803025.5
it: 128, sigma: 6801184.0
it: 129, sigma: 6799336.0
it: 130, sigma: 6797455.0
it: 131, sigma: 6795554.5
it: 132, sigma: 6793671.0
it: 133, sigma: 6791814.0
it: 134, sigma: 6789989.0
it: 135, sigma: 6788192.0
it: 136, sigma: 6786388.0
it: 137, sigma: 6784511.0
it: 138, sigma: 6782520.5
it: 139, sigma: 6780373.5
it: 140, sigma: 6778007.0
it: 141, sigma: 6775360.0
it: 142, sigma: 6772361.0
it: 143, sigma: 6768931.5
it: 144, sigma: 6764990.0
it: 145, sigma: 6760434.0
it: 146, sigma: 6755193.0
it: 147, sigma: 6749276.5
it: 148, sigma: 6742772.5
it: 149, sigma: 6735886.0
it: 150, sigma: 6728853.0
it: 151, sigma: 6721928.0
it: 152, sigma: 6715284.5
it: 153, sigma: 6709030.0
it: 154, sigma: 6703245.0
it: 155, sigma: 6697973.0
it: 156, sigma: 6693203.0
it: 157, sigma: 6688890.0
it: 158, sigma: 6684960.0
it: 159, sigma: 6681303.5
it: 160, sigma: 6677842.5
it: 161, sigma: 6674524.0
it: 162, sigma: 6671337.0
it: 163, sigma: 6668301.0
it: 164, sigma: 6665467.5
it: 165, sigma: 6662903.0
it: 166, sigma: 6660648.0
it: 167, sigma: 6658707.0
it: 168, sigma: 6657073.0
it: 169, sigma: 6655711.0
it: 170, sigma: 6654586.0
it: 171, sigma: 6653661.5
it: 172, sigma: 6652907.0
it: 173, sigma: 6652291.0
it: 174, sigma: 6651787.5
it: 175, sigma: 6651368.0
it: 176, sigma: 6651011.5
it: 177, sigma: 6650699.0
it: 178, sigma: 6650414.0
it: 179, sigma: 6650144.0
it: 180, sigma: 6649869.0
it: 181, sigma: 6649572.0
it: 182, sigma: 6649222.0
it: 183, sigma: 6648761.0
it: 184, sigma: 6648107.0
it: 185, sigma: 6647151.5
it: 186, sigma: 6645758.0
it: 187, sigma: 6643862.5
it: 188, sigma: 6641516.0
it: 189, sigma: 6638885.0
it: 190, sigma: 6636168.5
it: 191, sigma: 6633602.0
it: 192, sigma: 6631296.0
it: 193, sigma: 6629252.5
it: 194, sigma: 6627414.0
it: 195, sigma: 6625729.0
it: 196, sigma: 6624213.0
it: 197, sigma: 6622917.0
it: 198, sigma: 6621826.0
it: 199, sigma: 6620930.5
it: 200, sigma: 6620225.5
it: 201, sigma: 6619686.0
it: 202, sigma: 6619276.5
it: 203, sigma: 6618962.0
it: 204, sigma: 6618714.0
it: 205, sigma: 6618513.0
it: 206, sigma: 6618342.0
it: 207, sigma: 6618189.0
it: 208, sigma: 6618041.0
it: 209, sigma: 6617887.0
it: 210, sigma: 6617716.0
it: 211, sigma: 6617516.5
it: 212, sigma: 6617275.0
it: 213, sigma: 6616956.0
it: 214, sigma: 6616479.0
it: 215, sigma: 6615670.5
it: 216, sigma: 6614328.0
it: 217, sigma: 6612115.0
it: 218, sigma: 6609072.0
it: 219, sigma: 6605916.5
it: 220, sigma: 6602974.5
it: 221, sigma: 6600256.5
it: 222, sigma: 6597651.0
it: 223, sigma: 6595085.0
it: 224, sigma: 6592507.0
it: 225, sigma: 6589917.5
it: 226, sigma: 6587377.0
it: 227, sigma: 6584961.0
it: 228, sigma: 6582719.0
it: 229, sigma: 6580680.5
it: 230, sigma: 6578859.5
it: 231, sigma: 6577241.5
it: 232, sigma: 6575799.0
it: 233, sigma: 6574502.5
it: 234, sigma: 6573336.0
it: 235, sigma: 6572271.5
it: 236, sigma: 6571284.5
it: 237, sigma: 6570372.0
it: 238, sigma: 6569513.5
it: 239, sigma: 6568695.0
it: 240, sigma: 6567913.5
it: 241, sigma: 6567158.0
it: 242, sigma: 6566432.0
it: 243, sigma: 6565736.0
it: 244, sigma: 6565065.5
it: 245, sigma: 6564414.5
it: 246, sigma: 6563780.0
it: 247, sigma: 6563163.5
it: 248, sigma: 6562554.0
it: 249, sigma: 6561939.0
it: 250, sigma: 6561305.0
it: 251, sigma: 6560647.0
it: 252, sigma: 6559950.0
it: 253, sigma: 6559198.5
it: 254, sigma: 6558381.0
it: 255, sigma: 6557480.0
it: 256, sigma: 6556477.5
it: 257, sigma: 6555364.0
it: 258, sigma: 6554128.5
it: 259, sigma: 6552768.0
it: 260, sigma: 6551287.0
it: 261, sigma: 6549698.5
it: 262, sigma: 6548024.0
it: 263, sigma: 6546294.0
it: 264, sigma: 6544542.0
it: 265, sigma: 6542804.5
it: 266, sigma: 6541116.0
it: 267, sigma: 6539508.0
it: 268, sigma: 6538002.5
it: 269, sigma: 6536616.0
it: 270, sigma: 6535357.0
it: 271, sigma: 6534228.5
it: 272, sigma: 6533227.0
it: 273, sigma: 6532347.0
it: 274, sigma: 6531581.0
it: 275, sigma: 6530919.0
it: 276, sigma: 6530352.0
it: 277, sigma: 6529869.0
it: 278, sigma: 6529460.0
it: 279, sigma: 6529117.0
it: 280, sigma: 6528829.0
it: 281, sigma: 6528589.0
it: 282, sigma: 6528390.0
it: 283, sigma: 6528225.0
it: 284, sigma: 6528089.0
it: 285, sigma: 6527977.5
it: 286, sigma: 6527886.0
it: 287, sigma: 6527811.0
it: 288, sigma: 6527750.0
it: 289, sigma: 6527700.0
it: 290, sigma: 6527659.0
it: 291, sigma: 6527625.5
it: 292, sigma: 6527598.0
it: 293, sigma: 6527576.0
it: 294, sigma: 6527558.0
it: 295, sigma: 6527543.0
it: 296, sigma: 6527530.5
it: 297, sigma: 6527520.0
it: 298, sigma: 6527512.0
it: 299, sigma: 6527505.0
it: 300, sigma: 6527499.0
init 2 lasted 300 iterations. final sigma: 6527499.0
it: 0, sigma: 155773272064.0
it: 1, sigma: 159817888.0
it: 2, sigma: 69059952.0
it: 3, sigma: 61328960.0
it: 4, sigma: 57914688.0
it: 5, sigma: 56315200.0
it: 6, sigma: 55472248.0
it: 7, sigma: 54970008.0
it: 8, sigma: 54655248.0
it: 9, sigma: 54442096.0
it: 10, sigma: 54275404.0
it: 11, sigma: 54123820.0
it: 12, sigma: 53965112.0
it: 13, sigma: 53780152.0
it: 14, sigma: 53547984.0
it: 15, sigma: 53244808.0
it: 16, sigma: 52842744.0
it: 17, sigma: 52310168.0
it: 18, sigma: 51610368.0
it: 19, sigma: 50705524.0
it: 20, sigma: 49559576.0
it: 21, sigma: 48149528.0
it: 22, sigma: 46477656.0
it: 23, sigma: 44582000.0
it: 24, sigma: 42534152.0
it: 25, sigma: 40412128.0
it: 26, sigma: 38286312.0
it: 27, sigma: 36213216.0
it: 28, sigma: 34239888.0
it: 29, sigma: 32400960.0
it: 30, sigma: 30723014.0
it: 31, sigma: 29224888.0
it: 32, sigma: 27906832.0
it: 33, sigma: 26757718.0
it: 34, sigma: 25760156.0
it: 35, sigma: 24896236.0
it: 36, sigma: 24148854.0
it: 37, sigma: 23500704.0
it: 38, sigma: 22936716.0
it: 39, sigma: 22443930.0
it: 40, sigma: 22010230.0
it: 41, sigma: 21624920.0
it: 42, sigma: 21279268.0
it: 43, sigma: 20965652.0
it: 44, sigma: 20677340.0
it: 45, sigma: 20407992.0
it: 46, sigma: 20152044.0
it: 47, sigma: 19904628.0
it: 48, sigma: 19660844.0
it: 49, sigma: 19416212.0
it: 50, sigma: 19166480.0
it: 51, sigma: 18906696.0
it: 52, sigma: 18632884.0
it: 53, sigma: 18343382.0
it: 54, sigma: 18038448.0
it: 55, sigma: 17717880.0
it: 56, sigma: 17381850.0
it: 57, sigma: 17032620.0
it: 58, sigma: 16673300.0
it: 59, sigma: 16305556.0
it: 60, sigma: 15930038.0
it: 61, sigma: 15545638.0
it: 62, sigma: 15152572.0
it: 63, sigma: 14749623.0
it: 64, sigma: 14338232.0
it: 65, sigma: 13920642.0
it: 66, sigma: 13500476.0
it: 67, sigma: 13083310.0
it: 68, sigma: 12673502.0
it: 69, sigma: 12277089.0
it: 70, sigma: 11901021.0
it: 71, sigma: 11547528.0
it: 72, sigma: 11214394.0
it: 73, sigma: 10897528.0
it: 74, sigma: 10595274.0
it: 75, sigma: 10309535.0
it: 76, sigma: 10042184.0
it: 77, sigma: 9793383.0
it: 78, sigma: 9564552.0
it: 79, sigma: 9358497.0
it: 80, sigma: 9176190.0
it: 81, sigma: 9014388.0
it: 82, sigma: 8868341.0
it: 83, sigma: 8733880.0
it: 84, sigma: 8610194.0
it: 85, sigma: 8499174.0
it: 86, sigma: 8400876.0
it: 87, sigma: 8312575.0
it: 88, sigma: 8231629.0
it: 89, sigma: 8158308.5
it: 90, sigma: 8091394.0
it: 91, sigma: 8028148.0
it: 92, sigma: 7967178.0
it: 93, sigma: 7910919.5
it: 94, sigma: 7861511.5
it: 95, sigma: 7817691.0
it: 96, sigma: 7776670.0
it: 97, sigma: 7736450.0
it: 98, sigma: 7695823.0
it: 99, sigma: 7655091.0
it: 100, sigma: 7615337.5
it: 101, sigma: 7578115.0
it: 102, sigma: 7544627.5
it: 103, sigma: 7513168.0
it: 104, sigma: 7479798.0
it: 105, sigma: 7442340.5
it: 106, sigma: 7402074.0
it: 107, sigma: 7363840.0
it: 108, sigma: 7330049.0
it: 109, sigma: 7301650.0
it: 110, sigma: 7279706.0
it: 111, sigma: 7262735.0
it: 112, sigma: 7248540.0
it: 113, sigma: 7236028.5
it: 114, sigma: 7224606.5
it: 115, sigma: 7213885.5
it: 116, sigma: 7203466.0
it: 117, sigma: 7192894.0
it: 118, sigma: 7181430.0
it: 119, sigma: 7168042.0
it: 120, sigma: 7151897.0
it: 121, sigma: 7133930.5
it: 122, sigma: 7117492.0
it: 123, sigma: 7104343.0
it: 124, sigma: 7093095.0
it: 125, sigma: 7082103.0
it: 126, sigma: 7070495.5
it: 127, sigma: 7058441.5
it: 128, sigma: 7047258.0
it: 129, sigma: 7037994.0
it: 130, sigma: 7030365.0
it: 131, sigma: 7023461.0
it: 132, sigma: 7016605.5
it: 133, sigma: 7009355.5
it: 134, sigma: 7001307.0
it: 135, sigma: 6992241.0
it: 136, sigma: 6982282.5
it: 137, sigma: 6971906.0
it: 138, sigma: 6961583.0
it: 139, sigma: 6951729.5
it: 140, sigma: 6942613.5
it: 141, sigma: 6934241.0
it: 142, sigma: 6926510.0
it: 143, sigma: 6919276.5
it: 144, sigma: 6912324.0
it: 145, sigma: 6905604.5
it: 146, sigma: 6899124.0
it: 147, sigma: 6893043.5
it: 148, sigma: 6887364.0
it: 149, sigma: 6881830.0
it: 150, sigma: 6875991.0
it: 151, sigma: 6869302.0
it: 152, sigma: 6861411.5
it: 153, sigma: 6852436.0
it: 154, sigma: 6842396.0
it: 155, sigma: 6831105.5
it: 156, sigma: 6820158.5
it: 157, sigma: 6810114.5
it: 158, sigma: 6800784.0
it: 159, sigma: 6792104.0
it: 160, sigma: 6784241.0
it: 161, sigma: 6777285.0
it: 162, sigma: 6771059.5
it: 163, sigma: 6765306.0
it: 164, sigma: 6759804.5
it: 165, sigma: 6754451.0
it: 166, sigma: 6749269.0
it: 167, sigma: 6744305.0
it: 168, sigma: 6739670.0
it: 169, sigma: 6735435.0
it: 170, sigma: 6731604.0
it: 171, sigma: 6728140.0
it: 172, sigma: 6724983.0
it: 173, sigma: 6722087.0
it: 174, sigma: 6719405.0
it: 175, sigma: 6716871.0
it: 176, sigma: 6714389.5
it: 177, sigma: 6711831.0
it: 178, sigma: 6709056.0
it: 179, sigma: 6705900.0
it: 180, sigma: 6702356.0
it: 181, sigma: 6698520.5
it: 182, sigma: 6694581.0
it: 183, sigma: 6690781.5
it: 184, sigma: 6687302.0
it: 185, sigma: 6684191.0
it: 186, sigma: 6681405.0
it: 187, sigma: 6678861.0
it: 188, sigma: 6676546.5
it: 189, sigma: 6674551.0
it: 190, sigma: 6672913.0
it: 191, sigma: 6671624.0
it: 192, sigma: 6670654.0
it: 193, sigma: 6669932.0
it: 194, sigma: 6669381.0
it: 195, sigma: 6668950.0
it: 196, sigma: 6668603.0
it: 197, sigma: 6668315.5
it: 198, sigma: 6668068.5
it: 199, sigma: 6667849.0
it: 200, sigma: 6667646.0
it: 201, sigma: 6667454.0
it: 202, sigma: 6667268.0
it: 203, sigma: 6667084.0
it: 204, sigma: 6666899.5
it: 205, sigma: 6666712.0
it: 206, sigma: 6666519.0
it: 207, sigma: 6666318.0
it: 208, sigma: 6666103.0
it: 209, sigma: 6665869.0
it: 210, sigma: 6665610.0
it: 211, sigma: 6665299.0
it: 212, sigma: 6664944.5
it: 213, sigma: 6664536.0
it: 214, sigma: 6664052.0
it: 215, sigma: 6663465.5
it: 216, sigma: 6662738.0
it: 217, sigma: 6661831.0
it: 218, sigma: 6660699.0
it: 219, sigma: 6659301.0
it: 220, sigma: 6657609.0
it: 221, sigma: 6655595.0
it: 222, sigma: 6653337.0
it: 223, sigma: 6650925.5
it: 224, sigma: 6648451.0
it: 225, sigma: 6645990.0
it: 226, sigma: 6643642.0
it: 227, sigma: 6641435.0
it: 228, sigma: 6639389.0
it: 229, sigma: 6637518.0
it: 230, sigma: 6635801.0
it: 231, sigma: 6634217.0
it: 232, sigma: 6632742.5
it: 233, sigma: 6631318.0
it: 234, sigma: 6629823.5
it: 235, sigma: 6628100.0
it: 236, sigma: 6625916.5
it: 237, sigma: 6623030.5
it: 238, sigma: 6619477.5
it: 239, sigma: 6615568.0
it: 240, sigma: 6611350.5
it: 241, sigma: 6607602.5
it: 242, sigma: 6605048.0
it: 243, sigma: 6603562.0
it: 244, sigma: 6602637.0
it: 245, sigma: 6601966.0
it: 246, sigma: 6601432.5
it: 247, sigma: 6600994.0
it: 248, sigma: 6600627.0
it: 249, sigma: 6600316.5
it: 250, sigma: 6600051.0
it: 251, sigma: 6599823.5
it: 252, sigma: 6599628.5
it: 253, sigma: 6599460.0
it: 254, sigma: 6599314.0
it: 255, sigma: 6599188.0
it: 256, sigma: 6599078.5
it: 257, sigma: 6598982.5
it: 258, sigma: 6598899.0
it: 259, sigma: 6598825.5
it: 260, sigma: 6598761.5
it: 261, sigma: 6598704.5
it: 262, sigma: 6598654.5
it: 263, sigma: 6598610.0
it: 264, sigma: 6598570.0
it: 265, sigma: 6598534.5
it: 266, sigma: 6598502.0
it: 267, sigma: 6598472.5
it: 268, sigma: 6598446.0
it: 269, sigma: 6598420.5
it: 270, sigma: 6598397.0
it: 271, sigma: 6598374.0
it: 272, sigma: 6598353.0
it: 273, sigma: 6598332.0
it: 274, sigma: 6598311.5
it: 275, sigma: 6598291.5
it: 276, sigma: 6598272.0
it: 277, sigma: 6598252.0
it: 278, sigma: 6598232.0
it: 279, sigma: 6598212.0
it: 280, sigma: 6598190.5
it: 281, sigma: 6598168.5
it: 282, sigma: 6598146.0
it: 283, sigma: 6598123.0
it: 284, sigma: 6598099.0
it: 285, sigma: 6598074.0
it: 286, sigma: 6598049.0
it: 287, sigma: 6598024.0
it: 288, sigma: 6597998.0
it: 289, sigma: 6597973.0
it: 290, sigma: 6597948.0
it: 291, sigma: 6597923.0
it: 292, sigma: 6597898.0
it: 293, sigma: 6597874.0
it: 294, sigma: 6597850.0
it: 295, sigma: 6597826.0
it: 296, sigma: 6597803.0
it: 297, sigma: 6597780.0
it: 298, sigma: 6597758.0
it: 299, sigma: 6597736.0
it: 300, sigma: 6597714.5
init 3 lasted 300 iterations. final sigma: 6597714.5
it: 0, sigma: 156202139648.0
it: 1, sigma: 157044384.0
it: 2, sigma: 68858128.0
it: 3, sigma: 61227472.0
it: 4, sigma: 57881944.0
it: 5, sigma: 56242512.0
it: 6, sigma: 55381584.0
it: 7, sigma: 54879104.0
it: 8, sigma: 54557628.0
it: 9, sigma: 54331776.0
it: 10, sigma: 54146640.0
it: 11, sigma: 53968260.0
it: 12, sigma: 53770296.0
it: 13, sigma: 53527912.0
it: 14, sigma: 53214024.0
it: 15, sigma: 52797744.0
it: 16, sigma: 52242192.0
it: 17, sigma: 51506144.0
it: 18, sigma: 50546064.0
it: 19, sigma: 49324332.0
it: 20, sigma: 47819024.0
it: 21, sigma: 46036160.0
it: 22, sigma: 44019256.0
it: 23, sigma: 41844732.0
it: 24, sigma: 39606848.0
it: 25, sigma: 37390920.0
it: 26, sigma: 35269028.0
it: 27, sigma: 33299024.0
it: 28, sigma: 31516392.0
it: 29, sigma: 29931188.0
it: 30, sigma: 28535948.0
it: 31, sigma: 27313856.0
it: 32, sigma: 26244144.0
it: 33, sigma: 25306082.0
it: 34, sigma: 24480190.0
it: 35, sigma: 23747744.0
it: 36, sigma: 23095274.0
it: 37, sigma: 22513460.0
it: 38, sigma: 21992662.0
it: 39, sigma: 21524120.0
it: 40, sigma: 21099486.0
it: 41, sigma: 20711000.0
it: 42, sigma: 20351682.0
it: 43, sigma: 20015596.0
it: 44, sigma: 19697584.0
it: 45, sigma: 19393702.0
it: 46, sigma: 19100166.0
it: 47, sigma: 18813606.0
it: 48, sigma: 18530530.0
it: 49, sigma: 18247650.0
it: 50, sigma: 17962460.0
it: 51, sigma: 17672928.0
it: 52, sigma: 17377634.0
it: 53, sigma: 17075624.0
it: 54, sigma: 16766348.0
it: 55, sigma: 16450086.0
it: 56, sigma: 16126437.0
it: 57, sigma: 15794301.0
it: 58, sigma: 15453955.0
it: 59, sigma: 15105576.0
it: 60, sigma: 14748430.0
it: 61, sigma: 14381130.0
it: 62, sigma: 14004830.0
it: 63, sigma: 13625520.0
it: 64, sigma: 13249440.0
it: 65, sigma: 12879974.0
it: 66, sigma: 12520552.0
it: 67, sigma: 12173068.0
it: 68, sigma: 11837640.0
it: 69, sigma: 11514684.0
it: 70, sigma: 11206616.0
it: 71, sigma: 10916614.0
it: 72, sigma: 10643461.0
it: 73, sigma: 10383694.0
it: 74, sigma: 10134236.0
it: 75, sigma: 9893263.0
it: 76, sigma: 9662282.0
it: 77, sigma: 9444143.0
it: 78, sigma: 9240455.0
it: 79, sigma: 9051564.0
it: 80, sigma: 8878838.0
it: 81, sigma: 8724901.0
it: 82, sigma: 8591308.0
it: 83, sigma: 8476089.0
it: 84, sigma: 8374356.0
it: 85, sigma: 8280120.0
it: 86, sigma: 8189074.0
it: 87, sigma: 8101530.0
it: 88, sigma: 8019231.0
it: 89, sigma: 7942979.0
it: 90, sigma: 7871164.0
it: 91, sigma: 7803733.5
it: 92, sigma: 7741060.5
it: 93, sigma: 7683328.5
it: 94, sigma: 7630606.0
it: 95, sigma: 7582473.0
it: 96, sigma: 7537968.0
it: 97, sigma: 7495666.0
it: 98, sigma: 7455165.0
it: 99, sigma: 7416994.0
it: 100, sigma: 7380926.0
it: 101, sigma: 7346113.0
it: 102, sigma: 7312430.0
it: 103, sigma: 7279676.0
it: 104, sigma: 7247569.0
it: 105, sigma: 7217212.0
it: 106, sigma: 7189819.0
it: 107, sigma: 7164998.0
it: 108, sigma: 7142357.0
it: 109, sigma: 7121928.0
it: 110, sigma: 7102738.0
it: 111, sigma: 7084372.5
it: 112, sigma: 7067040.5
it: 113, sigma: 7050055.0
it: 114, sigma: 7032147.0
it: 115, sigma: 7012499.5
it: 116, sigma: 6991112.0
it: 117, sigma: 6968731.0
it: 118, sigma: 6946308.0
it: 119, sigma: 6924198.0
it: 120, sigma: 6902251.5
it: 121, sigma: 6881087.0
it: 122, sigma: 6862456.0
it: 123, sigma: 6847620.0
it: 124, sigma: 6835909.0
it: 125, sigma: 6826068.0
it: 126, sigma: 6817377.0
it: 127, sigma: 6809449.5
it: 128, sigma: 6801964.0
it: 129, sigma: 6794752.5
it: 130, sigma: 6787892.0
it: 131, sigma: 6781618.0
it: 132, sigma: 6775991.0
it: 133, sigma: 6770893.5
it: 134, sigma: 6766136.0
it: 135, sigma: 6761528.0
it: 136, sigma: 6756911.0
it: 137, sigma: 6752210.5
it: 138, sigma: 6747527.5
it: 139, sigma: 6742896.0
it: 140, sigma: 6738289.0
it: 141, sigma: 6733568.0
it: 142, sigma: 6728684.0
it: 143, sigma: 6723758.0
it: 144, sigma: 6718874.5
it: 145, sigma: 6713894.0
it: 146, sigma: 6708515.0
it: 147, sigma: 6702362.5
it: 148, sigma: 6695463.0
it: 149, sigma: 6688004.0
it: 150, sigma: 6680281.5
it: 151, sigma: 6672757.0
it: 152, sigma: 6665915.0
it: 153, sigma: 6659961.5
it: 154, sigma: 6654884.5
it: 155, sigma: 6650583.5
it: 156, sigma: 6646965.0
it: 157, sigma: 6643912.5
it: 158, sigma: 6641312.5
it: 159, sigma: 6639068.0
it: 160, sigma: 6637095.0
it: 161, sigma: 6635318.0
it: 162, sigma: 6633669.0
it: 163, sigma: 6632085.0
it: 164, sigma: 6630527.5
it: 165, sigma: 6628959.5
it: 166, sigma: 6627356.5
it: 167, sigma: 6625725.5
it: 168, sigma: 6624079.0
it: 169, sigma: 6622431.0
it: 170, sigma: 6620795.0
it: 171, sigma: 6619166.0
it: 172, sigma: 6617501.5
it: 173, sigma: 6615775.5
it: 174, sigma: 6614014.0
it: 175, sigma: 6612257.0
it: 176, sigma: 6610531.0
it: 177, sigma: 6608885.0
it: 178, sigma: 6607313.5
it: 179, sigma: 6605801.5
it: 180, sigma: 6604341.0
it: 181, sigma: 6602876.5
it: 182, sigma: 6601312.0
it: 183, sigma: 6599476.0
it: 184, sigma: 6597137.0
it: 185, sigma: 6594113.0
it: 186, sigma: 6590487.5
it: 187, sigma: 6586557.5
it: 188, sigma: 6582601.0
it: 189, sigma: 6578929.0
it: 190, sigma: 6575687.0
it: 191, sigma: 6572898.0
it: 192, sigma: 6570503.0
it: 193, sigma: 6568415.0
it: 194, sigma: 6566578.0
it: 195, sigma: 6564912.0
it: 196, sigma: 6563318.0
it: 197, sigma: 6561712.5
it: 198, sigma: 6560011.0
it: 199, sigma: 6558133.0
it: 200, sigma: 6556013.0
it: 201, sigma: 6553637.5
it: 202, sigma: 6551042.0
it: 203, sigma: 6548242.0
it: 204, sigma: 6545484.0
it: 205, sigma: 6542899.0
it: 206, sigma: 6540554.0
it: 207, sigma: 6538450.5
it: 208, sigma: 6536584.0
it: 209, sigma: 6534921.0
it: 210, sigma: 6533433.0
it: 211, sigma: 6532100.0
it: 212, sigma: 6530905.0
it: 213, sigma: 6529835.0
it: 214, sigma: 6528874.5
it: 215, sigma: 6528013.0
it: 216, sigma: 6527236.5
it: 217, sigma: 6526533.0
it: 218, sigma: 6525891.5
it: 219, sigma: 6525300.5
it: 220, sigma: 6524749.0
it: 221, sigma: 6524228.0
it: 222, sigma: 6523731.0
it: 223, sigma: 6523254.5
it: 224, sigma: 6522786.5
it: 225, sigma: 6522314.0
it: 226, sigma: 6521812.5
it: 227, sigma: 6521243.5
it: 228, sigma: 6520521.0
it: 229, sigma: 6519502.0
it: 230, sigma: 6517971.0
it: 231, sigma: 6515664.0
it: 232, sigma: 6512524.5
it: 233, sigma: 6508884.0
it: 234, sigma: 6504891.5
it: 235, sigma: 6501284.5
it: 236, sigma: 6498884.0
it: 237, sigma: 6497607.0
it: 238, sigma: 6496905.5
it: 239, sigma: 6496429.0
it: 240, sigma: 6496056.0
it: 241, sigma: 6495746.5
it: 242, sigma: 6495482.0
it: 243, sigma: 6495251.0
it: 244, sigma: 6495046.0
it: 245, sigma: 6494861.5
it: 246, sigma: 6494696.0
it: 247, sigma: 6494545.0
it: 248, sigma: 6494406.0
it: 249, sigma: 6494277.5
it: 250, sigma: 6494157.0
it: 251, sigma: 6494044.5
it: 252, sigma: 6493939.5
it: 253, sigma: 6493840.0
it: 254, sigma: 6493746.0
it: 255, sigma: 6493656.0
it: 256, sigma: 6493568.5
it: 257, sigma: 6493482.5
it: 258, sigma: 6493398.0
it: 259, sigma: 6493315.5
it: 260, sigma: 6493234.0
it: 261, sigma: 6493154.5
it: 262, sigma: 6493077.0
it: 263, sigma: 6493000.5
it: 264, sigma: 6492926.0
it: 265, sigma: 6492853.0
it: 266, sigma: 6492782.0
it: 267, sigma: 6492712.0
it: 268, sigma: 6492642.0
it: 269, sigma: 6492572.0
it: 270, sigma: 6492502.5
it: 271, sigma: 6492434.0
it: 272, sigma: 6492365.0
it: 273, sigma: 6492297.0
it: 274, sigma: 6492231.5
it: 275, sigma: 6492168.0
it: 276, sigma: 6492106.5
it: 277, sigma: 6492046.0
it: 278, sigma: 6491988.5
it: 279, sigma: 6491932.5
it: 280, sigma: 6491878.5
it: 281, sigma: 6491826.0
it: 282, sigma: 6491774.0
it: 283, sigma: 6491724.0
it: 284, sigma: 6491675.0
it: 285, sigma: 6491628.0
it: 286, sigma: 6491581.5
it: 287, sigma: 6491537.0
it: 288, sigma: 6491494.5
it: 289, sigma: 6491453.5
it: 290, sigma: 6491414.0
it: 291, sigma: 6491375.0
it: 292, sigma: 6491337.0
it: 293, sigma: 6491300.0
it: 294, sigma: 6491263.5
it: 295, sigma: 6491228.0
it: 296, sigma: 6491193.5
it: 297, sigma: 6491160.0
it: 298, sigma: 6491127.0
it: 299, sigma: 6491094.0
it: 300, sigma: 6491060.5
init 4 lasted 300 iterations. final sigma: 6491060.5
best sigma: 6491060.5
mds total runtime: 25.037697780993767 seconds
Time: 25.799094676971436
