/homes/jaredcbothwell/virtualenvs/cuda/lib/python3.9/site-packages/numba/cuda/dispatcher.py:488: NumbaPerformanceWarning: Grid size 65 will likely result in GPU under-utilization due to low occupancy.
  warn(NumbaPerformanceWarning(msg))
/homes/jaredcbothwell/virtualenvs/cuda/lib/python3.9/site-packages/numba/cuda/dispatcher.py:488: NumbaPerformanceWarning: Grid size 33 will likely result in GPU under-utilization due to low occupancy.
  warn(NumbaPerformanceWarning(msg))
/homes/jaredcbothwell/virtualenvs/cuda/lib/python3.9/site-packages/numba/cuda/dispatcher.py:488: NumbaPerformanceWarning: Grid size 17 will likely result in GPU under-utilization due to low occupancy.
  warn(NumbaPerformanceWarning(msg))
/homes/jaredcbothwell/virtualenvs/cuda/lib/python3.9/site-packages/numba/cuda/dispatcher.py:488: NumbaPerformanceWarning: Grid size 9 will likely result in GPU under-utilization due to low occupancy.
  warn(NumbaPerformanceWarning(msg))
/homes/jaredcbothwell/virtualenvs/cuda/lib/python3.9/site-packages/numba/cuda/dispatcher.py:488: NumbaPerformanceWarning: Grid size 5 will likely result in GPU under-utilization due to low occupancy.
  warn(NumbaPerformanceWarning(msg))
/homes/jaredcbothwell/virtualenvs/cuda/lib/python3.9/site-packages/numba/cuda/dispatcher.py:488: NumbaPerformanceWarning: Grid size 3 will likely result in GPU under-utilization due to low occupancy.
  warn(NumbaPerformanceWarning(msg))
/homes/jaredcbothwell/virtualenvs/cuda/lib/python3.9/site-packages/numba/cuda/dispatcher.py:488: NumbaPerformanceWarning: Grid size 2 will likely result in GPU under-utilization due to low occupancy.
  warn(NumbaPerformanceWarning(msg))
/homes/jaredcbothwell/virtualenvs/cuda/lib/python3.9/site-packages/numba/cuda/dispatcher.py:488: NumbaPerformanceWarning: Grid size 1 will likely result in GPU under-utilization due to low occupancy.
  warn(NumbaPerformanceWarning(msg))
length: 40880 -----------------------------------------
read data
calculated distances
it: 0, sigma: 2595841114112.0
it: 1, sigma: 2957620224.0
it: 2, sigma: 1208299904.0
it: 3, sigma: 1004255808.0
it: 4, sigma: 886260992.0
it: 5, sigma: 801641344.0
it: 6, sigma: 734409664.0
it: 7, sigma: 677018688.0
it: 8, sigma: 626377600.0
it: 9, sigma: 582349952.0
it: 10, sigma: 544978560.0
it: 11, sigma: 513758880.0
it: 12, sigma: 487860128.0
it: 13, sigma: 466400832.0
it: 14, sigma: 448607392.0
it: 15, sigma: 433814592.0
it: 16, sigma: 421470208.0
it: 17, sigma: 411168128.0
it: 18, sigma: 402564288.0
it: 19, sigma: 395334976.0
it: 20, sigma: 389225184.0
it: 21, sigma: 384043712.0
it: 22, sigma: 379635232.0
it: 23, sigma: 375867712.0
it: 24, sigma: 372627616.0
it: 25, sigma: 369821760.0
it: 26, sigma: 367372320.0
it: 27, sigma: 365215424.0
it: 28, sigma: 363296576.0
it: 29, sigma: 361570144.0
it: 30, sigma: 359998208.0
it: 31, sigma: 358550016.0
it: 32, sigma: 357200352.0
it: 33, sigma: 355927104.0
it: 34, sigma: 354711136.0
it: 35, sigma: 353535040.0
it: 36, sigma: 352382752.0
it: 37, sigma: 351239104.0
it: 38, sigma: 350089856.0
it: 39, sigma: 348921632.0
it: 40, sigma: 347721440.0
it: 41, sigma: 346476480.0
it: 42, sigma: 345173728.0
it: 43, sigma: 343800832.0
it: 44, sigma: 342347104.0
it: 45, sigma: 340804352.0
it: 46, sigma: 339165248.0
it: 47, sigma: 337420544.0
it: 48, sigma: 335560576.0
it: 49, sigma: 333573440.0
it: 50, sigma: 331450688.0
it: 51, sigma: 329188608.0
it: 52, sigma: 326788160.0
it: 53, sigma: 324253568.0
it: 54, sigma: 321590720.0
it: 55, sigma: 318806816.0
it: 56, sigma: 315910304.0
it: 57, sigma: 312913536.0
it: 58, sigma: 309826848.0
it: 59, sigma: 306655200.0
it: 60, sigma: 303397600.0
it: 61, sigma: 300050624.0
it: 62, sigma: 296615104.0
it: 63, sigma: 293103520.0
it: 64, sigma: 289541792.0
it: 65, sigma: 285961760.0
it: 66, sigma: 282387776.0
it: 67, sigma: 278839168.0
it: 68, sigma: 275328608.0
it: 69, sigma: 271863424.0
it: 70, sigma: 268450528.0
it: 71, sigma: 265095024.0
it: 72, sigma: 261790832.0
it: 73, sigma: 258530928.0
it: 74, sigma: 255319008.0
it: 75, sigma: 252168000.0
it: 76, sigma: 249085296.0
it: 77, sigma: 246075760.0
it: 78, sigma: 243137472.0
it: 79, sigma: 240260288.0
it: 80, sigma: 237433568.0
it: 81, sigma: 234661536.0
it: 82, sigma: 231955968.0
it: 83, sigma: 229325264.0
it: 84, sigma: 226767936.0
it: 85, sigma: 224270784.0
it: 86, sigma: 221826720.0
it: 87, sigma: 219444192.0
it: 88, sigma: 217133424.0
it: 89, sigma: 214904064.0
it: 90, sigma: 212755056.0
it: 91, sigma: 210658848.0
it: 92, sigma: 208576128.0
it: 93, sigma: 206492288.0
it: 94, sigma: 204421344.0
it: 95, sigma: 202391424.0
it: 96, sigma: 200424096.0
it: 97, sigma: 198526592.0
it: 98, sigma: 196711376.0
it: 99, sigma: 194995600.0
it: 100, sigma: 193381344.0
it: 101, sigma: 191862864.0
it: 102, sigma: 190433664.0
it: 103, sigma: 189075808.0
it: 104, sigma: 187763360.0
it: 105, sigma: 186479872.0
it: 106, sigma: 185227968.0
it: 107, sigma: 184033856.0
it: 108, sigma: 182912000.0
it: 109, sigma: 181845952.0
it: 110, sigma: 180806112.0
it: 111, sigma: 179767808.0
it: 112, sigma: 178710656.0
it: 113, sigma: 177625536.0
it: 114, sigma: 176517952.0
it: 115, sigma: 175409408.0
it: 116, sigma: 174327776.0
it: 117, sigma: 173287328.0
it: 118, sigma: 172277936.0
it: 119, sigma: 171284560.0
it: 120, sigma: 170315712.0
it: 121, sigma: 169391072.0
it: 122, sigma: 168507440.0
it: 123, sigma: 167653664.0
it: 124, sigma: 166815952.0
it: 125, sigma: 165995392.0
it: 126, sigma: 165199488.0
it: 127, sigma: 164433424.0
it: 128, sigma: 163691248.0
it: 129, sigma: 162964624.0
it: 130, sigma: 162249600.0
it: 131, sigma: 161544336.0
it: 132, sigma: 160841776.0
it: 133, sigma: 160129024.0
it: 134, sigma: 159394080.0
it: 135, sigma: 158641344.0
it: 136, sigma: 157899488.0
it: 137, sigma: 157203424.0
it: 138, sigma: 156563744.0
it: 139, sigma: 155973344.0
it: 140, sigma: 155417872.0
it: 141, sigma: 154882944.0
it: 142, sigma: 154362672.0
it: 143, sigma: 153854464.0
it: 144, sigma: 153360352.0
it: 145, sigma: 152888096.0
it: 146, sigma: 152436736.0
it: 147, sigma: 151998976.0
it: 148, sigma: 151574400.0
it: 149, sigma: 151168544.0
it: 150, sigma: 150786992.0
it: 151, sigma: 150428512.0
it: 152, sigma: 150090880.0
it: 153, sigma: 149770832.0
it: 154, sigma: 149464848.0
it: 155, sigma: 149170560.0
it: 156, sigma: 148884288.0
it: 157, sigma: 148599680.0
it: 158, sigma: 148314032.0
it: 159, sigma: 148031072.0
it: 160, sigma: 147749888.0
it: 161, sigma: 147462512.0
it: 162, sigma: 147169504.0
it: 163, sigma: 146877312.0
it: 164, sigma: 146584416.0
it: 165, sigma: 146285408.0
it: 166, sigma: 145979264.0
it: 167, sigma: 145666640.0
it: 168, sigma: 145346912.0
it: 169, sigma: 145027424.0
it: 170, sigma: 144711504.0
it: 171, sigma: 144396768.0
it: 172, sigma: 144080208.0
it: 173, sigma: 143762576.0
it: 174, sigma: 143447776.0
it: 175, sigma: 143139712.0
it: 176, sigma: 142841232.0
it: 177, sigma: 142551888.0
it: 178, sigma: 142265504.0
it: 179, sigma: 141980112.0
it: 180, sigma: 141698624.0
it: 181, sigma: 141425488.0
it: 182, sigma: 141165312.0
it: 183, sigma: 140919968.0
it: 184, sigma: 140684160.0
it: 185, sigma: 140451776.0
it: 186, sigma: 140217536.0
it: 187, sigma: 139978640.0
it: 188, sigma: 139736272.0
it: 189, sigma: 139496304.0
it: 190, sigma: 139263616.0
it: 191, sigma: 139041792.0
it: 192, sigma: 138830656.0
it: 193, sigma: 138629888.0
it: 194, sigma: 138438400.0
it: 195, sigma: 138251200.0
it: 196, sigma: 138062416.0
it: 197, sigma: 137871680.0
it: 198, sigma: 137684336.0
it: 199, sigma: 137507328.0
it: 200, sigma: 137341296.0
it: 201, sigma: 137183712.0
it: 202, sigma: 137032448.0
it: 203, sigma: 136886672.0
it: 204, sigma: 136746064.0
it: 205, sigma: 136609824.0
it: 206, sigma: 136476688.0
it: 207, sigma: 136345360.0
it: 208, sigma: 136214656.0
it: 209, sigma: 136082832.0
it: 210, sigma: 135948352.0
it: 211, sigma: 135812384.0
it: 212, sigma: 135675200.0
it: 213, sigma: 135536256.0
it: 214, sigma: 135397648.0
it: 215, sigma: 135268560.0
it: 216, sigma: 135155648.0
it: 217, sigma: 135055424.0
it: 218, sigma: 134962256.0
it: 219, sigma: 134874464.0
it: 220, sigma: 134791552.0
it: 221, sigma: 134711104.0
it: 222, sigma: 134631808.0
it: 223, sigma: 134552544.0
it: 224, sigma: 134473552.0
it: 225, sigma: 134397920.0
it: 226, sigma: 134330880.0
it: 227, sigma: 134274688.0
it: 228, sigma: 134224192.0
it: 229, sigma: 134174208.0
it: 230, sigma: 134121584.0
it: 231, sigma: 134063824.0
it: 232, sigma: 133999160.0
it: 233, sigma: 133926384.0
it: 234, sigma: 133846040.0
it: 235, sigma: 133762424.0
it: 236, sigma: 133679272.0
it: 237, sigma: 133597832.0
it: 238, sigma: 133516512.0
it: 239, sigma: 133433376.0
it: 240, sigma: 133350136.0
it: 241, sigma: 133267728.0
it: 242, sigma: 133185608.0
it: 243, sigma: 133104472.0
it: 244, sigma: 133024352.0
it: 245, sigma: 132945304.0
it: 246, sigma: 132868400.0
it: 247, sigma: 132794400.0
it: 248, sigma: 132723184.0
it: 249, sigma: 132653920.0
it: 250, sigma: 132585408.0
it: 251, sigma: 132516208.0
it: 252, sigma: 132444808.0
it: 253, sigma: 132370056.0
it: 254, sigma: 132291072.0
it: 255, sigma: 132206960.0
it: 256, sigma: 132117600.0
it: 257, sigma: 132026464.0
it: 258, sigma: 131940104.0
it: 259, sigma: 131859088.0
it: 260, sigma: 131779840.0
it: 261, sigma: 131700976.0
it: 262, sigma: 131623248.0
it: 263, sigma: 131546832.0
it: 264, sigma: 131470976.0
it: 265, sigma: 131395216.0
it: 266, sigma: 131318752.0
it: 267, sigma: 131240704.0
it: 268, sigma: 131162456.0
it: 269, sigma: 131089520.0
it: 270, sigma: 131023840.0
it: 271, sigma: 130965344.0
it: 272, sigma: 130913352.0
it: 273, sigma: 130866904.0
it: 274, sigma: 130824888.0
it: 275, sigma: 130786264.0
it: 276, sigma: 130750096.0
it: 277, sigma: 130715424.0
it: 278, sigma: 130681488.0
it: 279, sigma: 130648400.0
it: 280, sigma: 130616304.0
it: 281, sigma: 130585248.0
it: 282, sigma: 130555232.0
it: 283, sigma: 130526208.0
it: 284, sigma: 130498096.0
it: 285, sigma: 130470416.0
it: 286, sigma: 130441648.0
it: 287, sigma: 130413536.0
it: 288, sigma: 130387008.0
it: 289, sigma: 130362408.0
it: 290, sigma: 130339728.0
it: 291, sigma: 130318752.0
it: 292, sigma: 130299072.0
it: 293, sigma: 130280208.0
it: 294, sigma: 130261584.0
it: 295, sigma: 130242672.0
it: 296, sigma: 130222816.0
it: 297, sigma: 130201280.0
it: 298, sigma: 130177000.0
it: 299, sigma: 130148632.0
it: 300, sigma: 130114920.0
init 1 lasted 300 iterations. final sigma: 130114920.0
it: 0, sigma: 2576192897024.0
it: 1, sigma: 2971094016.0
it: 2, sigma: 1207736320.0
it: 3, sigma: 1005250944.0
it: 4, sigma: 887036416.0
it: 5, sigma: 803588480.0
it: 6, sigma: 737560576.0
it: 7, sigma: 680694720.0
it: 8, sigma: 630466304.0
it: 9, sigma: 586808256.0
it: 10, sigma: 549576384.0
it: 11, sigma: 518404224.0
it: 12, sigma: 492537472.0
it: 13, sigma: 471029440.0
it: 14, sigma: 453121120.0
it: 15, sigma: 438235072.0
it: 16, sigma: 425838272.0
it: 17, sigma: 415449216.0
it: 18, sigma: 406682496.0
it: 19, sigma: 399253472.0
it: 20, sigma: 392951616.0
it: 21, sigma: 387613152.0
it: 22, sigma: 383092448.0
it: 23, sigma: 379260768.0
it: 24, sigma: 376002464.0
it: 25, sigma: 373219872.0
it: 26, sigma: 370832640.0
it: 27, sigma: 368773504.0
it: 28, sigma: 366988096.0
it: 29, sigma: 365432672.0
it: 30, sigma: 364070400.0
it: 31, sigma: 362870752.0
it: 32, sigma: 361808960.0
it: 33, sigma: 360864768.0
it: 34, sigma: 360021632.0
it: 35, sigma: 359265728.0
it: 36, sigma: 358585280.0
it: 37, sigma: 357970592.0
it: 38, sigma: 357413440.0
it: 39, sigma: 356907008.0
it: 40, sigma: 356445120.0
it: 41, sigma: 356021760.0
it: 42, sigma: 355631616.0
it: 43, sigma: 355269760.0
it: 44, sigma: 354931776.0
it: 45, sigma: 354614016.0
it: 46, sigma: 354312960.0
it: 47, sigma: 354025184.0
it: 48, sigma: 353747456.0
it: 49, sigma: 353476736.0
it: 50, sigma: 353210112.0
it: 51, sigma: 352944768.0
it: 52, sigma: 352677952.0
it: 53, sigma: 352407040.0
it: 54, sigma: 352129280.0
it: 55, sigma: 351841920.0
it: 56, sigma: 351541472.0
it: 57, sigma: 351225184.0
it: 58, sigma: 350889536.0
it: 59, sigma: 350531584.0
it: 60, sigma: 350149184.0
it: 61, sigma: 349740352.0
it: 62, sigma: 349302656.0
it: 63, sigma: 348833568.0
it: 64, sigma: 348330272.0
it: 65, sigma: 347789088.0
it: 66, sigma: 347204928.0
it: 67, sigma: 346572416.0
it: 68, sigma: 345886208.0
it: 69, sigma: 345140160.0
it: 70, sigma: 344327200.0
it: 71, sigma: 343440096.0
it: 72, sigma: 342471168.0
it: 73, sigma: 341412096.0
it: 74, sigma: 340253952.0
it: 75, sigma: 338990848.0
it: 76, sigma: 337618304.0
it: 77, sigma: 336134496.0
it: 78, sigma: 334539808.0
it: 79, sigma: 332833408.0
it: 80, sigma: 331010688.0
it: 81, sigma: 329065664.0
it: 82, sigma: 326991008.0
it: 83, sigma: 324782208.0
it: 84, sigma: 322436032.0
it: 85, sigma: 319954016.0
it: 86, sigma: 317342944.0
it: 87, sigma: 314617792.0
it: 88, sigma: 311798496.0
it: 89, sigma: 308905216.0
it: 90, sigma: 305951776.0
it: 91, sigma: 302944256.0
it: 92, sigma: 299886848.0
it: 93, sigma: 296787904.0
it: 94, sigma: 293662048.0
it: 95, sigma: 290523648.0
it: 96, sigma: 287384448.0
it: 97, sigma: 284252352.0
it: 98, sigma: 281136320.0
it: 99, sigma: 278045440.0
it: 100, sigma: 274987200.0
it: 101, sigma: 271962272.0
it: 102, sigma: 268970080.0
it: 103, sigma: 266010336.0
it: 104, sigma: 263081088.0
it: 105, sigma: 260179104.0
it: 106, sigma: 257301168.0
it: 107, sigma: 254446784.0
it: 108, sigma: 251611648.0
it: 109, sigma: 248793184.0
it: 110, sigma: 245998208.0
it: 111, sigma: 243232256.0
it: 112, sigma: 240495488.0
it: 113, sigma: 237801680.0
it: 114, sigma: 235182144.0
it: 115, sigma: 232663424.0
it: 116, sigma: 230243120.0
it: 117, sigma: 227897728.0
it: 118, sigma: 225601984.0
it: 119, sigma: 223346448.0
it: 120, sigma: 221127376.0
it: 121, sigma: 218949600.0
it: 122, sigma: 216822176.0
it: 123, sigma: 214748576.0
it: 124, sigma: 212738016.0
it: 125, sigma: 210801024.0
it: 126, sigma: 208931216.0
it: 127, sigma: 207102144.0
it: 128, sigma: 205296480.0
it: 129, sigma: 203517920.0
it: 130, sigma: 201785040.0
it: 131, sigma: 200119328.0
it: 132, sigma: 198535264.0
it: 133, sigma: 197029312.0
it: 134, sigma: 195579008.0
it: 135, sigma: 194164640.0
it: 136, sigma: 192777712.0
it: 137, sigma: 191413968.0
it: 138, sigma: 190073408.0
it: 139, sigma: 188765968.0
it: 140, sigma: 187500224.0
it: 141, sigma: 186273440.0
it: 142, sigma: 185071824.0
it: 143, sigma: 183884880.0
it: 144, sigma: 182709632.0
it: 145, sigma: 181540032.0
it: 146, sigma: 180368832.0
it: 147, sigma: 179195776.0
it: 148, sigma: 178044992.0
it: 149, sigma: 176938272.0
it: 150, sigma: 175872384.0
it: 151, sigma: 174833728.0
it: 152, sigma: 173812000.0
it: 153, sigma: 172808096.0
it: 154, sigma: 171829472.0
it: 155, sigma: 170876608.0
it: 156, sigma: 169945920.0
it: 157, sigma: 169040128.0
it: 158, sigma: 168162736.0
it: 159, sigma: 167308240.0
it: 160, sigma: 166467296.0
it: 161, sigma: 165634944.0
it: 162, sigma: 164807936.0
it: 163, sigma: 163983328.0
it: 164, sigma: 163164016.0
it: 165, sigma: 162364320.0
it: 166, sigma: 161601696.0
it: 167, sigma: 160877120.0
it: 168, sigma: 160177696.0
it: 169, sigma: 159489664.0
it: 170, sigma: 158813536.0
it: 171, sigma: 158154304.0
it: 172, sigma: 157519392.0
it: 173, sigma: 156915776.0
it: 174, sigma: 156338848.0
it: 175, sigma: 155778304.0
it: 176, sigma: 155226720.0
it: 177, sigma: 154684464.0
it: 178, sigma: 154154592.0
it: 179, sigma: 153640896.0
it: 180, sigma: 153144384.0
it: 181, sigma: 152657200.0
it: 182, sigma: 152169344.0
it: 183, sigma: 151675776.0
it: 184, sigma: 151183632.0
it: 185, sigma: 150708848.0
it: 186, sigma: 150266464.0
it: 187, sigma: 149859328.0
it: 188, sigma: 149478912.0
it: 189, sigma: 149116144.0
it: 190, sigma: 148766688.0
it: 191, sigma: 148428832.0
it: 192, sigma: 148107760.0
it: 193, sigma: 147804416.0
it: 194, sigma: 147508800.0
it: 195, sigma: 147214832.0
it: 196, sigma: 146920896.0
it: 197, sigma: 146625536.0
it: 198, sigma: 146325120.0
it: 199, sigma: 146018064.0
it: 200, sigma: 145704352.0
it: 201, sigma: 145384128.0
it: 202, sigma: 145058064.0
it: 203, sigma: 144728800.0
it: 204, sigma: 144403744.0
it: 205, sigma: 144093360.0
it: 206, sigma: 143804080.0
it: 207, sigma: 143526896.0
it: 208, sigma: 143249312.0
it: 209, sigma: 142962528.0
it: 210, sigma: 142659968.0
it: 211, sigma: 142339680.0
it: 212, sigma: 142006672.0
it: 213, sigma: 141672000.0
it: 214, sigma: 141344480.0
it: 215, sigma: 141024480.0
it: 216, sigma: 140712416.0
it: 217, sigma: 140408800.0
it: 218, sigma: 140113168.0
it: 219, sigma: 139826112.0
it: 220, sigma: 139548560.0
it: 221, sigma: 139283552.0
it: 222, sigma: 139033200.0
it: 223, sigma: 138797568.0
it: 224, sigma: 138572080.0
it: 225, sigma: 138351296.0
it: 226, sigma: 138133328.0
it: 227, sigma: 137916688.0
it: 228, sigma: 137699424.0
it: 229, sigma: 137484032.0
it: 230, sigma: 137276288.0
it: 231, sigma: 137078048.0
it: 232, sigma: 136886208.0
it: 233, sigma: 136696608.0
it: 234, sigma: 136509728.0
it: 235, sigma: 136330896.0
it: 236, sigma: 136165024.0
it: 237, sigma: 136013280.0
it: 238, sigma: 135872064.0
it: 239, sigma: 135738224.0
it: 240, sigma: 135610624.0
it: 241, sigma: 135488064.0
it: 242, sigma: 135369568.0
it: 243, sigma: 135254672.0
it: 244, sigma: 135142944.0
it: 245, sigma: 135033568.0
it: 246, sigma: 134924704.0
it: 247, sigma: 134815728.0
it: 248, sigma: 134710352.0
it: 249, sigma: 134611008.0
it: 250, sigma: 134519408.0
it: 251, sigma: 134435296.0
it: 252, sigma: 134355808.0
it: 253, sigma: 134279200.0
it: 254, sigma: 134203152.0
it: 255, sigma: 134127616.0
it: 256, sigma: 134059160.0
it: 257, sigma: 134004144.0
it: 258, sigma: 133958400.0
it: 259, sigma: 133916720.0
it: 260, sigma: 133876880.0
it: 261, sigma: 133837728.0
it: 262, sigma: 133798408.0
it: 263, sigma: 133758200.0
it: 264, sigma: 133716448.0
it: 265, sigma: 133672496.0
it: 266, sigma: 133625248.0
it: 267, sigma: 133573104.0
it: 268, sigma: 133514704.0
it: 269, sigma: 133450480.0
it: 270, sigma: 133381288.0
it: 271, sigma: 133308992.0
it: 272, sigma: 133235736.0
it: 273, sigma: 133161824.0
it: 274, sigma: 133087160.0
it: 275, sigma: 133012224.0
it: 276, sigma: 132937536.0
it: 277, sigma: 132863208.0
it: 278, sigma: 132789264.0
it: 279, sigma: 132715600.0
it: 280, sigma: 132641632.0
it: 281, sigma: 132568424.0
it: 282, sigma: 132501344.0
it: 283, sigma: 132444960.0
it: 284, sigma: 132396136.0
it: 285, sigma: 132350400.0
it: 286, sigma: 132305760.0
it: 287, sigma: 132262648.0
it: 288, sigma: 132223000.0
it: 289, sigma: 132187888.0
it: 290, sigma: 132156352.0
it: 291, sigma: 132126984.0
it: 292, sigma: 132098632.0
it: 293, sigma: 132070216.0
it: 294, sigma: 132040328.0
it: 295, sigma: 132007392.0
it: 296, sigma: 131970288.0
it: 297, sigma: 131929472.0
it: 298, sigma: 131887568.0
it: 299, sigma: 131848272.0
it: 300, sigma: 131812640.0
init 2 lasted 300 iterations. final sigma: 131812640.0
it: 0, sigma: 2571971067904.0
it: 1, sigma: 2970593280.0
it: 2, sigma: 1215052032.0
it: 3, sigma: 1009565824.0
it: 4, sigma: 890516928.0
it: 5, sigma: 805919616.0
it: 6, sigma: 738878208.0
it: 7, sigma: 681138048.0
it: 8, sigma: 629630656.0
it: 9, sigma: 584463616.0
it: 10, sigma: 545901440.0
it: 11, sigma: 513785024.0
it: 12, sigma: 487431104.0
it: 13, sigma: 465840320.0
it: 14, sigma: 448083712.0
it: 15, sigma: 433406272.0
it: 16, sigma: 421225280.0
it: 17, sigma: 411092224.0
it: 18, sigma: 402628928.0
it: 19, sigma: 395523424.0
it: 20, sigma: 389540864.0
it: 21, sigma: 384503680.0
it: 22, sigma: 380278144.0
it: 23, sigma: 376732928.0
it: 24, sigma: 373733696.0
it: 25, sigma: 371174848.0
it: 26, sigma: 368979680.0
it: 27, sigma: 367090304.0
it: 28, sigma: 365460768.0
it: 29, sigma: 364051648.0
it: 30, sigma: 362829824.0
it: 31, sigma: 361766144.0
it: 32, sigma: 360835968.0
it: 33, sigma: 360018624.0
it: 34, sigma: 359296352.0
it: 35, sigma: 358653952.0
it: 36, sigma: 358078784.0
it: 37, sigma: 357560608.0
it: 38, sigma: 357090880.0
it: 39, sigma: 356662720.0
it: 40, sigma: 356270848.0
it: 41, sigma: 355910912.0
it: 42, sigma: 355578976.0
it: 43, sigma: 355271680.0
it: 44, sigma: 354986368.0
it: 45, sigma: 354720320.0
it: 46, sigma: 354471456.0
it: 47, sigma: 354237696.0
it: 48, sigma: 354017280.0
it: 49, sigma: 353808704.0
it: 50, sigma: 353610560.0
it: 51, sigma: 353421440.0
it: 52, sigma: 353240064.0
it: 53, sigma: 353065120.0
it: 54, sigma: 352895264.0
it: 55, sigma: 352729280.0
it: 56, sigma: 352565696.0
it: 57, sigma: 352403264.0
it: 58, sigma: 352240416.0
it: 59, sigma: 352075968.0
it: 60, sigma: 351908256.0
it: 61, sigma: 351735680.0
it: 62, sigma: 351556672.0
it: 63, sigma: 351369728.0
it: 64, sigma: 351174112.0
it: 65, sigma: 350970112.0
it: 66, sigma: 350758464.0
it: 67, sigma: 350540320.0
it: 68, sigma: 350316288.0
it: 69, sigma: 350086528.0
it: 70, sigma: 349850752.0
it: 71, sigma: 349607936.0
it: 72, sigma: 349356800.0
it: 73, sigma: 349096064.0
it: 74, sigma: 348824096.0
it: 75, sigma: 348539424.0
it: 76, sigma: 348240384.0
it: 77, sigma: 347925664.0
it: 78, sigma: 347594112.0
it: 79, sigma: 347244288.0
it: 80, sigma: 346874688.0
it: 81, sigma: 346483424.0
it: 82, sigma: 346068672.0
it: 83, sigma: 345627904.0
it: 84, sigma: 345158752.0
it: 85, sigma: 344658848.0
it: 86, sigma: 344126080.0
it: 87, sigma: 343559232.0
it: 88, sigma: 342958272.0
it: 89, sigma: 342325376.0
it: 90, sigma: 341663424.0
it: 91, sigma: 340972640.0
it: 92, sigma: 340250688.0
it: 93, sigma: 339493696.0
it: 94, sigma: 338697408.0
it: 95, sigma: 337858464.0
it: 96, sigma: 336974208.0
it: 97, sigma: 336042304.0
it: 98, sigma: 335060416.0
it: 99, sigma: 334025024.0
it: 100, sigma: 332931296.0
it: 101, sigma: 331773312.0
it: 102, sigma: 330548416.0
it: 103, sigma: 329256992.0
it: 104, sigma: 327901376.0
it: 105, sigma: 326482208.0
it: 106, sigma: 324996672.0
it: 107, sigma: 323437056.0
it: 108, sigma: 321791680.0
it: 109, sigma: 320048896.0
it: 110, sigma: 318200640.0
it: 111, sigma: 316239296.0
it: 112, sigma: 314157024.0
it: 113, sigma: 311946880.0
it: 114, sigma: 309610784.0
it: 115, sigma: 307158208.0
it: 116, sigma: 304604608.0
it: 117, sigma: 301973280.0
it: 118, sigma: 299287712.0
it: 119, sigma: 296561824.0
it: 120, sigma: 293801088.0
it: 121, sigma: 291007232.0
it: 122, sigma: 288178176.0
it: 123, sigma: 285310208.0
it: 124, sigma: 282403104.0
it: 125, sigma: 279462336.0
it: 126, sigma: 276504192.0
it: 127, sigma: 273548352.0
it: 128, sigma: 270610720.0
it: 129, sigma: 267694528.0
it: 130, sigma: 264784144.0
it: 131, sigma: 261858144.0
it: 132, sigma: 258916064.0
it: 133, sigma: 255972640.0
it: 134, sigma: 253043616.0
it: 135, sigma: 250140864.0
it: 136, sigma: 247285184.0
it: 137, sigma: 244500288.0
it: 138, sigma: 241797472.0
it: 139, sigma: 239174352.0
it: 140, sigma: 236628832.0
it: 141, sigma: 234168448.0
it: 142, sigma: 231797200.0
it: 143, sigma: 229509648.0
it: 144, sigma: 227297184.0
it: 145, sigma: 225152064.0
it: 146, sigma: 223058976.0
it: 147, sigma: 220990944.0
it: 148, sigma: 218924512.0
it: 149, sigma: 216860896.0
it: 150, sigma: 214816000.0
it: 151, sigma: 212782304.0
it: 152, sigma: 210740416.0
it: 153, sigma: 208684032.0
it: 154, sigma: 206631104.0
it: 155, sigma: 204612336.0
it: 156, sigma: 202644976.0
it: 157, sigma: 200726288.0
it: 158, sigma: 198850144.0
it: 159, sigma: 197022784.0
it: 160, sigma: 195269184.0
it: 161, sigma: 193607392.0
it: 162, sigma: 192032064.0
it: 163, sigma: 190524032.0
it: 164, sigma: 189070608.0
it: 165, sigma: 187674480.0
it: 166, sigma: 186340848.0
it: 167, sigma: 185075776.0
it: 168, sigma: 183879904.0
it: 169, sigma: 182749168.0
it: 170, sigma: 181666928.0
it: 171, sigma: 180606112.0
it: 172, sigma: 179554544.0
it: 173, sigma: 178522880.0
it: 174, sigma: 177523824.0
it: 175, sigma: 176551520.0
it: 176, sigma: 175592352.0
it: 177, sigma: 174645840.0
it: 178, sigma: 173724112.0
it: 179, sigma: 172831088.0
it: 180, sigma: 171955392.0
it: 181, sigma: 171090304.0
it: 182, sigma: 170245504.0
it: 183, sigma: 169428576.0
it: 184, sigma: 168634016.0
it: 185, sigma: 167855456.0
it: 186, sigma: 167088128.0
it: 187, sigma: 166333760.0
it: 188, sigma: 165599120.0
it: 189, sigma: 164878944.0
it: 190, sigma: 164164128.0
it: 191, sigma: 163453728.0
it: 192, sigma: 162755216.0
it: 193, sigma: 162070240.0
it: 194, sigma: 161385024.0
it: 195, sigma: 160685456.0
it: 196, sigma: 159970672.0
it: 197, sigma: 159260880.0
it: 198, sigma: 158581936.0
it: 199, sigma: 157947984.0
it: 200, sigma: 157360368.0
it: 201, sigma: 156814032.0
it: 202, sigma: 156299440.0
it: 203, sigma: 155804352.0
it: 204, sigma: 155315072.0
it: 205, sigma: 154823360.0
it: 206, sigma: 154329376.0
it: 207, sigma: 153840480.0
it: 208, sigma: 153362624.0
it: 209, sigma: 152893024.0
it: 210, sigma: 152427616.0
it: 211, sigma: 151968288.0
it: 212, sigma: 151518240.0
it: 213, sigma: 151075264.0
it: 214, sigma: 150638080.0
it: 215, sigma: 150209024.0
it: 216, sigma: 149792240.0
it: 217, sigma: 149382496.0
it: 218, sigma: 148976640.0
it: 219, sigma: 148578560.0
it: 220, sigma: 148197536.0
it: 221, sigma: 147842720.0
it: 222, sigma: 147510160.0
it: 223, sigma: 147191680.0
it: 224, sigma: 146881984.0
it: 225, sigma: 146577056.0
it: 226, sigma: 146275232.0
it: 227, sigma: 145975136.0
it: 228, sigma: 145673824.0
it: 229, sigma: 145368480.0
it: 230, sigma: 145056640.0
it: 231, sigma: 144740128.0
it: 232, sigma: 144422176.0
it: 233, sigma: 144110000.0
it: 234, sigma: 143809504.0
it: 235, sigma: 143521072.0
it: 236, sigma: 143237328.0
it: 237, sigma: 142947488.0
it: 238, sigma: 142646368.0
it: 239, sigma: 142340512.0
it: 240, sigma: 142038336.0
it: 241, sigma: 141749216.0
it: 242, sigma: 141480608.0
it: 243, sigma: 141234656.0
it: 244, sigma: 141008528.0
it: 245, sigma: 140797216.0
it: 246, sigma: 140597088.0
it: 247, sigma: 140404480.0
it: 248, sigma: 140213712.0
it: 249, sigma: 140018144.0
it: 250, sigma: 139814064.0
it: 251, sigma: 139599664.0
it: 252, sigma: 139376656.0
it: 253, sigma: 139150064.0
it: 254, sigma: 138925632.0
it: 255, sigma: 138706368.0
it: 256, sigma: 138495200.0
it: 257, sigma: 138292528.0
it: 258, sigma: 138096832.0
it: 259, sigma: 137907616.0
it: 260, sigma: 137725760.0
it: 261, sigma: 137550496.0
it: 262, sigma: 137380352.0
it: 263, sigma: 137216448.0
it: 264, sigma: 137061104.0
it: 265, sigma: 136913120.0
it: 266, sigma: 136768992.0
it: 267, sigma: 136626784.0
it: 268, sigma: 136483360.0
it: 269, sigma: 136338192.0
it: 270, sigma: 136192064.0
it: 271, sigma: 136047568.0
it: 272, sigma: 135907488.0
it: 273, sigma: 135771488.0
it: 274, sigma: 135637088.0
it: 275, sigma: 135501216.0
it: 276, sigma: 135363360.0
it: 277, sigma: 135229280.0
it: 278, sigma: 135106624.0
it: 279, sigma: 134993568.0
it: 280, sigma: 134887888.0
it: 281, sigma: 134788640.0
it: 282, sigma: 134695424.0
it: 283, sigma: 134607328.0
it: 284, sigma: 134521296.0
it: 285, sigma: 134436672.0
it: 286, sigma: 134353808.0
it: 287, sigma: 134271648.0
it: 288, sigma: 134191000.0
it: 289, sigma: 134118120.0
it: 290, sigma: 134056576.0
it: 291, sigma: 134002304.0
it: 292, sigma: 133951536.0
it: 293, sigma: 133902736.0
it: 294, sigma: 133855120.0
it: 295, sigma: 133807992.0
it: 296, sigma: 133760568.0
it: 297, sigma: 133712056.0
it: 298, sigma: 133661912.0
it: 299, sigma: 133610336.0
it: 300, sigma: 133558640.0
init 3 lasted 300 iterations. final sigma: 133558640.0
it: 0, sigma: 2601183608832.0
it: 1, sigma: 2969698304.0
it: 2, sigma: 1210498688.0
it: 3, sigma: 1008771328.0
it: 4, sigma: 889573312.0
it: 5, sigma: 803917888.0
it: 6, sigma: 736027328.0
it: 7, sigma: 678177408.0
it: 8, sigma: 627320192.0
it: 9, sigma: 583273984.0
it: 10, sigma: 546056192.0
it: 11, sigma: 515086048.0
it: 12, sigma: 489397408.0
it: 13, sigma: 468045184.0
it: 14, sigma: 450231936.0
it: 15, sigma: 435303488.0
it: 16, sigma: 422775488.0
it: 17, sigma: 412260192.0
it: 18, sigma: 403433984.0
it: 19, sigma: 396011744.0
it: 20, sigma: 389748416.0
it: 21, sigma: 384438048.0
it: 22, sigma: 379902528.0
it: 23, sigma: 375986688.0
it: 24, sigma: 372572672.0
it: 25, sigma: 369572928.0
it: 26, sigma: 366910208.0
it: 27, sigma: 364515904.0
it: 28, sigma: 362333344.0
it: 29, sigma: 360315328.0
it: 30, sigma: 358421824.0
it: 31, sigma: 356619392.0
it: 32, sigma: 354878496.0
it: 33, sigma: 353173440.0
it: 34, sigma: 351481664.0
it: 35, sigma: 349781920.0
it: 36, sigma: 348054592.0
it: 37, sigma: 346283168.0
it: 38, sigma: 344453056.0
it: 39, sigma: 342550368.0
it: 40, sigma: 340561472.0
it: 41, sigma: 338474816.0
it: 42, sigma: 336279136.0
it: 43, sigma: 333965632.0
it: 44, sigma: 331528768.0
it: 45, sigma: 328962528.0
it: 46, sigma: 326260864.0
it: 47, sigma: 323420736.0
it: 48, sigma: 320441472.0
it: 49, sigma: 317328896.0
it: 50, sigma: 314095776.0
it: 51, sigma: 310762016.0
it: 52, sigma: 307352704.0
it: 53, sigma: 303890272.0
it: 54, sigma: 300391648.0
it: 55, sigma: 296870656.0
it: 56, sigma: 293338560.0
it: 57, sigma: 289807936.0
it: 58, sigma: 286297536.0
it: 59, sigma: 282830208.0
it: 60, sigma: 279424640.0
it: 61, sigma: 276091520.0
it: 62, sigma: 272830752.0
it: 63, sigma: 269638784.0
it: 64, sigma: 266505280.0
it: 65, sigma: 263414304.0
it: 66, sigma: 260350672.0
it: 67, sigma: 257303952.0
it: 68, sigma: 254274336.0
it: 69, sigma: 251272176.0
it: 70, sigma: 248315904.0
it: 71, sigma: 245440336.0
it: 72, sigma: 242670208.0
it: 73, sigma: 240011952.0
it: 74, sigma: 237456160.0
it: 75, sigma: 234992416.0
it: 76, sigma: 232606640.0
it: 77, sigma: 230272608.0
it: 78, sigma: 227970304.0
it: 79, sigma: 225702784.0
it: 80, sigma: 223484640.0
it: 81, sigma: 221318848.0
it: 82, sigma: 219193824.0
it: 83, sigma: 217103632.0
it: 84, sigma: 215049040.0
it: 85, sigma: 213028128.0
it: 86, sigma: 211032544.0
it: 87, sigma: 209058656.0
it: 88, sigma: 207111456.0
it: 89, sigma: 205211648.0
it: 90, sigma: 203385040.0
it: 91, sigma: 201639936.0
it: 92, sigma: 199971776.0
it: 93, sigma: 198368736.0
it: 94, sigma: 196817520.0
it: 95, sigma: 195306416.0
it: 96, sigma: 193830112.0
it: 97, sigma: 192382688.0
it: 98, sigma: 190965248.0
it: 99, sigma: 189602208.0
it: 100, sigma: 188307264.0
it: 101, sigma: 187077728.0
it: 102, sigma: 185906416.0
it: 103, sigma: 184786640.0
it: 104, sigma: 183704288.0
it: 105, sigma: 182646752.0
it: 106, sigma: 181605200.0
it: 107, sigma: 180568496.0
it: 108, sigma: 179519904.0
it: 109, sigma: 178443536.0
it: 110, sigma: 177344896.0
it: 111, sigma: 176256448.0
it: 112, sigma: 175203744.0
it: 113, sigma: 174187072.0
it: 114, sigma: 173199808.0
it: 115, sigma: 172237408.0
it: 116, sigma: 171294224.0
it: 117, sigma: 170374496.0
it: 118, sigma: 169484960.0
it: 119, sigma: 168620160.0
it: 120, sigma: 167763312.0
it: 121, sigma: 166903792.0
it: 122, sigma: 166039392.0
it: 123, sigma: 165179904.0
it: 124, sigma: 164346400.0
it: 125, sigma: 163552128.0
it: 126, sigma: 162799664.0
it: 127, sigma: 162088064.0
it: 128, sigma: 161408288.0
it: 129, sigma: 160758944.0
it: 130, sigma: 160139952.0
it: 131, sigma: 159544880.0
it: 132, sigma: 158964752.0
it: 133, sigma: 158391696.0
it: 134, sigma: 157822224.0
it: 135, sigma: 157251904.0
it: 136, sigma: 156681600.0
it: 137, sigma: 156122096.0
it: 138, sigma: 155585344.0
it: 139, sigma: 155075776.0
it: 140, sigma: 154588736.0
it: 141, sigma: 154115200.0
it: 142, sigma: 153648672.0
it: 143, sigma: 153191056.0
it: 144, sigma: 152749280.0
it: 145, sigma: 152324656.0
it: 146, sigma: 151908656.0
it: 147, sigma: 151492480.0
it: 148, sigma: 151074752.0
it: 149, sigma: 150663168.0
it: 150, sigma: 150260288.0
it: 151, sigma: 149862496.0
it: 152, sigma: 149468480.0
it: 153, sigma: 149081792.0
it: 154, sigma: 148704224.0
it: 155, sigma: 148342720.0
it: 156, sigma: 148002048.0
it: 157, sigma: 147676224.0
it: 158, sigma: 147356672.0
it: 159, sigma: 147036256.0
it: 160, sigma: 146706624.0
it: 161, sigma: 146360992.0
it: 162, sigma: 146000928.0
it: 163, sigma: 145648160.0
it: 164, sigma: 145316640.0
it: 165, sigma: 144997840.0
it: 166, sigma: 144685568.0
it: 167, sigma: 144378016.0
it: 168, sigma: 144076480.0
it: 169, sigma: 143783072.0
it: 170, sigma: 143501184.0
it: 171, sigma: 143231728.0
it: 172, sigma: 142973152.0
it: 173, sigma: 142721264.0
it: 174, sigma: 142471232.0
it: 175, sigma: 142218400.0
it: 176, sigma: 141958272.0
it: 177, sigma: 141689840.0
it: 178, sigma: 141418016.0
it: 179, sigma: 141149792.0
it: 180, sigma: 140887872.0
it: 181, sigma: 140636320.0
it: 182, sigma: 140398496.0
it: 183, sigma: 140173712.0
it: 184, sigma: 139959904.0
it: 185, sigma: 139754192.0
it: 186, sigma: 139554640.0
it: 187, sigma: 139360224.0
it: 188, sigma: 139172064.0
it: 189, sigma: 138991088.0
it: 190, sigma: 138814720.0
it: 191, sigma: 138639328.0
it: 192, sigma: 138464096.0
it: 193, sigma: 138287552.0
it: 194, sigma: 138107360.0
it: 195, sigma: 137923744.0
it: 196, sigma: 137740032.0
it: 197, sigma: 137557360.0
it: 198, sigma: 137375392.0
it: 199, sigma: 137192656.0
it: 200, sigma: 137011504.0
it: 201, sigma: 136835632.0
it: 202, sigma: 136664496.0
it: 203, sigma: 136494800.0
it: 204, sigma: 136326016.0
it: 205, sigma: 136159792.0
it: 206, sigma: 135998016.0
it: 207, sigma: 135841808.0
it: 208, sigma: 135696176.0
it: 209, sigma: 135564304.0
it: 210, sigma: 135443904.0
it: 211, sigma: 135331760.0
it: 212, sigma: 135224576.0
it: 213, sigma: 135119744.0
it: 214, sigma: 135016624.0
it: 215, sigma: 134916128.0
it: 216, sigma: 134816992.0
it: 217, sigma: 134718208.0
it: 218, sigma: 134621312.0
it: 219, sigma: 134528912.0
it: 220, sigma: 134441712.0
it: 221, sigma: 134358864.0
it: 222, sigma: 134279936.0
it: 223, sigma: 134203264.0
it: 224, sigma: 134129056.0
it: 225, sigma: 134057808.0
it: 226, sigma: 133989800.0
it: 227, sigma: 133924920.0
it: 228, sigma: 133862696.0
it: 229, sigma: 133802232.0
it: 230, sigma: 133742752.0
it: 231, sigma: 133683712.0
it: 232, sigma: 133624920.0
it: 233, sigma: 133566176.0
it: 234, sigma: 133506536.0
it: 235, sigma: 133444184.0
it: 236, sigma: 133376880.0
it: 237, sigma: 133303192.0
it: 238, sigma: 133225312.0
it: 239, sigma: 133149752.0
it: 240, sigma: 133079248.0
it: 241, sigma: 133010528.0
it: 242, sigma: 132939936.0
it: 243, sigma: 132865296.0
it: 244, sigma: 132786512.0
it: 245, sigma: 132705736.0
it: 246, sigma: 132626176.0
it: 247, sigma: 132549840.0
it: 248, sigma: 132477200.0
it: 249, sigma: 132408808.0
it: 250, sigma: 132344784.0
it: 251, sigma: 132284512.0
it: 252, sigma: 132226592.0
it: 253, sigma: 132169008.0
it: 254, sigma: 132110256.0
it: 255, sigma: 132049808.0
it: 256, sigma: 131988624.0
it: 257, sigma: 131929600.0
it: 258, sigma: 131875552.0
it: 259, sigma: 131826032.0
it: 260, sigma: 131779280.0
it: 261, sigma: 131733648.0
it: 262, sigma: 131687352.0
it: 263, sigma: 131637904.0
it: 264, sigma: 131583664.0
it: 265, sigma: 131527152.0
it: 266, sigma: 131471608.0
it: 267, sigma: 131420240.0
it: 268, sigma: 131373408.0
it: 269, sigma: 131330824.0
it: 270, sigma: 131292736.0
it: 271, sigma: 131258984.0
it: 272, sigma: 131228560.0
it: 273, sigma: 131200144.0
it: 274, sigma: 131172544.0
it: 275, sigma: 131144808.0
it: 276, sigma: 131116512.0
it: 277, sigma: 131087512.0
it: 278, sigma: 131057776.0
it: 279, sigma: 131027024.0
it: 280, sigma: 130994880.0
it: 281, sigma: 130960296.0
it: 282, sigma: 130921936.0
it: 283, sigma: 130880312.0
it: 284, sigma: 130835696.0
it: 285, sigma: 130788504.0
it: 286, sigma: 130739312.0
it: 287, sigma: 130688064.0
it: 288, sigma: 130634736.0
it: 289, sigma: 130581664.0
it: 290, sigma: 130529264.0
it: 291, sigma: 130476496.0
it: 292, sigma: 130423392.0
it: 293, sigma: 130372080.0
it: 294, sigma: 130322936.0
it: 295, sigma: 130277680.0
it: 296, sigma: 130237144.0
it: 297, sigma: 130201136.0
it: 298, sigma: 130169168.0
it: 299, sigma: 130140672.0
it: 300, sigma: 130115216.0
init 4 lasted 300 iterations. final sigma: 130115216.0
best sigma: 130114920.0
mds total runtime: 321.9916107939789 seconds
Time: 332.0156788825989, rows: 40880
