/homes/jaredcbothwell/virtualenvs/cuda/lib/python3.9/site-packages/numba/cuda/dispatcher.py:488: NumbaPerformanceWarning: Grid size 65 will likely result in GPU under-utilization due to low occupancy.
  warn(NumbaPerformanceWarning(msg))
/homes/jaredcbothwell/virtualenvs/cuda/lib/python3.9/site-packages/numba/cuda/dispatcher.py:488: NumbaPerformanceWarning: Grid size 33 will likely result in GPU under-utilization due to low occupancy.
  warn(NumbaPerformanceWarning(msg))
/homes/jaredcbothwell/virtualenvs/cuda/lib/python3.9/site-packages/numba/cuda/dispatcher.py:488: NumbaPerformanceWarning: Grid size 17 will likely result in GPU under-utilization due to low occupancy.
  warn(NumbaPerformanceWarning(msg))
/homes/jaredcbothwell/virtualenvs/cuda/lib/python3.9/site-packages/numba/cuda/dispatcher.py:488: NumbaPerformanceWarning: Grid size 9 will likely result in GPU under-utilization due to low occupancy.
  warn(NumbaPerformanceWarning(msg))
/homes/jaredcbothwell/virtualenvs/cuda/lib/python3.9/site-packages/numba/cuda/dispatcher.py:488: NumbaPerformanceWarning: Grid size 5 will likely result in GPU under-utilization due to low occupancy.
  warn(NumbaPerformanceWarning(msg))
/homes/jaredcbothwell/virtualenvs/cuda/lib/python3.9/site-packages/numba/cuda/dispatcher.py:488: NumbaPerformanceWarning: Grid size 3 will likely result in GPU under-utilization due to low occupancy.
  warn(NumbaPerformanceWarning(msg))
/homes/jaredcbothwell/virtualenvs/cuda/lib/python3.9/site-packages/numba/cuda/dispatcher.py:488: NumbaPerformanceWarning: Grid size 2 will likely result in GPU under-utilization due to low occupancy.
  warn(NumbaPerformanceWarning(msg))
/homes/jaredcbothwell/virtualenvs/cuda/lib/python3.9/site-packages/numba/cuda/dispatcher.py:488: NumbaPerformanceWarning: Grid size 1 will likely result in GPU under-utilization due to low occupancy.
  warn(NumbaPerformanceWarning(msg))
length: 15000 -----------------------------------------
read data
calculated distances
it: 0, sigma: 350068408320.0
it: 1, sigma: 271009600.0
it: 2, sigma: 156359424.0
it: 3, sigma: 139788000.0
it: 4, sigma: 131265696.0
it: 5, sigma: 126728952.0
it: 6, sigma: 124278112.0
it: 7, sigma: 122908816.0
it: 8, sigma: 122101256.0
it: 9, sigma: 121575168.0
it: 10, sigma: 121185344.0
it: 11, sigma: 120843072.0
it: 12, sigma: 120485072.0
it: 13, sigma: 120059536.0
it: 14, sigma: 119514640.0
it: 15, sigma: 118791664.0
it: 16, sigma: 117819960.0
it: 17, sigma: 116513984.0
it: 18, sigma: 114776960.0
it: 19, sigma: 112508464.0
it: 20, sigma: 109619840.0
it: 21, sigma: 106057232.0
it: 22, sigma: 101835672.0
it: 23, sigma: 97073776.0
it: 24, sigma: 91980736.0
it: 25, sigma: 86807800.0
it: 26, sigma: 81782144.0
it: 27, sigma: 77067392.0
it: 28, sigma: 72760432.0
it: 29, sigma: 68899248.0
it: 30, sigma: 65479696.0
it: 31, sigma: 62477928.0
it: 32, sigma: 59859260.0
it: 33, sigma: 57585672.0
it: 34, sigma: 55614152.0
it: 35, sigma: 53898936.0
it: 36, sigma: 52402216.0
it: 37, sigma: 51097152.0
it: 38, sigma: 49957228.0
it: 39, sigma: 48954600.0
it: 40, sigma: 48063320.0
it: 41, sigma: 47261208.0
it: 42, sigma: 46527936.0
it: 43, sigma: 45845264.0
it: 44, sigma: 45196392.0
it: 45, sigma: 44566376.0
it: 46, sigma: 43941416.0
it: 47, sigma: 43309652.0
it: 48, sigma: 42659620.0
it: 49, sigma: 41982512.0
it: 50, sigma: 41272560.0
it: 51, sigma: 40527000.0
it: 52, sigma: 39744616.0
it: 53, sigma: 38923000.0
it: 54, sigma: 38059984.0
it: 55, sigma: 37156032.0
it: 56, sigma: 36214488.0
it: 57, sigma: 35242128.0
it: 58, sigma: 34244544.0
it: 59, sigma: 33230624.0
it: 60, sigma: 32212736.0
it: 61, sigma: 31203120.0
it: 62, sigma: 30207592.0
it: 63, sigma: 29233760.0
it: 64, sigma: 28289864.0
it: 65, sigma: 27382038.0
it: 66, sigma: 26511272.0
it: 67, sigma: 25679762.0
it: 68, sigma: 24897772.0
it: 69, sigma: 24173934.0
it: 70, sigma: 23509526.0
it: 71, sigma: 22900576.0
it: 72, sigma: 22336888.0
it: 73, sigma: 21811168.0
it: 74, sigma: 21325076.0
it: 75, sigma: 20879972.0
it: 76, sigma: 20474362.0
it: 77, sigma: 20105256.0
it: 78, sigma: 19767762.0
it: 79, sigma: 19457308.0
it: 80, sigma: 19173476.0
it: 81, sigma: 18914488.0
it: 82, sigma: 18676228.0
it: 83, sigma: 18456208.0
it: 84, sigma: 18255120.0
it: 85, sigma: 18074964.0
it: 86, sigma: 17914254.0
it: 87, sigma: 17769764.0
it: 88, sigma: 17636772.0
it: 89, sigma: 17510904.0
it: 90, sigma: 17392534.0
it: 91, sigma: 17283960.0
it: 92, sigma: 17185560.0
it: 93, sigma: 17096026.0
it: 94, sigma: 17013150.0
it: 95, sigma: 16936604.0
it: 96, sigma: 16865000.0
it: 97, sigma: 16794932.0
it: 98, sigma: 16726244.0
it: 99, sigma: 16663534.0
it: 100, sigma: 16609638.0
it: 101, sigma: 16561513.0
it: 102, sigma: 16515140.0
it: 103, sigma: 16468605.0
it: 104, sigma: 16422093.0
it: 105, sigma: 16376836.0
it: 106, sigma: 16333942.0
it: 107, sigma: 16292742.0
it: 108, sigma: 16251217.0
it: 109, sigma: 16207962.0
it: 110, sigma: 16162564.0
it: 111, sigma: 16115719.0
it: 112, sigma: 16070671.0
it: 113, sigma: 16031422.0
it: 114, sigma: 15998134.0
it: 115, sigma: 15968515.0
it: 116, sigma: 15941275.0
it: 117, sigma: 15916026.0
it: 118, sigma: 15892430.0
it: 119, sigma: 15870018.0
it: 120, sigma: 15848754.0
it: 121, sigma: 15828589.0
it: 122, sigma: 15809576.0
it: 123, sigma: 15791856.0
it: 124, sigma: 15775604.0
it: 125, sigma: 15760868.0
it: 126, sigma: 15747565.0
it: 127, sigma: 15735687.0
it: 128, sigma: 15725248.0
it: 129, sigma: 15716120.0
it: 130, sigma: 15708098.0
it: 131, sigma: 15700964.0
it: 132, sigma: 15694498.0
it: 133, sigma: 15688522.0
it: 134, sigma: 15682879.0
it: 135, sigma: 15677436.0
it: 136, sigma: 15672074.0
it: 137, sigma: 15666704.0
it: 138, sigma: 15661244.0
it: 139, sigma: 15655606.0
it: 140, sigma: 15649687.0
it: 141, sigma: 15643374.0
it: 142, sigma: 15636534.0
it: 143, sigma: 15629006.0
it: 144, sigma: 15620612.0
it: 145, sigma: 15611320.0
it: 146, sigma: 15601256.0
it: 147, sigma: 15590660.0
it: 148, sigma: 15579884.0
it: 149, sigma: 15569284.0
it: 150, sigma: 15559022.0
it: 151, sigma: 15549138.0
it: 152, sigma: 15539506.0
it: 153, sigma: 15529955.0
it: 154, sigma: 15520238.0
it: 155, sigma: 15509995.0
it: 156, sigma: 15498672.0
it: 157, sigma: 15485743.0
it: 158, sigma: 15471062.0
it: 159, sigma: 15455248.0
it: 160, sigma: 15438902.0
it: 161, sigma: 15422418.0
it: 162, sigma: 15405916.0
it: 163, sigma: 15389402.0
it: 164, sigma: 15372886.0
it: 165, sigma: 15356321.0
it: 166, sigma: 15339720.0
it: 167, sigma: 15323160.0
it: 168, sigma: 15306968.0
it: 169, sigma: 15291494.0
it: 170, sigma: 15277001.0
it: 171, sigma: 15263625.0
it: 172, sigma: 15251378.0
it: 173, sigma: 15240224.0
it: 174, sigma: 15230145.0
it: 175, sigma: 15221064.0
it: 176, sigma: 15212839.0
it: 177, sigma: 15205131.0
it: 178, sigma: 15197598.0
it: 179, sigma: 15190080.0
it: 180, sigma: 15182522.0
it: 181, sigma: 15174964.0
it: 182, sigma: 15167533.0
it: 183, sigma: 15160424.0
it: 184, sigma: 15153889.0
it: 185, sigma: 15148036.0
it: 186, sigma: 15142874.0
it: 187, sigma: 15138366.0
it: 188, sigma: 15134447.0
it: 189, sigma: 15131074.0
it: 190, sigma: 15128186.0
it: 191, sigma: 15125705.0
it: 192, sigma: 15123552.0
it: 193, sigma: 15121641.0
it: 194, sigma: 15119914.0
it: 195, sigma: 15118334.0
it: 196, sigma: 15116873.0
it: 197, sigma: 15115498.0
it: 198, sigma: 15114195.0
it: 199, sigma: 15112954.0
it: 200, sigma: 15111762.0
it: 201, sigma: 15110602.0
it: 202, sigma: 15109456.0
it: 203, sigma: 15108306.0
it: 204, sigma: 15107138.0
it: 205, sigma: 15105928.0
it: 206, sigma: 15104620.0
it: 207, sigma: 15103142.0
it: 208, sigma: 15101401.0
it: 209, sigma: 15099210.0
it: 210, sigma: 15096338.0
it: 211, sigma: 15092564.0
it: 212, sigma: 15087926.0
it: 213, sigma: 15082738.0
it: 214, sigma: 15077221.0
it: 215, sigma: 15071560.0
it: 216, sigma: 15066512.0
it: 217, sigma: 15062448.0
it: 218, sigma: 15059193.0
it: 219, sigma: 15056486.0
it: 220, sigma: 15054088.0
it: 221, sigma: 15051816.0
it: 222, sigma: 15049508.0
it: 223, sigma: 15046958.0
it: 224, sigma: 15043916.0
it: 225, sigma: 15040176.0
it: 226, sigma: 15035733.0
it: 227, sigma: 15030812.0
it: 228, sigma: 15025586.0
it: 229, sigma: 15020248.0
it: 230, sigma: 15014930.0
it: 231, sigma: 15009566.0
it: 232, sigma: 15003980.0
it: 233, sigma: 14998020.0
it: 234, sigma: 14991807.0
it: 235, sigma: 14985744.0
it: 236, sigma: 14980312.0
it: 237, sigma: 14975628.0
it: 238, sigma: 14971665.0
it: 239, sigma: 14968350.0
it: 240, sigma: 14965622.0
it: 241, sigma: 14963452.0
it: 242, sigma: 14961748.0
it: 243, sigma: 14960401.0
it: 244, sigma: 14959242.0
it: 245, sigma: 14958126.0
it: 246, sigma: 14956955.0
it: 247, sigma: 14955664.0
it: 248, sigma: 14954212.0
it: 249, sigma: 14952572.0
it: 250, sigma: 14950730.0
it: 251, sigma: 14948693.0
it: 252, sigma: 14946478.0
it: 253, sigma: 14944118.0
it: 254, sigma: 14941656.0
it: 255, sigma: 14939136.0
it: 256, sigma: 14936596.0
it: 257, sigma: 14934067.0
it: 258, sigma: 14931570.0
it: 259, sigma: 14929116.0
it: 260, sigma: 14926711.0
it: 261, sigma: 14924360.0
it: 262, sigma: 14922070.0
it: 263, sigma: 14919844.0
it: 264, sigma: 14917678.0
it: 265, sigma: 14915576.0
it: 266, sigma: 14913534.0
it: 267, sigma: 14911532.0
it: 268, sigma: 14909530.0
it: 269, sigma: 14907482.0
it: 270, sigma: 14905368.0
it: 271, sigma: 14903207.0
it: 272, sigma: 14901100.0
it: 273, sigma: 14899128.0
it: 274, sigma: 14897321.0
it: 275, sigma: 14895714.0
it: 276, sigma: 14894296.0
it: 277, sigma: 14893042.0
it: 278, sigma: 14891907.0
it: 279, sigma: 14890846.0
it: 280, sigma: 14889804.0
it: 281, sigma: 14888730.0
it: 282, sigma: 14887568.0
it: 283, sigma: 14886267.0
it: 284, sigma: 14884786.0
it: 285, sigma: 14883100.0
it: 286, sigma: 14881212.0
it: 287, sigma: 14879152.0
it: 288, sigma: 14876973.0
it: 289, sigma: 14874748.0
it: 290, sigma: 14872560.0
it: 291, sigma: 14870478.0
it: 292, sigma: 14868553.0
it: 293, sigma: 14866816.0
it: 294, sigma: 14865278.0
it: 295, sigma: 14863937.0
it: 296, sigma: 14862784.0
it: 297, sigma: 14861803.0
it: 298, sigma: 14860974.0
it: 299, sigma: 14860276.0
it: 300, sigma: 14859684.0
init 1 lasted 300 iterations. final sigma: 14859684.0
it: 0, sigma: 345631555584.0
it: 1, sigma: 272759104.0
it: 2, sigma: 155364144.0
it: 3, sigma: 139025136.0
it: 4, sigma: 130835624.0
it: 5, sigma: 126523336.0
it: 6, sigma: 124205856.0
it: 7, sigma: 122951384.0
it: 8, sigma: 122219280.0
it: 9, sigma: 121748512.0
it: 10, sigma: 121426016.0
it: 11, sigma: 121176688.0
it: 12, sigma: 120953832.0
it: 13, sigma: 120722928.0
it: 14, sigma: 120452248.0
it: 15, sigma: 120108688.0
it: 16, sigma: 119653696.0
it: 17, sigma: 119038432.0
it: 18, sigma: 118201136.0
it: 19, sigma: 117065424.0
it: 20, sigma: 115541360.0
it: 21, sigma: 113529600.0
it: 22, sigma: 110927952.0
it: 23, sigma: 107656184.0
it: 24, sigma: 103690256.0
it: 25, sigma: 99080656.0
it: 26, sigma: 93978832.0
it: 27, sigma: 88603808.0
it: 28, sigma: 83189192.0
it: 29, sigma: 77931184.0
it: 30, sigma: 72961296.0
it: 31, sigma: 68352496.0
it: 32, sigma: 64138696.0
it: 33, sigma: 60313656.0
it: 34, sigma: 56846340.0
it: 35, sigma: 53696208.0
it: 36, sigma: 50825104.0
it: 37, sigma: 48197968.0
it: 38, sigma: 45785172.0
it: 39, sigma: 43562640.0
it: 40, sigma: 41506248.0
it: 41, sigma: 39593544.0
it: 42, sigma: 37807000.0
it: 43, sigma: 36130812.0
it: 44, sigma: 34547820.0
it: 45, sigma: 33046108.0
it: 46, sigma: 31626128.0
it: 47, sigma: 30293952.0
it: 48, sigma: 29050732.0
it: 49, sigma: 27893228.0
it: 50, sigma: 26814512.0
it: 51, sigma: 25810668.0
it: 52, sigma: 24881760.0
it: 53, sigma: 24023358.0
it: 54, sigma: 23229410.0
it: 55, sigma: 22500818.0
it: 56, sigma: 21834196.0
it: 57, sigma: 21222556.0
it: 58, sigma: 20668202.0
it: 59, sigma: 20175584.0
it: 60, sigma: 19740140.0
it: 61, sigma: 19352768.0
it: 62, sigma: 19004762.0
it: 63, sigma: 18690684.0
it: 64, sigma: 18405736.0
it: 65, sigma: 18146496.0
it: 66, sigma: 17908608.0
it: 67, sigma: 17687840.0
it: 68, sigma: 17482082.0
it: 69, sigma: 17288972.0
it: 70, sigma: 17108366.0
it: 71, sigma: 16944628.0
it: 72, sigma: 16801878.0
it: 73, sigma: 16678598.0
it: 74, sigma: 16571273.0
it: 75, sigma: 16477300.0
it: 76, sigma: 16393771.0
it: 77, sigma: 16317434.0
it: 78, sigma: 16245000.0
it: 79, sigma: 16173267.0
it: 80, sigma: 16101295.0
it: 81, sigma: 16029410.0
it: 82, sigma: 15958456.0
it: 83, sigma: 15889744.0
it: 84, sigma: 15824898.0
it: 85, sigma: 15765566.0
it: 86, sigma: 15712519.0
it: 87, sigma: 15665979.0
it: 88, sigma: 15625054.0
it: 89, sigma: 15588536.0
it: 90, sigma: 15555458.0
it: 91, sigma: 15524817.0
it: 92, sigma: 15495569.0
it: 93, sigma: 15466317.0
it: 94, sigma: 15436463.0
it: 95, sigma: 15407652.0
it: 96, sigma: 15382688.0
it: 97, sigma: 15361634.0
it: 98, sigma: 15342362.0
it: 99, sigma: 15323688.0
it: 100, sigma: 15305378.0
it: 101, sigma: 15287455.0
it: 102, sigma: 15269570.0
it: 103, sigma: 15250791.0
it: 104, sigma: 15231477.0
it: 105, sigma: 15212956.0
it: 106, sigma: 15195451.0
it: 107, sigma: 15178803.0
it: 108, sigma: 15163034.0
it: 109, sigma: 15148318.0
it: 110, sigma: 15134716.0
it: 111, sigma: 15122089.0
it: 112, sigma: 15110405.0
it: 113, sigma: 15099540.0
it: 114, sigma: 15089454.0
it: 115, sigma: 15080112.0
it: 116, sigma: 15071383.0
it: 117, sigma: 15063103.0
it: 118, sigma: 15055102.0
it: 119, sigma: 15047232.0
it: 120, sigma: 15039343.0
it: 121, sigma: 15031209.0
it: 122, sigma: 15022554.0
it: 123, sigma: 15013086.0
it: 124, sigma: 15002734.0
it: 125, sigma: 14991646.0
it: 126, sigma: 14979940.0
it: 127, sigma: 14967792.0
it: 128, sigma: 14955595.0
it: 129, sigma: 14943736.0
it: 130, sigma: 14932356.0
it: 131, sigma: 14921604.0
it: 132, sigma: 14911608.0
it: 133, sigma: 14902415.0
it: 134, sigma: 14893990.0
it: 135, sigma: 14886274.0
it: 136, sigma: 14879153.0
it: 137, sigma: 14872499.0
it: 138, sigma: 14866184.0
it: 139, sigma: 14860049.0
it: 140, sigma: 14853909.0
it: 141, sigma: 14847604.0
it: 142, sigma: 14840990.0
it: 143, sigma: 14834062.0
it: 144, sigma: 14826750.0
it: 145, sigma: 14818788.0
it: 146, sigma: 14810159.0
it: 147, sigma: 14801548.0
it: 148, sigma: 14793515.0
it: 149, sigma: 14786306.0
it: 150, sigma: 14779942.0
it: 151, sigma: 14774284.0
it: 152, sigma: 14769238.0
it: 153, sigma: 14764674.0
it: 154, sigma: 14760506.0
it: 155, sigma: 14756680.0
it: 156, sigma: 14753032.0
it: 157, sigma: 14749312.0
it: 158, sigma: 14745190.0
it: 159, sigma: 14740390.0
it: 160, sigma: 14734670.0
it: 161, sigma: 14728204.0
it: 162, sigma: 14721346.0
it: 163, sigma: 14714506.0
it: 164, sigma: 14708224.0
it: 165, sigma: 14702917.0
it: 166, sigma: 14698530.0
it: 167, sigma: 14694879.0
it: 168, sigma: 14691804.0
it: 169, sigma: 14689170.0
it: 170, sigma: 14686884.0
it: 171, sigma: 14684857.0
it: 172, sigma: 14683017.0
it: 173, sigma: 14681308.0
it: 174, sigma: 14679686.0
it: 175, sigma: 14678082.0
it: 176, sigma: 14676372.0
it: 177, sigma: 14674366.0
it: 178, sigma: 14671815.0
it: 179, sigma: 14668619.0
it: 180, sigma: 14664957.0
it: 181, sigma: 14661116.0
it: 182, sigma: 14657346.0
it: 183, sigma: 14653894.0
it: 184, sigma: 14650901.0
it: 185, sigma: 14648376.0
it: 186, sigma: 14646298.0
it: 187, sigma: 14644604.0
it: 188, sigma: 14643240.0
it: 189, sigma: 14642164.0
it: 190, sigma: 14641315.0
it: 191, sigma: 14640642.0
it: 192, sigma: 14640096.0
it: 193, sigma: 14639642.0
it: 194, sigma: 14639248.0
it: 195, sigma: 14638893.0
it: 196, sigma: 14638558.0
it: 197, sigma: 14638228.0
it: 198, sigma: 14637892.0
it: 199, sigma: 14637536.0
it: 200, sigma: 14637146.0
it: 201, sigma: 14636710.0
it: 202, sigma: 14636212.0
it: 203, sigma: 14635636.0
it: 204, sigma: 14634962.0
it: 205, sigma: 14634170.0
it: 206, sigma: 14633234.0
it: 207, sigma: 14632128.0
it: 208, sigma: 14630821.0
it: 209, sigma: 14629289.0
it: 210, sigma: 14627514.0
it: 211, sigma: 14625490.0
it: 212, sigma: 14623224.0
it: 213, sigma: 14620739.0
it: 214, sigma: 14618074.0
it: 215, sigma: 14615280.0
it: 216, sigma: 14612413.0
it: 217, sigma: 14609526.0
it: 218, sigma: 14606665.0
it: 219, sigma: 14603877.0
it: 220, sigma: 14601195.0
it: 221, sigma: 14598649.0
it: 222, sigma: 14596266.0
it: 223, sigma: 14594066.0
it: 224, sigma: 14592058.0
it: 225, sigma: 14590248.0
it: 226, sigma: 14588635.0
it: 227, sigma: 14587209.0
it: 228, sigma: 14585959.0
it: 229, sigma: 14584870.0
it: 230, sigma: 14583928.0
it: 231, sigma: 14583120.0
it: 232, sigma: 14582428.0
it: 233, sigma: 14581839.0
it: 234, sigma: 14581338.0
it: 235, sigma: 14580915.0
it: 236, sigma: 14580558.0
it: 237, sigma: 14580258.0
it: 238, sigma: 14580004.0
it: 239, sigma: 14579792.0
it: 240, sigma: 14579613.0
it: 241, sigma: 14579462.0
it: 242, sigma: 14579334.0
it: 243, sigma: 14579224.0
it: 244, sigma: 14579131.0
it: 245, sigma: 14579048.0
it: 246, sigma: 14578978.0
it: 247, sigma: 14578914.0
it: 248, sigma: 14578857.0
it: 249, sigma: 14578804.0
it: 250, sigma: 14578757.0
it: 251, sigma: 14578713.0
it: 252, sigma: 14578670.0
it: 253, sigma: 14578630.0
it: 254, sigma: 14578590.0
it: 255, sigma: 14578550.0
it: 256, sigma: 14578510.0
it: 257, sigma: 14578470.0
it: 258, sigma: 14578428.0
it: 259, sigma: 14578386.0
it: 260, sigma: 14578342.0
it: 261, sigma: 14578295.0
it: 262, sigma: 14578246.0
it: 263, sigma: 14578194.0
it: 264, sigma: 14578137.0
it: 265, sigma: 14578074.0
it: 266, sigma: 14578005.0
it: 267, sigma: 14577928.0
it: 268, sigma: 14577842.0
it: 269, sigma: 14577744.0
it: 270, sigma: 14577636.0
it: 271, sigma: 14577514.0
it: 272, sigma: 14577374.0
it: 273, sigma: 14577216.0
it: 274, sigma: 14577032.0
it: 275, sigma: 14576816.0
it: 276, sigma: 14576556.0
it: 277, sigma: 14576242.0
it: 278, sigma: 14575868.0
it: 279, sigma: 14575414.0
it: 280, sigma: 14574852.0
it: 281, sigma: 14574145.0
it: 282, sigma: 14573238.0
it: 283, sigma: 14572116.0
it: 284, sigma: 14570810.0
it: 285, sigma: 14569428.0
it: 286, sigma: 14568063.0
it: 287, sigma: 14566762.0
it: 288, sigma: 14565581.0
it: 289, sigma: 14564519.0
it: 290, sigma: 14563566.0
it: 291, sigma: 14562686.0
it: 292, sigma: 14561830.0
it: 293, sigma: 14560952.0
it: 294, sigma: 14560014.0
it: 295, sigma: 14558942.0
it: 296, sigma: 14557620.0
it: 297, sigma: 14555913.0
it: 298, sigma: 14553641.0
it: 299, sigma: 14550836.0
it: 300, sigma: 14547798.0
init 2 lasted 300 iterations. final sigma: 14547798.0
it: 0, sigma: 351654412288.0
it: 1, sigma: 270192576.0
it: 2, sigma: 154607360.0
it: 3, sigma: 138686480.0
it: 4, sigma: 130349920.0
it: 5, sigma: 126239304.0
it: 6, sigma: 124117864.0
it: 7, sigma: 122906392.0
it: 8, sigma: 122162176.0
it: 9, sigma: 121675360.0
it: 10, sigma: 121328672.0
it: 11, sigma: 121041456.0
it: 12, sigma: 120760640.0
it: 13, sigma: 120445472.0
it: 14, sigma: 120056712.0
it: 15, sigma: 119550176.0
it: 16, sigma: 118875360.0
it: 17, sigma: 117969032.0
it: 18, sigma: 116756128.0
it: 19, sigma: 115149432.0
it: 20, sigma: 113053168.0
it: 21, sigma: 110380224.0
it: 22, sigma: 107080160.0
it: 23, sigma: 103167040.0
it: 24, sigma: 98741792.0
it: 25, sigma: 93992808.0
it: 26, sigma: 89152528.0
it: 27, sigma: 84420160.0
it: 28, sigma: 79921016.0
it: 29, sigma: 75720656.0
it: 30, sigma: 71858080.0
it: 31, sigma: 68357152.0
it: 32, sigma: 65216152.0
it: 33, sigma: 62402532.0
it: 34, sigma: 59880784.0
it: 35, sigma: 57617312.0
it: 36, sigma: 55581416.0
it: 37, sigma: 53744384.0
it: 38, sigma: 52079196.0
it: 39, sigma: 50561148.0
it: 40, sigma: 49164616.0
it: 41, sigma: 47864632.0
it: 42, sigma: 46636960.0
it: 43, sigma: 45461032.0
it: 44, sigma: 44320600.0
it: 45, sigma: 43202632.0
it: 46, sigma: 42097328.0
it: 47, sigma: 40998568.0
it: 48, sigma: 39904324.0
it: 49, sigma: 38812324.0
it: 50, sigma: 37718928.0
it: 51, sigma: 36623776.0
it: 52, sigma: 35526176.0
it: 53, sigma: 34425200.0
it: 54, sigma: 33321764.0
it: 55, sigma: 32220596.0
it: 56, sigma: 31134168.0
it: 57, sigma: 30074620.0
it: 58, sigma: 29046910.0
it: 59, sigma: 28051534.0
it: 60, sigma: 27094036.0
it: 61, sigma: 26182028.0
it: 62, sigma: 25318940.0
it: 63, sigma: 24507416.0
it: 64, sigma: 23753036.0
it: 65, sigma: 23060996.0
it: 66, sigma: 22429898.0
it: 67, sigma: 21858340.0
it: 68, sigma: 21340984.0
it: 69, sigma: 20873238.0
it: 70, sigma: 20448948.0
it: 71, sigma: 20058692.0
it: 72, sigma: 19694804.0
it: 73, sigma: 19353980.0
it: 74, sigma: 19036296.0
it: 75, sigma: 18746680.0
it: 76, sigma: 18488472.0
it: 77, sigma: 18257256.0
it: 78, sigma: 18045376.0
it: 79, sigma: 17848908.0
it: 80, sigma: 17665578.0
it: 81, sigma: 17493080.0
it: 82, sigma: 17331602.0
it: 83, sigma: 17183404.0
it: 84, sigma: 17047866.0
it: 85, sigma: 16923440.0
it: 86, sigma: 16809868.0
it: 87, sigma: 16708602.0
it: 88, sigma: 16618154.0
it: 89, sigma: 16532559.0
it: 90, sigma: 16448867.0
it: 91, sigma: 16369979.0
it: 92, sigma: 16300142.0
it: 93, sigma: 16239270.0
it: 94, sigma: 16184193.0
it: 95, sigma: 16130882.0
it: 96, sigma: 16078155.0
it: 97, sigma: 16027932.0
it: 98, sigma: 15981180.0
it: 99, sigma: 15935618.0
it: 100, sigma: 15889024.0
it: 101, sigma: 15840059.0
it: 102, sigma: 15788776.0
it: 103, sigma: 15738806.0
it: 104, sigma: 15694834.0
it: 105, sigma: 15657848.0
it: 106, sigma: 15625294.0
it: 107, sigma: 15594726.0
it: 108, sigma: 15565123.0
it: 109, sigma: 15536470.0
it: 110, sigma: 15508880.0
it: 111, sigma: 15482264.0
it: 112, sigma: 15456928.0
it: 113, sigma: 15433644.0
it: 114, sigma: 15413038.0
it: 115, sigma: 15395208.0
it: 116, sigma: 15379744.0
it: 117, sigma: 15366179.0
it: 118, sigma: 15354132.0
it: 119, sigma: 15343350.0
it: 120, sigma: 15333637.0
it: 121, sigma: 15324816.0
it: 122, sigma: 15316724.0
it: 123, sigma: 15309177.0
it: 124, sigma: 15302041.0
it: 125, sigma: 15295196.0
it: 126, sigma: 15288554.0
it: 127, sigma: 15282080.0
it: 128, sigma: 15275772.0
it: 129, sigma: 15269655.0
it: 130, sigma: 15263744.0
it: 131, sigma: 15258010.0
it: 132, sigma: 15252400.0
it: 133, sigma: 15246710.0
it: 134, sigma: 15240762.0
it: 135, sigma: 15234574.0
it: 136, sigma: 15228149.0
it: 137, sigma: 15221386.0
it: 138, sigma: 15214086.0
it: 139, sigma: 15205905.0
it: 140, sigma: 15196774.0
it: 141, sigma: 15186930.0
it: 142, sigma: 15176546.0
it: 143, sigma: 15165848.0
it: 144, sigma: 15154954.0
it: 145, sigma: 15143759.0
it: 146, sigma: 15132102.0
it: 147, sigma: 15119923.0
it: 148, sigma: 15107348.0
it: 149, sigma: 15094460.0
it: 150, sigma: 15081216.0
it: 151, sigma: 15067368.0
it: 152, sigma: 15052828.0
it: 153, sigma: 15037872.0
it: 154, sigma: 15022651.0
it: 155, sigma: 15007417.0
it: 156, sigma: 14992345.0
it: 157, sigma: 14977626.0
it: 158, sigma: 14963434.0
it: 159, sigma: 14949996.0
it: 160, sigma: 14937510.0
it: 161, sigma: 14926076.0
it: 162, sigma: 14915711.0
it: 163, sigma: 14906362.0
it: 164, sigma: 14897982.0
it: 165, sigma: 14890414.0
it: 166, sigma: 14883468.0
it: 167, sigma: 14876880.0
it: 168, sigma: 14870358.0
it: 169, sigma: 14863729.0
it: 170, sigma: 14856972.0
it: 171, sigma: 14850222.0
it: 172, sigma: 14843680.0
it: 173, sigma: 14837632.0
it: 174, sigma: 14832234.0
it: 175, sigma: 14827520.0
it: 176, sigma: 14823450.0
it: 177, sigma: 14819934.0
it: 178, sigma: 14816886.0
it: 179, sigma: 14814220.0
it: 180, sigma: 14811840.0
it: 181, sigma: 14809653.0
it: 182, sigma: 14807560.0
it: 183, sigma: 14805466.0
it: 184, sigma: 14803291.0
it: 185, sigma: 14800948.0
it: 186, sigma: 14798387.0
it: 187, sigma: 14795598.0
it: 188, sigma: 14792583.0
it: 189, sigma: 14789353.0
it: 190, sigma: 14786002.0
it: 191, sigma: 14782678.0
it: 192, sigma: 14779379.0
it: 193, sigma: 14776214.0
it: 194, sigma: 14773257.0
it: 195, sigma: 14770588.0
it: 196, sigma: 14768352.0
it: 197, sigma: 14766586.0
it: 198, sigma: 14765240.0
it: 199, sigma: 14764220.0
it: 200, sigma: 14763415.0
it: 201, sigma: 14762756.0
it: 202, sigma: 14762204.0
it: 203, sigma: 14761728.0
it: 204, sigma: 14761304.0
it: 205, sigma: 14760914.0
it: 206, sigma: 14760546.0
it: 207, sigma: 14760192.0
it: 208, sigma: 14759840.0
it: 209, sigma: 14759480.0
it: 210, sigma: 14759103.0
it: 211, sigma: 14758684.0
it: 212, sigma: 14758190.0
it: 213, sigma: 14757568.0
it: 214, sigma: 14756756.0
it: 215, sigma: 14755705.0
it: 216, sigma: 14754330.0
it: 217, sigma: 14752582.0
it: 218, sigma: 14750400.0
it: 219, sigma: 14747876.0
it: 220, sigma: 14745129.0
it: 221, sigma: 14742311.0
it: 222, sigma: 14739505.0
it: 223, sigma: 14736835.0
it: 224, sigma: 14734350.0
it: 225, sigma: 14732038.0
it: 226, sigma: 14729896.0
it: 227, sigma: 14727900.0
it: 228, sigma: 14726012.0
it: 229, sigma: 14724183.0
it: 230, sigma: 14722370.0
it: 231, sigma: 14720524.0
it: 232, sigma: 14718609.0
it: 233, sigma: 14716606.0
it: 234, sigma: 14714509.0
it: 235, sigma: 14712330.0
it: 236, sigma: 14710090.0
it: 237, sigma: 14707824.0
it: 238, sigma: 14705569.0
it: 239, sigma: 14703362.0
it: 240, sigma: 14701220.0
it: 241, sigma: 14699152.0
it: 242, sigma: 14697144.0
it: 243, sigma: 14695180.0
it: 244, sigma: 14693261.0
it: 245, sigma: 14691376.0
it: 246, sigma: 14689525.0
it: 247, sigma: 14687734.0
it: 248, sigma: 14686000.0
it: 249, sigma: 14684330.0
it: 250, sigma: 14682746.0
it: 251, sigma: 14681253.0
it: 252, sigma: 14679860.0
it: 253, sigma: 14678569.0
it: 254, sigma: 14677378.0
it: 255, sigma: 14676291.0
it: 256, sigma: 14675307.0
it: 257, sigma: 14674408.0
it: 258, sigma: 14673578.0
it: 259, sigma: 14672817.0
it: 260, sigma: 14672110.0
it: 261, sigma: 14671458.0
it: 262, sigma: 14670845.0
it: 263, sigma: 14670248.0
it: 264, sigma: 14669658.0
it: 265, sigma: 14669051.0
it: 266, sigma: 14668394.0
it: 267, sigma: 14667640.0
it: 268, sigma: 14666737.0
it: 269, sigma: 14665662.0
it: 270, sigma: 14664444.0
it: 271, sigma: 14663185.0
it: 272, sigma: 14661973.0
it: 273, sigma: 14660859.0
it: 274, sigma: 14659898.0
it: 275, sigma: 14659085.0
it: 276, sigma: 14658403.0
it: 277, sigma: 14657806.0
it: 278, sigma: 14657233.0
it: 279, sigma: 14656615.0
it: 280, sigma: 14655861.0
it: 281, sigma: 14654852.0
it: 282, sigma: 14653539.0
it: 283, sigma: 14651931.0
it: 284, sigma: 14650114.0
it: 285, sigma: 14648195.0
it: 286, sigma: 14646275.0
it: 287, sigma: 14644504.0
it: 288, sigma: 14642960.0
it: 289, sigma: 14641647.0
it: 290, sigma: 14640537.0
it: 291, sigma: 14639612.0
it: 292, sigma: 14638844.0
it: 293, sigma: 14638202.0
it: 294, sigma: 14637662.0
it: 295, sigma: 14637226.0
it: 296, sigma: 14636890.0
it: 297, sigma: 14636632.0
it: 298, sigma: 14636440.0
it: 299, sigma: 14636302.0
it: 300, sigma: 14636202.0
init 3 lasted 300 iterations. final sigma: 14636202.0
it: 0, sigma: 349515972608.0
it: 1, sigma: 268227296.0
it: 2, sigma: 154557568.0
it: 3, sigma: 138534944.0
it: 4, sigma: 130310328.0
it: 5, sigma: 126178080.0
it: 6, sigma: 123941728.0
it: 7, sigma: 122578160.0
it: 8, sigma: 121652920.0
it: 9, sigma: 120932320.0
it: 10, sigma: 120264736.0
it: 11, sigma: 119541720.0
it: 12, sigma: 118675488.0
it: 13, sigma: 117579184.0
it: 14, sigma: 116161824.0
it: 15, sigma: 114333792.0
it: 16, sigma: 112008304.0
it: 17, sigma: 109117432.0
it: 18, sigma: 105633176.0
it: 19, sigma: 101594576.0
it: 20, sigma: 97126480.0
it: 21, sigma: 92418640.0
it: 22, sigma: 87667576.0
it: 23, sigma: 83040832.0
it: 24, sigma: 78663424.0
it: 25, sigma: 74615616.0
it: 26, sigma: 70934976.0
it: 27, sigma: 67628312.0
it: 28, sigma: 64678100.0
it: 29, sigma: 62061224.0
it: 30, sigma: 59757032.0
it: 31, sigma: 57746668.0
it: 32, sigma: 56005296.0
it: 33, sigma: 54501872.0
it: 34, sigma: 53206108.0
it: 35, sigma: 52089720.0
it: 36, sigma: 51127488.0
it: 37, sigma: 50297824.0
it: 38, sigma: 49582508.0
it: 39, sigma: 48965680.0
it: 40, sigma: 48433144.0
it: 41, sigma: 47972488.0
it: 42, sigma: 47572880.0
it: 43, sigma: 47224976.0
it: 44, sigma: 46920712.0
it: 45, sigma: 46653384.0
it: 46, sigma: 46417232.0
it: 47, sigma: 46207536.0
it: 48, sigma: 46020272.0
it: 49, sigma: 45852160.0
it: 50, sigma: 45700512.0
it: 51, sigma: 45563124.0
it: 52, sigma: 45438368.0
it: 53, sigma: 45324940.0
it: 54, sigma: 45221736.0
it: 55, sigma: 45127896.0
it: 56, sigma: 45042268.0
it: 57, sigma: 44963720.0
it: 58, sigma: 44891176.0
it: 59, sigma: 44823672.0
it: 60, sigma: 44760248.0
it: 61, sigma: 44700056.0
it: 62, sigma: 44642400.0
it: 63, sigma: 44586532.0
it: 64, sigma: 44531764.0
it: 65, sigma: 44477416.0
it: 66, sigma: 44422904.0
it: 67, sigma: 44367768.0
it: 68, sigma: 44311424.0
it: 69, sigma: 44253208.0
it: 70, sigma: 44192560.0
it: 71, sigma: 44128952.0
it: 72, sigma: 44061752.0
it: 73, sigma: 43990344.0
it: 74, sigma: 43914304.0
it: 75, sigma: 43832936.0
it: 76, sigma: 43745408.0
it: 77, sigma: 43650740.0
it: 78, sigma: 43547756.0
it: 79, sigma: 43435504.0
it: 80, sigma: 43313000.0
it: 81, sigma: 43178968.0
it: 82, sigma: 43032280.0
it: 83, sigma: 42871992.0
it: 84, sigma: 42697112.0
it: 85, sigma: 42506232.0
it: 86, sigma: 42297944.0
it: 87, sigma: 42071024.0
it: 88, sigma: 41823276.0
it: 89, sigma: 41551732.0
it: 90, sigma: 41253680.0
it: 91, sigma: 40927588.0
it: 92, sigma: 40573352.0
it: 93, sigma: 40190508.0
it: 94, sigma: 39778676.0
it: 95, sigma: 39336968.0
it: 96, sigma: 38862016.0
it: 97, sigma: 38350024.0
it: 98, sigma: 37799216.0
it: 99, sigma: 37211176.0
it: 100, sigma: 36585760.0
it: 101, sigma: 35925084.0
it: 102, sigma: 35234224.0
it: 103, sigma: 34519352.0
it: 104, sigma: 33784008.0
it: 105, sigma: 33032544.0
it: 106, sigma: 32267432.0
it: 107, sigma: 31490016.0
it: 108, sigma: 30703008.0
it: 109, sigma: 29906628.0
it: 110, sigma: 29102008.0
it: 111, sigma: 28297104.0
it: 112, sigma: 27503926.0
it: 113, sigma: 26731144.0
it: 114, sigma: 25988104.0
it: 115, sigma: 25285562.0
it: 116, sigma: 24634472.0
it: 117, sigma: 24037888.0
it: 118, sigma: 23487182.0
it: 119, sigma: 22969436.0
it: 120, sigma: 22477168.0
it: 121, sigma: 22012248.0
it: 122, sigma: 21577444.0
it: 123, sigma: 21172060.0
it: 124, sigma: 20793792.0
it: 125, sigma: 20437436.0
it: 126, sigma: 20103184.0
it: 127, sigma: 19797152.0
it: 128, sigma: 19519486.0
it: 129, sigma: 19264900.0
it: 130, sigma: 19026390.0
it: 131, sigma: 18801644.0
it: 132, sigma: 18594454.0
it: 133, sigma: 18407488.0
it: 134, sigma: 18242254.0
it: 135, sigma: 18097080.0
it: 136, sigma: 17968786.0
it: 137, sigma: 17851764.0
it: 138, sigma: 17741766.0
it: 139, sigma: 17636324.0
it: 140, sigma: 17533786.0
it: 141, sigma: 17431092.0
it: 142, sigma: 17327468.0
it: 143, sigma: 17226336.0
it: 144, sigma: 17130844.0
it: 145, sigma: 17040136.0
it: 146, sigma: 16952710.0
it: 147, sigma: 16871840.0
it: 148, sigma: 16802752.0
it: 149, sigma: 16743740.0
it: 150, sigma: 16688938.0
it: 151, sigma: 16634758.0
it: 152, sigma: 16582442.0
it: 153, sigma: 16533727.0
it: 154, sigma: 16487810.0
it: 155, sigma: 16443102.0
it: 156, sigma: 16398827.0
it: 157, sigma: 16354421.0
it: 158, sigma: 16309307.0
it: 159, sigma: 16263628.0
it: 160, sigma: 16217647.0
it: 161, sigma: 16170857.0
it: 162, sigma: 16122538.0
it: 163, sigma: 16071824.0
it: 164, sigma: 16022074.0
it: 165, sigma: 15979720.0
it: 166, sigma: 15946265.0
it: 167, sigma: 15919458.0
it: 168, sigma: 15896604.0
it: 169, sigma: 15875954.0
it: 170, sigma: 15856406.0
it: 171, sigma: 15837235.0
it: 172, sigma: 15818294.0
it: 173, sigma: 15799788.0
it: 174, sigma: 15781978.0
it: 175, sigma: 15765256.0
it: 176, sigma: 15749872.0
it: 177, sigma: 15735763.0
it: 178, sigma: 15722708.0
it: 179, sigma: 15710384.0
it: 180, sigma: 15698247.0
it: 181, sigma: 15685968.0
it: 182, sigma: 15673666.0
it: 183, sigma: 15661511.0
it: 184, sigma: 15649325.0
it: 185, sigma: 15636998.0
it: 186, sigma: 15624522.0
it: 187, sigma: 15611920.0
it: 188, sigma: 15599290.0
it: 189, sigma: 15586725.0
it: 190, sigma: 15574236.0
it: 191, sigma: 15561822.0
it: 192, sigma: 15549356.0
it: 193, sigma: 15536778.0
it: 194, sigma: 15524142.0
it: 195, sigma: 15511427.0
it: 196, sigma: 15498724.0
it: 197, sigma: 15486208.0
it: 198, sigma: 15473959.0
it: 199, sigma: 15461978.0
it: 200, sigma: 15450127.0
it: 201, sigma: 15438180.0
it: 202, sigma: 15425990.0
it: 203, sigma: 15413591.0
it: 204, sigma: 15401255.0
it: 205, sigma: 15389498.0
it: 206, sigma: 15378534.0
it: 207, sigma: 15368291.0
it: 208, sigma: 15358534.0
it: 209, sigma: 15348935.0
it: 210, sigma: 15339077.0
it: 211, sigma: 15328533.0
it: 212, sigma: 15316881.0
it: 213, sigma: 15303714.0
it: 214, sigma: 15289008.0
it: 215, sigma: 15273710.0
it: 216, sigma: 15258600.0
it: 217, sigma: 15244127.0
it: 218, sigma: 15230366.0
it: 219, sigma: 15217496.0
it: 220, sigma: 15205726.0
it: 221, sigma: 15195074.0
it: 222, sigma: 15185436.0
it: 223, sigma: 15176608.0
it: 224, sigma: 15168283.0
it: 225, sigma: 15160165.0
it: 226, sigma: 15151946.0
it: 227, sigma: 15143575.0
it: 228, sigma: 15135154.0
it: 229, sigma: 15126922.0
it: 230, sigma: 15119230.0
it: 231, sigma: 15112380.0
it: 232, sigma: 15106450.0
it: 233, sigma: 15101426.0
it: 234, sigma: 15097217.0
it: 235, sigma: 15093664.0
it: 236, sigma: 15090640.0
it: 237, sigma: 15088044.0
it: 238, sigma: 15085776.0
it: 239, sigma: 15083746.0
it: 240, sigma: 15081878.0
it: 241, sigma: 15080129.0
it: 242, sigma: 15078465.0
it: 243, sigma: 15076860.0
it: 244, sigma: 15075296.0
it: 245, sigma: 15073761.0
it: 246, sigma: 15072247.0
it: 247, sigma: 15070752.0
it: 248, sigma: 15069246.0
it: 249, sigma: 15067715.0
it: 250, sigma: 15066190.0
it: 251, sigma: 15064682.0
it: 252, sigma: 15063199.0
it: 253, sigma: 15061740.0
it: 254, sigma: 15060305.0
it: 255, sigma: 15058895.0
it: 256, sigma: 15057505.0
it: 257, sigma: 15056126.0
it: 258, sigma: 15054740.0
it: 259, sigma: 15053338.0
it: 260, sigma: 15051892.0
it: 261, sigma: 15050346.0
it: 262, sigma: 15048618.0
it: 263, sigma: 15046588.0
it: 264, sigma: 15044018.0
it: 265, sigma: 15040533.0
it: 266, sigma: 15035681.0
it: 267, sigma: 15029302.0
it: 268, sigma: 15021802.0
it: 269, sigma: 15013712.0
it: 270, sigma: 15005390.0
it: 271, sigma: 14997828.0
it: 272, sigma: 14991692.0
it: 273, sigma: 14986907.0
it: 274, sigma: 14983231.0
it: 275, sigma: 14980399.0
it: 276, sigma: 14978201.0
it: 277, sigma: 14976492.0
it: 278, sigma: 14975146.0
it: 279, sigma: 14974052.0
it: 280, sigma: 14973126.0
it: 281, sigma: 14972298.0
it: 282, sigma: 14971511.0
it: 283, sigma: 14970720.0
it: 284, sigma: 14969888.0
it: 285, sigma: 14968980.0
it: 286, sigma: 14967967.0
it: 287, sigma: 14966816.0
it: 288, sigma: 14965488.0
it: 289, sigma: 14963950.0
it: 290, sigma: 14962155.0
it: 291, sigma: 14960062.0
it: 292, sigma: 14957628.0
it: 293, sigma: 14954818.0
it: 294, sigma: 14951606.0
it: 295, sigma: 14947980.0
it: 296, sigma: 14943952.0
it: 297, sigma: 14939545.0
it: 298, sigma: 14934806.0
it: 299, sigma: 14929795.0
it: 300, sigma: 14924578.0
init 4 lasted 300 iterations. final sigma: 14924578.0
best sigma: 14547798.0
mds total runtime: 46.1657596899895 seconds
Time: 48.599207639694214
